
[2026-02-25T00:32:51] - [info] => 
    Running job  "Actualisation des statuts des newsletter" (id=nxsNewsletterRefreshLoop) ...
[2026-02-25T00:32:51] - [info] => 
    calling job method refreshNewsletterLoop ...
[2026-02-25T00:32:51] - [info] => 
    Running job  "Actualisation des statuts des newsletter" (id=nxsNewsletterRefreshLoop) ...
[2026-02-25T00:32:51] - [info] => 
    calling job method refreshNewsletterLoop ...
[2026-02-25T00:32:51] - [info] => 
    Running job  "Daily Interview Report - World" (id=dailyInterviewReportWorld) ...
[2026-02-25T00:32:51] - [info] => 
    calling job method sendDailyInterviewReportWorld ...
[2026-02-25T00:32:51] - [info] => 
    Running job  "Daily Interview Report - World" (id=dailyInterviewReportWorld) ...
[2026-02-25T00:32:51] - [info] => 
    calling job method sendDailyInterviewReportWorld ...
[2026-02-25T00:32:52] - [info] => 
    Daily interview report sent for world - 0/22 met goal
[2026-02-25T00:32:52] - [info] => 
    Daily interview report sent for world - 0/22 met goal
[2026-02-25T00:32:52] - [info] => 
    Running job  "Actualisation des statuts des newsletter" (id=nxsNewsletterRefreshLoop) ...
[2026-02-25T00:32:52] - [info] => 
    calling job method refreshNewsletterLoop ...
[2026-02-25T00:32:52] - [info] => 
    Running job  "Actualisation des statuts des newsletter" (id=nxsNewsletterRefreshLoop) ...
[2026-02-25T00:32:52] - [info] => 
    Running job  "Actualisation des statuts des newsletter" (id=nxsNewsletterRefreshLoop) ...
[2026-02-25T00:32:52] - [info] => 
    Running job  "Actualisation des statuts des newsletter" (id=nxsNewsletterRefreshLoop) ...
[2026-02-25T00:32:52] - [info] => 
    Running job  "Actualisation des statuts des newsletter" (id=nxsNewsletterRefreshLoop) ...
[2026-02-25T00:48:44] - [info] => 
    calling job method refreshNewsletterLoop ...
[2026-02-25T00:32:52] - [info] => 
    calling job method refreshNewsletterLoop ...
[2026-02-25T00:48:44] - [info] => 
    Running job  "Daily Interview Report - World" (id=dailyInterviewReportWorld) ...
[2026-02-25T00:48:44] - [info] => 
    Running job  "Daily Interview Report - World" (id=dailyInterviewReportWorld) ...
[2026-02-25T00:48:44] - [info] => 
    Running job  "Actualisation des statuts des newsletter" (id=nxsNewsletterRefreshLoop) ...
[2026-02-25T00:48:44] - [info] => 
    Running job  "Actualisation des statuts des newsletter" (id=nxsNewsletterRefreshLoop) ...
[2026-02-25T00:48:44] - [info] => 
    calling job method refreshNewsletterLoop ...
[2026-02-25T00:48:45] - [info] => 
    Running job  "Actualisation des statuts des newsletter" (id=nxsNewsletterRefreshLoop) ...
[2026-02-25T00:48:45] - [info] => 
    calling job method refreshNewsletterLoop ...
[2026-02-25T00:48:44] - [info] => 
    Running job  "Actualisation des statuts des newsletter" (id=nxsNewsletterRefreshLoop) ...
[2026-02-25T00:48:44] - [info] => 
    Running job  "Daily Interview Report - World" (id=dailyInterviewReportWorld) ...
[2026-02-25T00:48:45] - [info] => 
    Running job  "Actualisation des statuts des newsletter" (id=nxsNewsletterRefreshLoop) ...
[2026-02-25T00:48:45] - [info] => 
    calling job method sendDailyInterviewReportWorld ...
[2026-02-25T00:48:45] - [info] => 
    Running job  "Actualisation des statuts des newsletter" (id=nxsNewsletterRefreshLoop) ...
[2026-02-25T00:48:45] - [info] => 
    calling job method refreshNewsletterLoop ...
[2026-02-25T00:48:45] - [info] => 
    Running job  "Daily Interview Report - World" (id=dailyInterviewReportWorld) ...
[2026-02-25T00:48:45] - [info] => 
    calling job method refreshNewsletterLoop ...
[2026-02-25T00:48:45] - [info] => 
    calling job method refreshNewsletterLoop ...
[2026-02-25T00:48:45] - [info] => 
    calling job method sendDailyInterviewReportWorld ...
[2026-02-25T00:48:45] - [info] => 
    Running job  "Actualisation des statuts des newsletter" (id=nxsNewsletterRefreshLoop) ...
[2026-02-25T00:48:45] - [info] => 
    Running job  "Daily Interview Report - World" (id=dailyInterviewReportWorld) ...
[2026-02-25T00:48:45] - [info] => 
    calling job method sendDailyInterviewReportWorld ...
[2026-02-25T00:48:45] - [info] => 
    calling job method refreshNewsletterLoop ...
[2026-02-25T00:48:44] - [info] => 
    calling job method refreshNewsletterLoop ...
[2026-02-25T00:48:44] - [info] => 
    Running job  "Actualisation des statuts des newsletter" (id=nxsNewsletterRefreshLoop) ...
[2026-02-25T00:48:45] - [info] => 
    Running job  "Daily Interview Report - World" (id=dailyInterviewReportWorld) ...
[2026-02-25T00:48:46] - [info] => 
    Daily interview report sent for world - 0/22 met goal
[2026-02-25T00:48:46] - [info] => 
    calling job method refreshNewsletterLoop ...
[2026-02-25T00:48:46] - [info] => 
    calling job method sendDailyInterviewReportWorld ...
[2026-02-25T00:48:47] - [info] => 
    Daily interview report sent for world - 0/22 met goal
[2026-02-25T00:48:47] - [info] => 
    Daily interview report sent for world - 0/22 met goal
[2026-02-25T00:48:44] - [info] => 
    calling job method sendDailyInterviewReportWorld ...
[2026-02-25T00:48:47] - [info] => 
    Running job  "Actualisation des statuts des newsletter" (id=nxsNewsletterRefreshLoop) ...
[2026-02-25T00:48:47] - [info] => 
    Running job  "Actualisation des statuts des newsletter" (id=nxsNewsletterRefreshLoop) ...
[2026-02-25T00:48:47] - [info] => 
    calling job method sendDailyInterviewReportWorld ...
[2026-02-25T00:48:47] - [info] => 
    calling job method refreshNewsletterLoop ...
[2026-02-25T00:48:47] - [info] => 
    Daily interview report sent for world - 0/22 met goal
[2026-02-25T00:48:45] - [info] => 
    calling job method refreshNewsletterLoop ...
[2026-02-25T00:48:47] - [info] => 
    Running job  "Daily Interview Report - World" (id=dailyInterviewReportWorld) ...
[2026-02-25T00:48:47] - [info] => 
    calling job method sendDailyInterviewReportWorld ...
[2026-02-25T00:48:47] - [info] => 
    calling job method refreshNewsletterLoop ...
[2026-02-25T00:48:47] - [info] => 
    Daily interview report sent for world - 0/22 met goal
[2026-02-25T00:48:47] - [info] => 
    Daily interview report sent for world - 0/22 met goal
[2026-02-25T00:48:47] - [info] => 
    Daily interview report sent for world - 0/22 met goal
[2026-02-25T00:48:44] - [info] => 
    calling job method refreshNewsletterLoop ...
[2026-02-25T00:48:47] - [info] => 
    Running job  "Daily Interview Report - World" (id=dailyInterviewReportWorld) ...
[2026-02-25T00:48:47] - [info] => 
    Running job  "Actualisation des statuts des newsletter" (id=nxsNewsletterRefreshLoop) ...
[2026-02-25T00:48:47] - [info] => 
    calling job method sendDailyInterviewReportWorld ...
[2026-02-25T00:48:47] - [info] => 
    calling job method refreshNewsletterLoop ...
[2026-02-25T00:48:47] - [info] => 
    Daily interview report sent for world - 0/22 met goal
[2026-02-25T01:05:03] - [info] => 
    Running job  "Actualisation des statuts des newsletter" (id=nxsNewsletterRefreshLoop) ...
[2026-02-25T01:05:03] - [info] => 
    Running job  "Mise à jour du statut des candidats interviewés" (id=updateInterviewedCandidatesStatus) ...
[2026-02-25T01:05:03] - [info] => 
    calling job method updateInterviewedCandidatesStatus ...
[2026-02-25T01:05:03] - [info] => 
    calling job method refreshNewsletterLoop ...
[2026-02-25T01:05:03] - [info] => 
    Running job  "Actualisation des statuts des newsletter" (id=nxsNewsletterRefreshLoop) ...
[2026-02-25T01:05:03] - [info] => 
    Running job  "Mise à jour du statut des candidats interviewés" (id=updateInterviewedCandidatesStatus) ...
[2026-02-25T01:05:03] - [info] => 
    calling job method refreshNewsletterLoop ...
[2026-02-25T01:05:03] - [info] => 
    calling job method updateInterviewedCandidatesStatus ...
[2026-02-25T01:05:04] - [info] => 
    Running job  "Actualisation des statuts des newsletter" (id=nxsNewsletterRefreshLoop) ...
[2026-02-25T01:05:04] - [info] => 
    Running job  "Mise à jour du statut des candidats interviewés" (id=updateInterviewedCandidatesStatus) ...
[2026-02-25T01:05:04] - [info] => 
    calling job method refreshNewsletterLoop ...
[2026-02-25T01:05:04] - [info] => 
    calling job method updateInterviewedCandidatesStatus ...
[2026-02-25T01:05:04] - [info] => 
    Running job  "Actualisation des statuts des newsletter" (id=nxsNewsletterRefreshLoop) ...
[2026-02-25T01:05:04] - [info] => 
    Running job  "Mise à jour du statut des candidats interviewés" (id=updateInterviewedCandidatesStatus) ...
[2026-02-25T01:05:04] - [info] => 
    calling job method refreshNewsletterLoop ...
[2026-02-25T01:05:04] - [info] => 
    calling job method updateInterviewedCandidatesStatus ...
[2026-02-25T01:05:04] - [info] => 
    Running job  "Actualisation des statuts des newsletter" (id=nxsNewsletterRefreshLoop) ...
[2026-02-25T01:05:04] - [info] => 
    Running job  "Mise à jour du statut des candidats interviewés" (id=updateInterviewedCandidatesStatus) ...
[2026-02-25T01:05:04] - [info] => 
    calling job method refreshNewsletterLoop ...
[2026-02-25T01:05:04] - [info] => 
    calling job method updateInterviewedCandidatesStatus ...
[2026-02-25T01:22:50] - [info] => 
    Running job  "Actualisation des statuts des newsletter" (id=nxsNewsletterRefreshLoop) ...
[2026-02-25T01:22:50] - [info] => 
    Running job  "Mise à jour du statut des candidats interviewés" (id=updateInterviewedCandidatesStatus) ...
[2026-02-25T01:22:50] - [info] => 
    Running job  "Actualisation des statuts des newsletter" (id=nxsNewsletterRefreshLoop) ...
[2026-02-25T01:22:50] - [info] => 
    calling job method updateInterviewedCandidatesStatus ...
[2026-02-25T01:22:50] - [info] => 
    calling job method refreshNewsletterLoop ...
[2026-02-25T01:22:50] - [info] => 
    calling job method refreshNewsletterLoop ...
[2026-02-25T01:22:51] - [info] => 
    Running job  "Actualisation des statuts des newsletter" (id=nxsNewsletterRefreshLoop) ...
[2026-02-25T01:22:51] - [info] => 
    Running job  "Mise à jour du statut des candidats interviewés" (id=updateInterviewedCandidatesStatus) ...
[2026-02-25T01:22:51] - [info] => 
    calling job method updateInterviewedCandidatesStatus ...
[2026-02-25T01:22:51] - [info] => 
    calling job method refreshNewsletterLoop ...
[2026-02-25T01:22:51] - [info] => 
    Running job  "Actualisation des statuts des newsletter" (id=nxsNewsletterRefreshLoop) ...
[2026-02-25T01:22:51] - [info] => 
    Running job  "Daily Interview Report - World" (id=dailyInterviewReportWorld) ...
[2026-02-25T01:22:51] - [info] => 
    calling job method refreshNewsletterLoop ...
[2026-02-25T01:22:51] - [info] => 
    calling job method sendDailyInterviewReportWorld ...
[2026-02-25T01:22:51] - [info] => 
    Running job  "Actualisation des statuts des newsletter" (id=nxsNewsletterRefreshLoop) ...
[2026-02-25T01:22:51] - [info] => 
    Running job  "Daily Interview Report - World" (id=dailyInterviewReportWorld) ...
[2026-02-25T01:22:51] - [info] => 
    calling job method refreshNewsletterLoop ...
[2026-02-25T01:22:51] - [info] => 
    calling job method sendDailyInterviewReportWorld ...
[2026-02-25T01:22:51] - [info] => 
    Running job  "Mise à jour du statut des candidats interviewés" (id=updateInterviewedCandidatesStatus) ...
[2026-02-25T01:22:51] - [info] => 
    Running job  "Mise à jour du statut des candidats interviewés" (id=updateInterviewedCandidatesStatus) ...
[2026-02-25T01:22:52] - [info] => 
    calling job method updateInterviewedCandidatesStatus ...
[2026-02-25T01:22:52] - [info] => 
    calling job method updateInterviewedCandidatesStatus ...
[2026-02-25T01:22:52] - [info] => 
    Daily interview report sent for world - 0/22 met goal
[2026-02-25T01:22:52] - [info] => 
    Daily interview report sent for world - 0/22 met goal
[2026-02-25T01:22:52] - [info] => 
    Running job  "Actualisation des statuts des newsletter" (id=nxsNewsletterRefreshLoop) ...
[2026-02-25T01:22:52] - [info] => 
    Running job  "Mise à jour du statut des candidats interviewés" (id=updateInterviewedCandidatesStatus) ...
[2026-02-25T01:22:52] - [info] => 
    calling job method updateInterviewedCandidatesStatus ...
[2026-02-25T01:22:52] - [info] => 
    calling job method refreshNewsletterLoop ...
[2026-02-25T01:22:52] - [info] => 
    Running job  "Actualisation des statuts des newsletter" (id=nxsNewsletterRefreshLoop) ...
[2026-02-25T01:22:52] - [info] => 
    Running job  "Mise à jour du statut des candidats interviewés" (id=updateInterviewedCandidatesStatus) ...
[2026-02-25T01:22:52] - [info] => 
    calling job method updateInterviewedCandidatesStatus ...
[2026-02-25T01:22:52] - [info] => 
    calling job method refreshNewsletterLoop ...
[2026-02-25T01:37:50] - [info] => 
    Running job  "Actualisation des statuts des newsletter" (id=nxsNewsletterRefreshLoop) ...
[2026-02-25T01:37:50] - [info] => 
    calling job method refreshNewsletterLoop ...
[2026-02-25T01:37:50] - [info] => 
    Running job  "Actualisation des statuts des newsletter" (id=nxsNewsletterRefreshLoop) ...
[2026-02-25T01:37:50] - [info] => 
    calling job method refreshNewsletterLoop ...
[2026-02-25T01:53:54] - [info] => 
    Running job  "Mise à jour du statut des candidats interviewés" (id=updateInterviewedCandidatesStatus) ...
[2026-02-25T01:53:54] - [info] => 
    Running job  "Actualisation des statuts des newsletter" (id=nxsNewsletterRefreshLoop) ...
[2026-02-25T01:53:54] - [info] => 
    calling job method updateInterviewedCandidatesStatus ...
[2026-02-25T01:53:54] - [info] => 
    calling job method refreshNewsletterLoop ...
[2026-02-25T01:53:54] - [info] => 
    Running job  "Actualisation des statuts des newsletter" (id=nxsNewsletterRefreshLoop) ...
[2026-02-25T01:53:54] - [info] => 
    Running job  "Mise à jour du statut des candidats interviewés" (id=updateInterviewedCandidatesStatus) ...
[2026-02-25T01:53:54] - [info] => 
    calling job method refreshNewsletterLoop ...
[2026-02-25T01:53:54] - [info] => 
    calling job method updateInterviewedCandidatesStatus ...
[2026-02-25T02:25:06] - [info] => 
    Running job  "Actualisation des statuts des newsletter" (id=nxsNewsletterRefreshLoop) ...
[2026-02-25T02:25:06] - [info] => 
    Running job  "Revert candidates from InProcess older than 14 days" (id=revertExpiredInProcessStatuses) ...
[2026-02-25T02:25:06] - [info] => 
    calling job method revertExpiredInProcessStatuses ...
[2026-02-25T02:25:06] - [info] => 
    calling job method refreshNewsletterLoop ...
[2026-02-25T02:25:06] - [info] => 
    Running job  "Actualisation des statuts des newsletter" (id=nxsNewsletterRefreshLoop) ...
[2026-02-25T02:25:06] - [info] => 
    Running job  "Revert candidates from InProcess older than 14 days" (id=revertExpiredInProcessStatuses) ...
[2026-02-25T02:25:06] - [info] => 
    calling job method revertExpiredInProcessStatuses ...
[2026-02-25T02:25:06] - [info] => 
    calling job method refreshNewsletterLoop ...
[2026-02-25T02:25:07] - [info] => 
    Running job  "Actualisation des statuts des newsletter" (id=nxsNewsletterRefreshLoop) ...
[2026-02-25T02:25:07] - [info] => 
    Running job  "Revert candidates from InProcess older than 14 days" (id=revertExpiredInProcessStatuses) ...
[2026-02-25T02:25:07] - [info] => 
    calling job method refreshNewsletterLoop ...
[2026-02-25T02:25:07] - [info] => 
    calling job method revertExpiredInProcessStatuses ...
[2026-02-25T02:25:07] - [info] => 
    Running job  "Actualisation des statuts des newsletter" (id=nxsNewsletterRefreshLoop) ...
[2026-02-25T02:25:07] - [info] => 
    Running job  "Revert candidates from InProcess older than 14 days" (id=revertExpiredInProcessStatuses) ...
[2026-02-25T02:25:07] - [info] => 
    calling job method refreshNewsletterLoop ...
[2026-02-25T02:25:07] - [info] => 
    calling job method revertExpiredInProcessStatuses ...
[2026-02-25T02:25:07] - [info] => 
    Running job  "Revert candidates from InProcess older than 14 days" (id=revertExpiredInProcessStatuses) ...
[2026-02-25T02:25:07] - [info] => 
    Running job  "Actualisation des statuts des newsletter" (id=nxsNewsletterRefreshLoop) ...
[2026-02-25T02:25:07] - [info] => 
    calling job method revertExpiredInProcessStatuses ...
[2026-02-25T02:25:07] - [info] => 
    calling job method refreshNewsletterLoop ...
[2026-02-25T02:25:08] - [info] => 
    Running job  "Revert candidates from InProcess older than 14 days" (id=revertExpiredInProcessStatuses) ...
[2026-02-25T02:25:08] - [info] => 
    Running job  "Actualisation des statuts des newsletter" (id=nxsNewsletterRefreshLoop) ...
[2026-02-25T02:25:08] - [info] => 
    calling job method revertExpiredInProcessStatuses ...
[2026-02-25T02:25:08] - [info] => 
    calling job method refreshNewsletterLoop ...
[2026-02-25T02:25:08] - [info] => 
    Running job  "Actualisation des statuts des newsletter" (id=nxsNewsletterRefreshLoop) ...
[2026-02-25T02:25:08] - [info] => 
    Running job  "Revert candidates from InProcess older than 14 days" (id=revertExpiredInProcessStatuses) ...
[2026-02-25T02:25:08] - [info] => 
    calling job method refreshNewsletterLoop ...
[2026-02-25T02:25:08] - [info] => 
    calling job method revertExpiredInProcessStatuses ...
[2026-02-25T02:25:09] - [info] => 
    Running job  "Actualisation des statuts des newsletter" (id=nxsNewsletterRefreshLoop) ...
[2026-02-25T02:25:09] - [info] => 
    Running job  "Revert candidates from InProcess older than 14 days" (id=revertExpiredInProcessStatuses) ...
[2026-02-25T02:25:09] - [info] => 
    calling job method refreshNewsletterLoop ...
[2026-02-25T02:25:09] - [info] => 
    calling job method revertExpiredInProcessStatuses ...
[2026-02-25T02:25:10] - [info] => 
    Running job  "Actualisation des statuts des newsletter" (id=nxsNewsletterRefreshLoop) ...
[2026-02-25T02:25:10] - [info] => 
    Running job  "Revert candidates from InProcess older than 14 days" (id=revertExpiredInProcessStatuses) ...
[2026-02-25T02:25:10] - [info] => 
    calling job method refreshNewsletterLoop ...
[2026-02-25T02:25:10] - [info] => 
    calling job method revertExpiredInProcessStatuses ...
[2026-02-25T02:57:05] - [info] => 
    Running job  "Actualisation des statuts des newsletter" (id=nxsNewsletterRefreshLoop) ...
[2026-02-25T02:57:05] - [info] => 
    Running job  "Revert candidates from InProcess older than 14 days" (id=revertExpiredInProcessStatuses) ...
[2026-02-25T02:57:05] - [info] => 
    calling job method refreshNewsletterLoop ...
[2026-02-25T02:57:05] - [info] => 
    calling job method revertExpiredInProcessStatuses ...
[2026-02-25T02:57:05] - [info] => 
    Running job  "Actualisation des statuts des newsletter" (id=nxsNewsletterRefreshLoop) ...
[2026-02-25T02:57:05] - [info] => 
    Running job  "Revert candidates from InProcess older than 14 days" (id=revertExpiredInProcessStatuses) ...
[2026-02-25T02:57:05] - [info] => 
    calling job method refreshNewsletterLoop ...
[2026-02-25T02:57:05] - [info] => 
    calling job method revertExpiredInProcessStatuses ...
[2026-02-25T03:27:49] - [info] => 
    Running job  "Actualisation des statuts des newsletter" (id=nxsNewsletterRefreshLoop) ...
[2026-02-25T03:27:49] - [info] => 
    Running job  "Revert candidates from InProcess older than 14 days" (id=revertExpiredInProcessStatuses) ...
[2026-02-25T03:27:49] - [info] => 
    calling job method revertExpiredInProcessStatuses ...
[2026-02-25T03:27:49] - [info] => 
    calling job method refreshNewsletterLoop ...
[2026-02-25T03:27:49] - [info] => 
    Running job  "Revert candidates from InProcess older than 14 days" (id=revertExpiredInProcessStatuses) ...
[2026-02-25T03:27:49] - [info] => 
    Running job  "Actualisation des statuts des newsletter" (id=nxsNewsletterRefreshLoop) ...
[2026-02-25T03:27:49] - [info] => 
    calling job method refreshNewsletterLoop ...
[2026-02-25T03:27:49] - [info] => 
    calling job method revertExpiredInProcessStatuses ...
[2026-02-25T03:27:49] - [info] => 
    Running job  "Nettoyage" (id=nxsJobsCleaning) ...
[2026-02-25T03:27:49] - [info] => 
    calling job method deleteOldJobHistoryAndLogs ...
[2026-02-25T03:27:49] - [info] => 
    Running job  "Nettoyage" (id=nxsJobsCleaning) ...
[2026-02-25T03:27:49] - [info] => 
    calling job method deleteOldJobHistoryAndLogs ...
[2026-02-25T03:27:49] - [info] => 
    Main clean - Début du job
[2026-02-25T03:27:49] - [info] => 
    Main clean - Début du job
[2026-02-25T03:27:49] - [info] => 
    Suppression des fichiers temporaires terminée - nombre de fichiers supprimés 
    
[2026-02-25T03:27:49] - [info] => 
    Main clean - Fin du job
[2026-02-25T03:27:49] - [info] => 
    Suppression des fichiers temporaires terminée - nombre de fichiers supprimés 
    
[2026-02-25T03:27:49] - [info] => 
    Main clean - Fin du job
[2026-02-25T03:38:46] - [info] => 
    Running job  "Nettoyage" (id=nxsJobsCleaning) ...
[2026-02-25T03:38:46] - [info] => 
    Running job  "Actualisation des statuts des newsletter" (id=nxsNewsletterRefreshLoop) ...
[2026-02-25T03:38:46] - [info] => 
    calling job method deleteOldJobHistoryAndLogs ...
[2026-02-25T03:38:46] - [info] => 
    calling job method refreshNewsletterLoop ...
[2026-02-25T03:38:46] - [info] => 
    Main clean - Début du job
[2026-02-25T03:38:46] - [info] => 
    Running job  "Actualisation des statuts des newsletter" (id=nxsNewsletterRefreshLoop) ...
[2026-02-25T03:38:46] - [info] => 
    Running job  "Nettoyage" (id=nxsJobsCleaning) ...
[2026-02-25T03:38:46] - [info] => 
    calling job method deleteOldJobHistoryAndLogs ...
[2026-02-25T03:38:46] - [info] => 
    calling job method refreshNewsletterLoop ...
[2026-02-25T03:38:46] - [info] => 
    Main clean - Début du job
[2026-02-25T03:38:46] - [info] => 
    Suppression des fichiers temporaires terminée - nombre de fichiers supprimés 
    
[2026-02-25T03:38:46] - [info] => 
    Main clean - Fin du job
[2026-02-25T03:38:46] - [info] => 
    Suppression des fichiers temporaires terminée - nombre de fichiers supprimés 
    
[2026-02-25T03:38:46] - [info] => 
    Main clean - Fin du job
[2026-02-25T03:38:47] - [info] => 
    Running job  "Nettoyage" (id=nxsJobsCleaning) ...
[2026-02-25T03:38:47] - [info] => 
    Running job  "Actualisation des statuts des newsletter" (id=nxsNewsletterRefreshLoop) ...
[2026-02-25T03:38:47] - [info] => 
    calling job method refreshNewsletterLoop ...
[2026-02-25T03:38:47] - [info] => 
    calling job method deleteOldJobHistoryAndLogs ...
[2026-02-25T03:38:47] - [info] => 
    Main clean - Début du job
[2026-02-25T03:38:47] - [info] => 
    Suppression des fichiers temporaires terminée - nombre de fichiers supprimés 
    
[2026-02-25T03:38:47] - [info] => 
    Main clean - Fin du job
[2026-02-25T03:38:47] - [info] => 
    Running job  "Actualisation des statuts des newsletter" (id=nxsNewsletterRefreshLoop) ...
[2026-02-25T03:38:47] - [info] => 
    Running job  "Nettoyage" (id=nxsJobsCleaning) ...
[2026-02-25T03:38:47] - [info] => 
    calling job method refreshNewsletterLoop ...
[2026-02-25T03:38:47] - [info] => 
    calling job method deleteOldJobHistoryAndLogs ...
[2026-02-25T03:38:47] - [info] => 
    Main clean - Début du job
[2026-02-25T03:38:47] - [info] => 
    Running job  "Actualisation des statuts des newsletter" (id=nxsNewsletterRefreshLoop) ...
[2026-02-25T03:38:47] - [info] => 
    Running job  "Nettoyage" (id=nxsJobsCleaning) ...
[2026-02-25T03:38:47] - [info] => 
    calling job method deleteOldJobHistoryAndLogs ...
[2026-02-25T03:38:47] - [info] => 
    calling job method refreshNewsletterLoop ...
[2026-02-25T03:38:47] - [info] => 
    Main clean - Début du job
[2026-02-25T03:38:47] - [info] => 
    Suppression des fichiers temporaires terminée - nombre de fichiers supprimés 
    
[2026-02-25T03:38:47] - [info] => 
    Main clean - Fin du job
[2026-02-25T03:38:47] - [info] => 
    Suppression des fichiers temporaires terminée - nombre de fichiers supprimés 
    
[2026-02-25T03:38:47] - [info] => 
    Main clean - Fin du job
[2026-02-25T03:38:48] - [info] => 
    Running job  "Actualisation des statuts des newsletter" (id=nxsNewsletterRefreshLoop) ...
[2026-02-25T03:38:48] - [info] => 
    Running job  "Nettoyage" (id=nxsJobsCleaning) ...
[2026-02-25T03:38:48] - [info] => 
    calling job method refreshNewsletterLoop ...
[2026-02-25T03:38:48] - [info] => 
    calling job method deleteOldJobHistoryAndLogs ...
[2026-02-25T03:38:48] - [info] => 
    Main clean - Début du job
[2026-02-25T03:38:48] - [info] => 
    Suppression des fichiers temporaires terminée - nombre de fichiers supprimés 
    
[2026-02-25T03:38:48] - [info] => 
    Main clean - Fin du job
[2026-02-25T03:38:48] - [info] => 
    Running job  "Actualisation des statuts des newsletter" (id=nxsNewsletterRefreshLoop) ...
[2026-02-25T03:38:48] - [info] => 
    Running job  "Nettoyage" (id=nxsJobsCleaning) ...
[2026-02-25T03:38:48] - [info] => 
    calling job method refreshNewsletterLoop ...
[2026-02-25T03:38:48] - [info] => 
    calling job method deleteOldJobHistoryAndLogs ...
[2026-02-25T03:38:48] - [info] => 
    Main clean - Début du job
[2026-02-25T03:38:48] - [info] => 
    Suppression des fichiers temporaires terminée - nombre de fichiers supprimés 
    
[2026-02-25T03:38:48] - [info] => 
    Main clean - Fin du job
[2026-02-25T03:38:48] - [info] => 
    Running job  "Actualisation des statuts des newsletter" (id=nxsNewsletterRefreshLoop) ...
[2026-02-25T03:38:48] - [info] => 
    calling job method refreshNewsletterLoop ...
[2026-02-25T03:38:48] - [info] => 
    Running job  "Actualisation des statuts des newsletter" (id=nxsNewsletterRefreshLoop) ...
[2026-02-25T03:38:48] - [info] => 
    calling job method refreshNewsletterLoop ...
[2026-02-25T03:38:49] - [info] => 
    Running job  "Nettoyage" (id=nxsJobsCleaning) ...
[2026-02-25T03:38:49] - [info] => 
    Running job  "Actualisation des statuts des newsletter" (id=nxsNewsletterRefreshLoop) ...
[2026-02-25T03:38:49] - [info] => 
    calling job method deleteOldJobHistoryAndLogs ...
[2026-02-25T03:38:49] - [info] => 
    calling job method refreshNewsletterLoop ...
[2026-02-25T03:38:49] - [info] => 
    Main clean - Début du job
[2026-02-25T03:38:50] - [info] => 
    Suppression des fichiers temporaires terminée - nombre de fichiers supprimés 
    
[2026-02-25T03:38:50] - [info] => 
    Main clean - Fin du job
[2026-02-25T03:38:50] - [info] => 
    Running job  "Nettoyage" (id=nxsJobsCleaning) ...
[2026-02-25T03:38:50] - [info] => 
    Running job  "Actualisation des statuts des newsletter" (id=nxsNewsletterRefreshLoop) ...
[2026-02-25T03:38:50] - [info] => 
    calling job method refreshNewsletterLoop ...
[2026-02-25T03:38:50] - [info] => 
    calling job method deleteOldJobHistoryAndLogs ...
[2026-02-25T03:38:50] - [info] => 
    Main clean - Début du job
[2026-02-25T03:38:50] - [info] => 
    Suppression des fichiers temporaires terminée - nombre de fichiers supprimés 
    
[2026-02-25T03:38:50] - [info] => 
    Main clean - Fin du job
[2026-02-25T04:12:54] - [info] => 
    Running job  "Nettoyage" (id=nxsJobsCleaning) ...
[2026-02-25T04:12:54] - [info] => 
    Running job  "Actualisation des statuts des newsletter" (id=nxsNewsletterRefreshLoop) ...
[2026-02-25T04:12:54] - [info] => 
    calling job method deleteOldJobHistoryAndLogs ...
[2026-02-25T04:12:54] - [info] => 
    calling job method refreshNewsletterLoop ...
[2026-02-25T04:12:54] - [info] => 
    Main clean - Début du job
[2026-02-25T04:12:54] - [info] => 
    Suppression des fichiers temporaires terminée - nombre de fichiers supprimés 
    
[2026-02-25T04:12:54] - [info] => 
    Main clean - Fin du job
[2026-02-25T04:12:54] - [info] => 
    Running job  "Actualisation des statuts des newsletter" (id=nxsNewsletterRefreshLoop) ...
[2026-02-25T04:12:54] - [info] => 
    Running job  "Nettoyage" (id=nxsJobsCleaning) ...
[2026-02-25T04:12:54] - [info] => 
    calling job method refreshNewsletterLoop ...
[2026-02-25T04:12:54] - [info] => 
    calling job method deleteOldJobHistoryAndLogs ...
[2026-02-25T04:12:54] - [info] => 
    Main clean - Début du job
[2026-02-25T04:12:55] - [info] => 
    Suppression des fichiers temporaires terminée - nombre de fichiers supprimés 
    
[2026-02-25T04:12:55] - [info] => 
    Main clean - Fin du job
[2026-02-25T04:39:53] - [info] => 
    Running job  "Actualisation des statuts des newsletter" (id=nxsNewsletterRefreshLoop) ...
[2026-02-25T04:39:53] - [info] => 
    Running job  "Nettoyage des contacts pour la newsletter" (id=nxsCleanNewsletterRecipients) ...
[2026-02-25T04:39:53] - [info] => 
    calling job method refreshNewsletterLoop ...
[2026-02-25T04:39:53] - [info] => 
    calling job method cleanNewsletterRecipients ...
[2026-02-25T04:39:53] - [info] => 
    Running job  "Actualisation des statuts des newsletter" (id=nxsNewsletterRefreshLoop) ...
[2026-02-25T04:39:53] - [info] => 
    Running job  "Nettoyage des contacts pour la newsletter" (id=nxsCleanNewsletterRecipients) ...
[2026-02-25T04:39:53] - [info] => 
    calling job method refreshNewsletterLoop ...
[2026-02-25T04:39:53] - [info] => 
    calling job method cleanNewsletterRecipients ...
[2026-02-25T04:39:54] - [info] => 
    Running job  "Actualisation des statuts des newsletter" (id=nxsNewsletterRefreshLoop) ...
[2026-02-25T04:39:54] - [info] => 
    Running job  "Nettoyage des contacts pour la newsletter" (id=nxsCleanNewsletterRecipients) ...
[2026-02-25T04:39:54] - [info] => 
    calling job method refreshNewsletterLoop ...
[2026-02-25T04:39:54] - [info] => 
    calling job method cleanNewsletterRecipients ...
[2026-02-25T04:39:54] - [info] => 
    Running job  "Actualisation des statuts des newsletter" (id=nxsNewsletterRefreshLoop) ...
[2026-02-25T04:39:54] - [info] => 
    Running job  "Nettoyage des contacts pour la newsletter" (id=nxsCleanNewsletterRecipients) ...
[2026-02-25T04:39:54] - [info] => 
    calling job method cleanNewsletterRecipients ...
[2026-02-25T04:39:54] - [info] => 
    calling job method refreshNewsletterLoop ...
[2026-02-25T04:39:54] - [info] => 
    Running job  "Actualisation des statuts des newsletter" (id=nxsNewsletterRefreshLoop) ...
[2026-02-25T04:39:55] - [info] => 
    Running job  "Nettoyage des contacts pour la newsletter" (id=nxsCleanNewsletterRecipients) ...
[2026-02-25T04:39:55] - [info] => 
    calling job method refreshNewsletterLoop ...
[2026-02-25T04:39:55] - [info] => 
    calling job method cleanNewsletterRecipients ...
[2026-02-25T04:39:55] - [info] => 
    Running job  "Actualisation des statuts des newsletter" (id=nxsNewsletterRefreshLoop) ...
[2026-02-25T04:39:55] - [info] => 
    Running job  "Nettoyage des contacts pour la newsletter" (id=nxsCleanNewsletterRecipients) ...
[2026-02-25T04:39:55] - [info] => 
    calling job method refreshNewsletterLoop ...
[2026-02-25T04:39:55] - [info] => 
    calling job method cleanNewsletterRecipients ...
[2026-02-25T04:39:55] - [info] => 
    Running job  "Actualisation des statuts des newsletter" (id=nxsNewsletterRefreshLoop) ...
[2026-02-25T04:39:55] - [info] => 
    Running job  "Nettoyage des contacts pour la newsletter" (id=nxsCleanNewsletterRecipients) ...
[2026-02-25T04:39:55] - [info] => 
    calling job method refreshNewsletterLoop ...
[2026-02-25T04:39:55] - [info] => 
    calling job method cleanNewsletterRecipients ...
[2026-02-25T04:39:57] - [info] => 
    Running job  "Actualisation des statuts des newsletter" (id=nxsNewsletterRefreshLoop) ...
[2026-02-25T04:39:57] - [info] => 
    Running job  "Nettoyage des contacts pour la newsletter" (id=nxsCleanNewsletterRecipients) ...
[2026-02-25T04:39:57] - [info] => 
    calling job method refreshNewsletterLoop ...
[2026-02-25T04:39:57] - [info] => 
    calling job method cleanNewsletterRecipients ...
[2026-02-25T04:39:57] - [info] => 
    Running job  "Actualisation des statuts des newsletter" (id=nxsNewsletterRefreshLoop) ...
[2026-02-25T04:39:57] - [info] => 
    Running job  "Nettoyage des contacts pour la newsletter" (id=nxsCleanNewsletterRecipients) ...
[2026-02-25T04:39:58] - [info] => 
    calling job method refreshNewsletterLoop ...
[2026-02-25T04:39:58] - [info] => 
    calling job method cleanNewsletterRecipients ...
[2026-02-25T04:39:57] - [info] => 
    Running job  "Actualisation des statuts des newsletter" (id=nxsNewsletterRefreshLoop) ...
[2026-02-25T04:39:58] - [info] => 
    Running job  "Nettoyage des contacts pour la newsletter" (id=nxsCleanNewsletterRecipients) ...
[2026-02-25T04:39:58] - [info] => 
    calling job method refreshNewsletterLoop ...
[2026-02-25T04:39:58] - [info] => 
    calling job method cleanNewsletterRecipients ...
[2026-02-25T04:39:58] - [info] => 
    Running job  "Actualisation des statuts des newsletter" (id=nxsNewsletterRefreshLoop) ...
[2026-02-25T04:39:59] - [info] => 
    Running job  "Nettoyage des contacts pour la newsletter" (id=nxsCleanNewsletterRecipients) ...
[2026-02-25T04:39:59] - [info] => 
    calling job method refreshNewsletterLoop ...
[2026-02-25T04:39:59] - [info] => 
    calling job method cleanNewsletterRecipients ...
[2026-02-25T04:40:07] - [info] => 
    Running job  "Actualisation des statuts des newsletter" (id=nxsNewsletterRefreshLoop) ...
[2026-02-25T04:40:07] - [info] => 
    calling job method refreshNewsletterLoop ...
[2026-02-25T04:40:07] - [info] => 
    Running job  "Nettoyage des contacts pour la newsletter" (id=nxsCleanNewsletterRecipients) ...
[2026-02-25T04:40:08] - [info] => 
    Running job  "Actualisation des statuts des newsletter" (id=nxsNewsletterRefreshLoop) ...
[2026-02-25T04:40:08] - [info] => 
    calling job method cleanNewsletterRecipients ...
[2026-02-25T04:40:08] - [info] => 
    calling job method refreshNewsletterLoop ...
[2026-02-25T04:40:08] - [info] => 
    Running job  "Actualisation des statuts des newsletter" (id=nxsNewsletterRefreshLoop) ...
[2026-02-25T04:40:08] - [info] => 
    Running job  "Nettoyage des contacts pour la newsletter" (id=nxsCleanNewsletterRecipients) ...
[2026-02-25T04:40:08] - [info] => 
    calling job method cleanNewsletterRecipients ...
[2026-02-25T04:40:08] - [info] => 
    calling job method refreshNewsletterLoop ...
[2026-02-25T04:56:35] - [info] => 
    Running job  "Actualisation des statuts des newsletter" (id=nxsNewsletterRefreshLoop) ...
[2026-02-25T04:56:36] - [info] => 
    Running job  "Actualisation des statuts des newsletter" (id=nxsNewsletterRefreshLoop) ...
[2026-02-25T04:56:36] - [info] => 
    Running job  "Actualisation des statuts des newsletter" (id=nxsNewsletterRefreshLoop) ...
[2026-02-25T04:56:36] - [info] => 
    Running job  "Actualisation des statuts des newsletter" (id=nxsNewsletterRefreshLoop) ...
[2026-02-25T04:56:36] - [info] => 
    Running job  "Actualisation des statuts des newsletter" (id=nxsNewsletterRefreshLoop) ...
[2026-02-25T04:56:37] - [info] => 
    calling job method refreshNewsletterLoop ...
[2026-02-25T04:56:37] - [info] => 
    calling job method refreshNewsletterLoop ...
[2026-02-25T04:56:35] - [info] => 
    Running job  "Actualisation des statuts des newsletter" (id=nxsNewsletterRefreshLoop) ...
[2026-02-25T04:56:37] - [info] => 
    calling job method refreshNewsletterLoop ...
[2026-02-25T04:56:37] - [info] => 
    Running job  "Actualisation des statuts des newsletter" (id=nxsNewsletterRefreshLoop) ...
[2026-02-25T04:56:35] - [info] => 
    Running job  "Actualisation des statuts des newsletter" (id=nxsNewsletterRefreshLoop) ...
[2026-02-25T04:56:38] - [info] => 
    Running job  "Actualisation des statuts des newsletter" (id=nxsNewsletterRefreshLoop) ...
[2026-02-25T04:56:38] - [info] => 
    Running job  "Actualisation des statuts des newsletter" (id=nxsNewsletterRefreshLoop) ...
[2026-02-25T05:14:00] - [info] => 
    calling job method refreshNewsletterLoop ...
[2026-02-25T05:14:00] - [info] => 
    calling job method refreshNewsletterLoop ...
[2026-02-25T04:56:37] - [info] => 
    Running job  "Actualisation des statuts des newsletter" (id=nxsNewsletterRefreshLoop) ...
[2026-02-25T05:14:00] - [info] => 
    calling job method refreshNewsletterLoop ...
[2026-02-25T05:14:00] - [info] => 
    Running job  "Actualisation des statuts des newsletter" (id=nxsNewsletterRefreshLoop) ...
[2026-02-25T05:14:00] - [info] => 
    Running job  "Actualisation des statuts des newsletter" (id=nxsNewsletterRefreshLoop) ...
[2026-02-25T05:14:00] - [info] => 
    Running job  "Actualisation des statuts des newsletter" (id=nxsNewsletterRefreshLoop) ...
[2026-02-25T05:14:00] - [info] => 
    calling job method refreshNewsletterLoop ...
[2026-02-25T04:56:37] - [info] => 
    Running job  "Actualisation des statuts des newsletter" (id=nxsNewsletterRefreshLoop) ...
[2026-02-25T05:14:01] - [info] => 
    calling job method refreshNewsletterLoop ...
[2026-02-25T05:14:01] - [info] => 
    Running job  "Actualisation des statuts des newsletter" (id=nxsNewsletterRefreshLoop) ...
[2026-02-25T05:14:01] - [info] => 
    calling job method refreshNewsletterLoop ...
[2026-02-25T05:14:01] - [info] => 
    Running job  "Actualisation des statuts des newsletter" (id=nxsNewsletterRefreshLoop) ...
[2026-02-25T05:14:01] - [info] => 
    calling job method refreshNewsletterLoop ...
[2026-02-25T05:14:02] - [info] => 
    Running job  "Actualisation des statuts des newsletter" (id=nxsNewsletterRefreshLoop) ...
[2026-02-25T05:14:02] - [info] => 
    Running job  "Actualisation des statuts des newsletter" (id=nxsNewsletterRefreshLoop) ...
[2026-02-25T05:14:02] - [info] => 
    calling job method refreshNewsletterLoop ...
[2026-02-25T05:14:03] - [info] => 
    calling job method refreshNewsletterLoop ...
[2026-02-25T05:14:02] - [info] => 
    calling job method refreshNewsletterLoop ...
[2026-02-25T05:14:02] - [info] => 
    calling job method refreshNewsletterLoop ...
[2026-02-25T05:14:03] - [info] => 
    Running job  "Actualisation des statuts des newsletter" (id=nxsNewsletterRefreshLoop) ...
[2026-02-25T05:14:03] - [info] => 
    calling job method refreshNewsletterLoop ...
[2026-02-25T05:14:03] - [info] => 
    Running job  "Actualisation des statuts des newsletter" (id=nxsNewsletterRefreshLoop) ...
[2026-02-25T05:14:03] - [info] => 
    calling job method refreshNewsletterLoop ...
[2026-02-25T05:14:03] - [info] => 
    calling job method refreshNewsletterLoop ...
[2026-02-25T05:14:03] - [info] => 
    calling job method refreshNewsletterLoop ...
[2026-02-25T05:14:02] - [info] => 
    calling job method refreshNewsletterLoop ...
[2026-02-25T05:14:04] - [info] => 
    Running job  "Actualisation des statuts des newsletter" (id=nxsNewsletterRefreshLoop) ...
[2026-02-25T05:14:05] - [info] => 
    calling job method refreshNewsletterLoop ...
[2026-02-25T05:14:05] - [info] => 
    calling job method refreshNewsletterLoop ...
[2026-02-25T05:14:04] - [info] => 
    Running job  "Actualisation des statuts des newsletter" (id=nxsNewsletterRefreshLoop) ...
[2026-02-25T05:19:58] - [info] => 
    calling job method refreshNewsletterLoop ...
[2026-02-25T05:14:04] - [info] => 
    Running job  "Actualisation des statuts des newsletter" (id=nxsNewsletterRefreshLoop) ...
[2026-02-25T05:20:01] - [info] => 
    Running job  "Actualisation des statuts des newsletter" (id=nxsNewsletterRefreshLoop) ...
[2026-02-25T05:20:02] - [info] => 
    calling job method refreshNewsletterLoop ...
[2026-02-25T05:20:04] - [info] => 
    Running job  "Actualisation des statuts des newsletter" (id=nxsNewsletterRefreshLoop) ...
[2026-02-25T05:20:04] - [info] => 
    calling job method refreshNewsletterLoop ...
[2026-02-25T05:20:04] - [info] => 
    Running job  "Actualisation des statuts des newsletter" (id=nxsNewsletterRefreshLoop) ...
[2026-02-25T05:20:04] - [info] => 
    Running job  "Actualisation des statuts des newsletter" (id=nxsNewsletterRefreshLoop) ...
[2026-02-25T05:20:05] - [info] => 
    calling job method refreshNewsletterLoop ...
[2026-02-25T05:20:04] - [info] => 
    Running job  "Actualisation des statuts des newsletter" (id=nxsNewsletterRefreshLoop) ...
[2026-02-25T05:20:08] - [info] => 
    calling job method refreshNewsletterLoop ...
[2026-02-25T05:20:03] - [info] => 
    calling job method refreshNewsletterLoop ...
[2026-02-25T05:20:09] - [info] => 
    Running job  "Actualisation des statuts des newsletter" (id=nxsNewsletterRefreshLoop) ...
[2026-02-25T05:20:04] - [info] => 
    Running job  "Actualisation des statuts des newsletter" (id=nxsNewsletterRefreshLoop) ...
[2026-02-25T05:20:08] - [info] => 
    calling job method refreshNewsletterLoop ...
[2026-02-25T05:20:13] - [info] => 
    Running job  "Actualisation des statuts des newsletter" (id=nxsNewsletterRefreshLoop) ...
[2026-02-25T05:20:13] - [info] => 
    Running job  "Actualisation des statuts des newsletter" (id=nxsNewsletterRefreshLoop) ...
[2026-02-25T04:56:37] - [info] => 
    calling job method refreshNewsletterLoop ...
[2026-02-25T05:20:17] - [info] => 
    Running job  "Actualisation des statuts des newsletter" (id=nxsNewsletterRefreshLoop) ...
[2026-02-25T05:36:08] - [info] => 
    calling job method refreshNewsletterLoop ...
[2026-02-25T05:36:09] - [info] => 
    Running job  "Actualisation des statuts des newsletter" (id=nxsNewsletterRefreshLoop) ...
[2026-02-25T05:36:09] - [info] => 
    calling job method refreshNewsletterLoop ...
[2026-02-25T05:36:10] - [info] => 
    Running job  "Actualisation des statuts des newsletter" (id=nxsNewsletterRefreshLoop) ...
[2026-02-25T05:36:11] - [info] => 
    Running job  "Actualisation des statuts des newsletter" (id=nxsNewsletterRefreshLoop) ...
[2026-02-25T05:36:11] - [info] => 
    calling job method refreshNewsletterLoop ...
[2026-02-25T05:36:11] - [info] => 
    calling job method refreshNewsletterLoop ...
[2026-02-25T05:36:11] - [info] => 
    calling job method refreshNewsletterLoop ...
[2026-02-25T05:40:41] - [info] => 
    Running job  "Actualisation des statuts des newsletter" (id=nxsNewsletterRefreshLoop) ...
[2026-02-25T05:40:46] - [info] => 
    Running job  "Actualisation des statuts des newsletter" (id=nxsNewsletterRefreshLoop) ...
[2026-02-25T05:40:50] - [info] => 
    Running job  "Actualisation des statuts des newsletter" (id=nxsNewsletterRefreshLoop) ...
[2026-02-25T05:40:50] - [info] => 
    calling job method refreshNewsletterLoop ...
[2026-02-25T05:40:51] - [info] => 
    calling job method refreshNewsletterLoop ...
[2026-02-25T05:40:55] - [info] => 
    Running job  "Actualisation des statuts des newsletter" (id=nxsNewsletterRefreshLoop) ...
[2026-02-25T05:40:55] - [info] => 
    calling job method refreshNewsletterLoop ...
[2026-02-25T05:40:56] - [info] => 
    Running job  "Actualisation des statuts des newsletter" (id=nxsNewsletterRefreshLoop) ...
[2026-02-25T05:40:56] - [info] => 
    calling job method refreshNewsletterLoop ...
[2026-02-25T05:20:11] - [info] => 
    calling job method refreshNewsletterLoop ...
[2026-02-25T05:41:02] - [info] => 
    Running job  "Actualisation des statuts des newsletter" (id=nxsNewsletterRefreshLoop) ...
[2026-02-25T05:41:02] - [info] => 
    calling job method refreshNewsletterLoop ...
[2026-02-25T05:41:02] - [info] => 
    Running job  "Actualisation des statuts des newsletter" (id=nxsNewsletterRefreshLoop) ...
[2026-02-25T05:41:02] - [info] => 
    calling job method refreshNewsletterLoop ...
[2026-02-25T05:41:03] - [info] => 
    Running job  "Actualisation des statuts des newsletter" (id=nxsNewsletterRefreshLoop) ...
[2026-02-25T05:41:03] - [info] => 
    calling job method refreshNewsletterLoop ...
[2026-02-25T05:41:04] - [info] => 
    Running job  "Actualisation des statuts des newsletter" (id=nxsNewsletterRefreshLoop) ...
[2026-02-25T05:41:04] - [info] => 
    calling job method refreshNewsletterLoop ...
[2026-02-25T05:41:04] - [info] => 
    calling job method refreshNewsletterLoop ...
[2026-02-25T05:41:04] - [info] => 
    Running job  "Actualisation des statuts des newsletter" (id=nxsNewsletterRefreshLoop) ...
[2026-02-25T05:41:04] - [info] => 
    calling job method refreshNewsletterLoop ...
[2026-02-25T05:41:04] - [info] => 
    Running job  "Actualisation des statuts des newsletter" (id=nxsNewsletterRefreshLoop) ...
[2026-02-25T05:20:14] - [info] => 
    calling job method refreshNewsletterLoop ...
[2026-02-25T05:41:04] - [info] => 
    calling job method refreshNewsletterLoop ...
[2026-02-25T05:41:04] - [info] => 
    Running job  "Actualisation des statuts des newsletter" (id=nxsNewsletterRefreshLoop) ...
[2026-02-25T05:41:04] - [info] => 
    calling job method refreshNewsletterLoop ...
[2026-02-25T05:41:04] - [info] => 
    calling job method refreshNewsletterLoop ...
[2026-02-25T05:41:04] - [info] => 
    Running job  "Actualisation des statuts des newsletter" (id=nxsNewsletterRefreshLoop) ...
[2026-02-25T05:41:04] - [info] => 
    Running job  "Actualisation des statuts des newsletter" (id=nxsNewsletterRefreshLoop) ...
[2026-02-25T05:41:04] - [info] => 
    calling job method refreshNewsletterLoop ...
[2026-02-25T05:41:04] - [info] => 
    calling job method refreshNewsletterLoop ...
[2026-02-25T05:41:05] - [info] => 
    Running job  "Actualisation des statuts des newsletter" (id=nxsNewsletterRefreshLoop) ...
[2026-02-25T05:41:06] - [info] => 
    calling job method refreshNewsletterLoop ...
[2026-02-25T05:41:05] - [info] => 
    Running job  "Actualisation des statuts des newsletter" (id=nxsNewsletterRefreshLoop) ...
[2026-02-25T05:41:06] - [info] => 
    calling job method refreshNewsletterLoop ...
[2026-02-25T05:50:00] - [info] => 
    Running job  "Actualisation des statuts des newsletter" (id=nxsNewsletterRefreshLoop) ...
[2026-02-25T05:50:00] - [info] => 
    calling job method refreshNewsletterLoop ...
[2026-02-25T05:50:00] - [info] => 
    Running job  "Actualisation des statuts des newsletter" (id=nxsNewsletterRefreshLoop) ...
[2026-02-25T05:50:00] - [info] => 
    calling job method refreshNewsletterLoop ...
[2026-02-25T05:50:01] - [info] => 
    Running job  "Actualisation des statuts des newsletter" (id=nxsNewsletterRefreshLoop) ...
[2026-02-25T05:50:01] - [info] => 
    calling job method refreshNewsletterLoop ...
[2026-02-25T05:50:01] - [info] => 
    Running job  "Actualisation des statuts des newsletter" (id=nxsNewsletterRefreshLoop) ...
[2026-02-25T05:50:01] - [info] => 
    calling job method refreshNewsletterLoop ...
[2026-02-25T05:50:01] - [info] => 
    Running job  "Actualisation des statuts des newsletter" (id=nxsNewsletterRefreshLoop) ...
[2026-02-25T05:50:01] - [info] => 
    Running job  "Actualisation des statuts des newsletter" (id=nxsNewsletterRefreshLoop) ...
[2026-02-25T05:50:01] - [info] => 
    calling job method refreshNewsletterLoop ...
[2026-02-25T05:50:01] - [info] => 
    calling job method refreshNewsletterLoop ...
[2026-02-25T05:50:01] - [info] => 
    Running job  "Actualisation des statuts des newsletter" (id=nxsNewsletterRefreshLoop) ...
[2026-02-25T05:50:01] - [info] => 
    calling job method refreshNewsletterLoop ...
[2026-02-25T05:50:01] - [info] => 
    Running job  "Actualisation des statuts des newsletter" (id=nxsNewsletterRefreshLoop) ...
[2026-02-25T05:50:01] - [info] => 
    calling job method refreshNewsletterLoop ...
[2026-02-25T05:50:01] - [info] => 
    Running job  "Actualisation des statuts des newsletter" (id=nxsNewsletterRefreshLoop) ...
[2026-02-25T05:50:01] - [info] => 
    calling job method refreshNewsletterLoop ...
[2026-02-25T05:50:01] - [info] => 
    Running job  "Actualisation des statuts des newsletter" (id=nxsNewsletterRefreshLoop) ...
[2026-02-25T05:50:02] - [info] => 
    Running job  "Actualisation des statuts des newsletter" (id=nxsNewsletterRefreshLoop) ...
[2026-02-25T05:50:02] - [info] => 
    calling job method refreshNewsletterLoop ...
[2026-02-25T05:50:02] - [info] => 
    calling job method refreshNewsletterLoop ...
[2026-02-25T05:50:02] - [info] => 
    Running job  "Actualisation des statuts des newsletter" (id=nxsNewsletterRefreshLoop) ...
[2026-02-25T05:50:02] - [info] => 
    calling job method refreshNewsletterLoop ...
[2026-02-25T05:50:02] - [info] => 
    Running job  "Actualisation des statuts des newsletter" (id=nxsNewsletterRefreshLoop) ...
[2026-02-25T05:50:02] - [info] => 
    calling job method refreshNewsletterLoop ...