
[2026-02-17T05:04:41] - [info] => 
    Running job  "Mise à jour du statut des candidats interviewés" (id=updateInterviewedCandidatesStatus) ...
[2026-02-17T05:04:41] - [info] => 
    Running job  "Daily Interview Report - World" (id=dailyInterviewReportWorld) ...
[2026-02-17T05:04:41] - [info] => 
    Running job  "Revert candidates from InProcess older than 14 days" (id=revertExpiredInProcessStatuses) ...
[2026-02-17T05:04:41] - [info] => 
    Running job  "Actualisation des statuts des newsletter" (id=nxsNewsletterRefreshLoop) ...
[2026-02-17T05:04:41] - [info] => 
    calling job method updateInterviewedCandidatesStatus ...
[2026-02-17T05:04:41] - [info] => 
    calling job method sendDailyInterviewReportWorld ...
[2026-02-17T05:04:41] - [info] => 
    calling job method revertExpiredInProcessStatuses ...
[2026-02-17T05:04:41] - [info] => 
    Running job  "Nettoyage" (id=nxsJobsCleaning) ...
[2026-02-17T05:04:41] - [info] => 
    calling job method refreshNewsletterLoop ...
[2026-02-17T05:04:41] - [info] => 
    Running job  "Nettoyage des contacts pour la newsletter" (id=nxsCleanNewsletterRecipients) ...
[2026-02-17T05:04:41] - [info] => 
    calling job method deleteOldJobHistoryAndLogs ...
[2026-02-17T05:04:41] - [info] => 
    calling job method cleanNewsletterRecipients ...
[2026-02-17T05:04:41] - [info] => 
    Main clean - Début du job
[2026-02-17T05:04:42] - [info] => 
    Suppression des fichiers temporaires terminée - nombre de fichiers supprimés 
    
[2026-02-17T05:04:42] - [info] => 
    Main clean - Fin du job
[2026-02-17T05:10:00] - [info] => 
    Running job  "Actualisation des statuts des newsletter" (id=nxsNewsletterRefreshLoop) ...
[2026-02-17T05:10:00] - [info] => 
    calling job method refreshNewsletterLoop ...
[2026-02-17T05:20:00] - [info] => 
    Running job  "Actualisation des statuts des newsletter" (id=nxsNewsletterRefreshLoop) ...
[2026-02-17T05:20:00] - [info] => 
    calling job method refreshNewsletterLoop ...
[2026-02-17T05:30:00] - [info] => 
    Running job  "Actualisation des statuts des newsletter" (id=nxsNewsletterRefreshLoop) ...
[2026-02-17T05:30:00] - [info] => 
    calling job method refreshNewsletterLoop ...
[2026-02-17T05:40:00] - [info] => 
    Running job  "Actualisation des statuts des newsletter" (id=nxsNewsletterRefreshLoop) ...
[2026-02-17T05:40:00] - [info] => 
    calling job method refreshNewsletterLoop ...
[2026-02-17T05:50:00] - [info] => 
    Running job  "Actualisation des statuts des newsletter" (id=nxsNewsletterRefreshLoop) ...
[2026-02-17T05:50:00] - [info] => 
    calling job method refreshNewsletterLoop ...
[2026-02-17T06:00:00] - [info] => 
    Running job  "Actualisation des statuts des newsletter" (id=nxsNewsletterRefreshLoop) ...
[2026-02-17T06:00:00] - [info] => 
    calling job method refreshNewsletterLoop ...
[2026-02-17T06:10:00] - [info] => 
    Running job  "Actualisation des statuts des newsletter" (id=nxsNewsletterRefreshLoop) ...
[2026-02-17T06:10:00] - [info] => 
    calling job method refreshNewsletterLoop ...
[2026-02-17T06:20:00] - [info] => 
    Running job  "Actualisation des statuts des newsletter" (id=nxsNewsletterRefreshLoop) ...
[2026-02-17T06:20:00] - [info] => 
    calling job method refreshNewsletterLoop ...
[2026-02-17T06:30:00] - [info] => 
    Running job  "Actualisation des statuts des newsletter" (id=nxsNewsletterRefreshLoop) ...
[2026-02-17T06:30:00] - [info] => 
    calling job method refreshNewsletterLoop ...
[2026-02-17T06:40:00] - [info] => 
    Running job  "Actualisation des statuts des newsletter" (id=nxsNewsletterRefreshLoop) ...
[2026-02-17T06:40:00] - [info] => 
    calling job method refreshNewsletterLoop ...
[2026-02-17T06:50:00] - [info] => 
    Running job  "Actualisation des statuts des newsletter" (id=nxsNewsletterRefreshLoop) ...
[2026-02-17T06:50:00] - [info] => 
    calling job method refreshNewsletterLoop ...
[2026-02-17T07:00:00] - [info] => 
    Running job  "Actualisation des statuts des newsletter" (id=nxsNewsletterRefreshLoop) ...
[2026-02-17T07:00:00] - [info] => 
    calling job method refreshNewsletterLoop ...
[2026-02-17T07:10:00] - [info] => 
    Running job  "Actualisation des statuts des newsletter" (id=nxsNewsletterRefreshLoop) ...
[2026-02-17T07:10:00] - [info] => 
    calling job method refreshNewsletterLoop ...
[2026-02-17T07:20:00] - [info] => 
    Running job  "Actualisation des statuts des newsletter" (id=nxsNewsletterRefreshLoop) ...
[2026-02-17T07:20:00] - [info] => 
    calling job method refreshNewsletterLoop ...
[2026-02-17T07:30:00] - [info] => 
    Running job  "Actualisation des statuts des newsletter" (id=nxsNewsletterRefreshLoop) ...
[2026-02-17T07:30:00] - [info] => 
    calling job method refreshNewsletterLoop ...
[2026-02-17T07:40:00] - [info] => 
    Running job  "Actualisation des statuts des newsletter" (id=nxsNewsletterRefreshLoop) ...
[2026-02-17T07:40:00] - [info] => 
    calling job method refreshNewsletterLoop ...
[2026-02-17T07:50:00] - [info] => 
    Running job  "Actualisation des statuts des newsletter" (id=nxsNewsletterRefreshLoop) ...
[2026-02-17T07:50:00] - [info] => 
    calling job method refreshNewsletterLoop ...
[2026-02-17T08:00:00] - [info] => 
    Running job  "Actualisation des statuts des newsletter" (id=nxsNewsletterRefreshLoop) ...
[2026-02-17T08:00:00] - [info] => 
    calling job method refreshNewsletterLoop ...
[2026-02-17T08:10:00] - [info] => 
    Running job  "Actualisation des statuts des newsletter" (id=nxsNewsletterRefreshLoop) ...
[2026-02-17T08:10:00] - [info] => 
    calling job method refreshNewsletterLoop ...
[2026-02-17T08:20:00] - [info] => 
    Running job  "Actualisation des statuts des newsletter" (id=nxsNewsletterRefreshLoop) ...
[2026-02-17T08:20:00] - [info] => 
    calling job method refreshNewsletterLoop ...
[2026-02-17T08:30:00] - [info] => 
    Running job  "Actualisation des statuts des newsletter" (id=nxsNewsletterRefreshLoop) ...
[2026-02-17T08:30:00] - [info] => 
    calling job method refreshNewsletterLoop ...
[2026-02-17T08:40:00] - [info] => 
    Running job  "Actualisation des statuts des newsletter" (id=nxsNewsletterRefreshLoop) ...
[2026-02-17T08:40:00] - [info] => 
    calling job method refreshNewsletterLoop ...
[2026-02-17T08:50:00] - [info] => 
    Running job  "Actualisation des statuts des newsletter" (id=nxsNewsletterRefreshLoop) ...
[2026-02-17T08:50:00] - [info] => 
    calling job method refreshNewsletterLoop ...
[2026-02-17T09:00:00] - [info] => 
    Running job  "Actualisation des statuts des newsletter" (id=nxsNewsletterRefreshLoop) ...
[2026-02-17T09:00:00] - [info] => 
    calling job method refreshNewsletterLoop ...
[2026-02-17T09:01:00] - [info] => 
    Running job  "Daily Interview Report - US" (id=dailyInterviewReportUS) ...
[2026-02-17T09:01:00] - [info] => 
    calling job method sendDailyInterviewReportUS ...
[2026-02-17T09:01:00] - [info] => 
    Daily interview report sent for us - 0/3 met goal
[2026-02-17T09:10:00] - [info] => 
    Running job  "Actualisation des statuts des newsletter" (id=nxsNewsletterRefreshLoop) ...
[2026-02-17T09:10:00] - [info] => 
    calling job method refreshNewsletterLoop ...
[2026-02-17T09:20:00] - [info] => 
    Running job  "Actualisation des statuts des newsletter" (id=nxsNewsletterRefreshLoop) ...
[2026-02-17T09:20:00] - [info] => 
    calling job method refreshNewsletterLoop ...
[2026-02-17T09:30:00] - [info] => 
    Running job  "Actualisation des statuts des newsletter" (id=nxsNewsletterRefreshLoop) ...
[2026-02-17T09:30:00] - [info] => 
    calling job method refreshNewsletterLoop ...
[2026-02-17T09:40:00] - [info] => 
    Running job  "Actualisation des statuts des newsletter" (id=nxsNewsletterRefreshLoop) ...
[2026-02-17T09:40:00] - [info] => 
    calling job method refreshNewsletterLoop ...
[2026-02-17T09:50:00] - [info] => 
    Running job  "Actualisation des statuts des newsletter" (id=nxsNewsletterRefreshLoop) ...
[2026-02-17T09:50:00] - [info] => 
    calling job method refreshNewsletterLoop ...
[2026-02-17T10:00:00] - [info] => 
    Running job  "Actualisation des statuts des newsletter" (id=nxsNewsletterRefreshLoop) ...
[2026-02-17T10:00:00] - [info] => 
    calling job method refreshNewsletterLoop ...
[2026-02-17T10:10:00] - [info] => 
    Running job  "Actualisation des statuts des newsletter" (id=nxsNewsletterRefreshLoop) ...
[2026-02-17T10:10:00] - [info] => 
    calling job method refreshNewsletterLoop ...
[2026-02-17T10:20:00] - [info] => 
    Running job  "Actualisation des statuts des newsletter" (id=nxsNewsletterRefreshLoop) ...
[2026-02-17T10:20:00] - [info] => 
    calling job method refreshNewsletterLoop ...
[2026-02-17T10:30:00] - [info] => 
    Running job  "Actualisation des statuts des newsletter" (id=nxsNewsletterRefreshLoop) ...
[2026-02-17T10:30:00] - [info] => 
    calling job method refreshNewsletterLoop ...
[2026-02-17T10:40:00] - [info] => 
    Running job  "Actualisation des statuts des newsletter" (id=nxsNewsletterRefreshLoop) ...
[2026-02-17T10:40:00] - [info] => 
    calling job method refreshNewsletterLoop ...
[2026-02-17T11:31:36] - [info] => 
    Running job  "Actualisation des statuts des newsletter" (id=nxsNewsletterRefreshLoop) ...
[2026-02-17T11:31:36] - [info] => 
    calling job method refreshNewsletterLoop ...
[2026-02-17T11:40:00] - [info] => 
    Running job  "Actualisation des statuts des newsletter" (id=nxsNewsletterRefreshLoop) ...
[2026-02-17T11:40:00] - [info] => 
    calling job method refreshNewsletterLoop ...
[2026-02-17T11:50:00] - [info] => 
    Running job  "Actualisation des statuts des newsletter" (id=nxsNewsletterRefreshLoop) ...
[2026-02-17T11:50:00] - [info] => 
    calling job method refreshNewsletterLoop ...
[2026-02-17T12:00:00] - [info] => 
    Running job  "Actualisation des statuts des newsletter" (id=nxsNewsletterRefreshLoop) ...
[2026-02-17T12:00:00] - [info] => 
    calling job method refreshNewsletterLoop ...
[2026-02-17T12:10:00] - [info] => 
    Running job  "Actualisation des statuts des newsletter" (id=nxsNewsletterRefreshLoop) ...
[2026-02-17T12:10:00] - [info] => 
    calling job method refreshNewsletterLoop ...
[2026-02-17T12:20:00] - [info] => 
    Running job  "Actualisation des statuts des newsletter" (id=nxsNewsletterRefreshLoop) ...
[2026-02-17T12:20:00] - [info] => 
    calling job method refreshNewsletterLoop ...
[2026-02-17T12:30:00] - [info] => 
    Running job  "Actualisation des statuts des newsletter" (id=nxsNewsletterRefreshLoop) ...
[2026-02-17T12:30:00] - [info] => 
    calling job method refreshNewsletterLoop ...
[2026-02-17T12:40:00] - [info] => 
    Running job  "Actualisation des statuts des newsletter" (id=nxsNewsletterRefreshLoop) ...
[2026-02-17T12:40:00] - [info] => 
    calling job method refreshNewsletterLoop ...
[2026-02-17T12:50:00] - [info] => 
    Running job  "Actualisation des statuts des newsletter" (id=nxsNewsletterRefreshLoop) ...
[2026-02-17T12:50:00] - [info] => 
    calling job method refreshNewsletterLoop ...
[2026-02-17T13:00:00] - [info] => 
    Running job  "Actualisation des statuts des newsletter" (id=nxsNewsletterRefreshLoop) ...
[2026-02-17T13:00:00] - [info] => 
    calling job method refreshNewsletterLoop ...
[2026-02-17T13:10:00] - [info] => 
    Running job  "Actualisation des statuts des newsletter" (id=nxsNewsletterRefreshLoop) ...
[2026-02-17T13:10:00] - [info] => 
    calling job method refreshNewsletterLoop ...
[2026-02-17T13:20:57] - [info] => 
    Running job  "Actualisation des statuts des newsletter" (id=nxsNewsletterRefreshLoop) ...
[2026-02-17T13:20:57] - [info] => 
    calling job method refreshNewsletterLoop ...
[2026-02-17T13:30:00] - [info] => 
    Running job  "Actualisation des statuts des newsletter" (id=nxsNewsletterRefreshLoop) ...
[2026-02-17T13:30:00] - [info] => 
    calling job method refreshNewsletterLoop ...
[2026-02-17T13:40:00] - [info] => 
    Running job  "Actualisation des statuts des newsletter" (id=nxsNewsletterRefreshLoop) ...
[2026-02-17T13:40:00] - [info] => 
    calling job method refreshNewsletterLoop ...
[2026-02-17T13:50:00] - [info] => 
    Running job  "Actualisation des statuts des newsletter" (id=nxsNewsletterRefreshLoop) ...
[2026-02-17T13:50:00] - [info] => 
    calling job method refreshNewsletterLoop ...
[2026-02-17T14:00:00] - [info] => 
    Running job  "Actualisation des statuts des newsletter" (id=nxsNewsletterRefreshLoop) ...
[2026-02-17T14:00:00] - [info] => 
    calling job method refreshNewsletterLoop ...
[2026-02-17T14:10:00] - [info] => 
    Running job  "Actualisation des statuts des newsletter" (id=nxsNewsletterRefreshLoop) ...
[2026-02-17T14:10:00] - [info] => 
    calling job method refreshNewsletterLoop ...
[2026-02-17T14:23:14] - [info] => 
    Running job  "Actualisation des statuts des newsletter" (id=nxsNewsletterRefreshLoop) ...
[2026-02-17T14:23:14] - [info] => 
    calling job method refreshNewsletterLoop ...
[2026-02-17T14:31:06] - [info] => 
    Running job  "Actualisation des statuts des newsletter" (id=nxsNewsletterRefreshLoop) ...
[2026-02-17T14:31:06] - [info] => 
    calling job method refreshNewsletterLoop ...
[2026-02-17T14:40:00] - [info] => 
    Running job  "Actualisation des statuts des newsletter" (id=nxsNewsletterRefreshLoop) ...
[2026-02-17T14:40:00] - [info] => 
    calling job method refreshNewsletterLoop ...
[2026-02-17T14:50:00] - [info] => 
    Running job  "Actualisation des statuts des newsletter" (id=nxsNewsletterRefreshLoop) ...
[2026-02-17T14:50:00] - [info] => 
    calling job method refreshNewsletterLoop ...
[2026-02-17T15:00:00] - [info] => 
    Running job  "Actualisation des statuts des newsletter" (id=nxsNewsletterRefreshLoop) ...
[2026-02-17T15:00:00] - [info] => 
    calling job method refreshNewsletterLoop ...
[2026-02-17T15:10:00] - [info] => 
    Running job  "Actualisation des statuts des newsletter" (id=nxsNewsletterRefreshLoop) ...
[2026-02-17T15:10:00] - [info] => 
    calling job method refreshNewsletterLoop ...
[2026-02-17T15:20:00] - [info] => 
    Running job  "Actualisation des statuts des newsletter" (id=nxsNewsletterRefreshLoop) ...
[2026-02-17T15:20:00] - [info] => 
    calling job method refreshNewsletterLoop ...
[2026-02-17T15:38:42] - [info] => 
    Running job  "Actualisation des statuts des newsletter" (id=nxsNewsletterRefreshLoop) ...
[2026-02-17T15:38:42] - [info] => 
    calling job method refreshNewsletterLoop ...
[2026-02-17T16:28:32] - [info] => 
    Running job  "Actualisation des statuts des newsletter" (id=nxsNewsletterRefreshLoop) ...
[2026-02-17T16:28:32] - [info] => 
    calling job method refreshNewsletterLoop ...
[2026-02-17T17:01:54] - [info] => 
    Running job  "Actualisation des statuts des newsletter" (id=nxsNewsletterRefreshLoop) ...
[2026-02-17T17:01:54] - [info] => 
    calling job method refreshNewsletterLoop ...
[2026-02-17T17:37:48] - [info] => 
    Running job  "Actualisation des statuts des newsletter" (id=nxsNewsletterRefreshLoop) ...
[2026-02-17T17:37:48] - [info] => 
    calling job method refreshNewsletterLoop ...
[2026-02-17T18:23:30] - [info] => 
    Running job  "Actualisation des statuts des newsletter" (id=nxsNewsletterRefreshLoop) ...
[2026-02-17T18:23:30] - [info] => 
    calling job method refreshNewsletterLoop ...
[2026-02-17T19:24:26] - [info] => 
    Running job  "Actualisation des statuts des newsletter" (id=nxsNewsletterRefreshLoop) ...
[2026-02-17T19:24:26] - [info] => 
    calling job method refreshNewsletterLoop ...
[2026-02-17T20:17:13] - [info] => 
    Running job  "Actualisation des statuts des newsletter" (id=nxsNewsletterRefreshLoop) ...
[2026-02-17T20:17:13] - [info] => 
    calling job method refreshNewsletterLoop ...
[2026-02-17T20:30:49] - [info] => 
    Running job  "Actualisation des statuts des newsletter" (id=nxsNewsletterRefreshLoop) ...
[2026-02-17T20:30:49] - [info] => 
    calling job method refreshNewsletterLoop ...
[2026-02-17T20:42:55] - [info] => 
    Running job  "Actualisation des statuts des newsletter" (id=nxsNewsletterRefreshLoop) ...
[2026-02-17T20:42:55] - [info] => 
    calling job method refreshNewsletterLoop ...
[2026-02-17T21:10:00] - [info] => 
    Running job  "Actualisation des statuts des newsletter" (id=nxsNewsletterRefreshLoop) ...
[2026-02-17T21:10:00] - [info] => 
    calling job method refreshNewsletterLoop ...
[2026-02-17T21:46:28] - [info] => 
    Running job  "Actualisation des statuts des newsletter" (id=nxsNewsletterRefreshLoop) ...
[2026-02-17T21:46:28] - [info] => 
    calling job method refreshNewsletterLoop ...
[2026-02-17T22:32:05] - [info] => 
    Running job  "Actualisation des statuts des newsletter" (id=nxsNewsletterRefreshLoop) ...
[2026-02-17T22:32:05] - [info] => 
    calling job method refreshNewsletterLoop ...
[2026-02-17T23:34:34] - [info] => 
    Running job  "Actualisation des statuts des newsletter" (id=nxsNewsletterRefreshLoop) ...
[2026-02-17T23:34:34] - [info] => 
    calling job method refreshNewsletterLoop ...