
[2026-02-21T00:09:35] - [info] => 
    Running job  "Actualisation des statuts des newsletter" (id=nxsNewsletterRefreshLoop) ...
[2026-02-21T00:09:35] - [info] => 
    calling job method refreshNewsletterLoop ...
[2026-02-21T00:26:25] - [info] => 
    Running job  "Actualisation des statuts des newsletter" (id=nxsNewsletterRefreshLoop) ...
[2026-02-21T00:26:25] - [info] => 
    calling job method refreshNewsletterLoop ...
[2026-02-21T00:26:26] - [info] => 
    Running job  "Actualisation des statuts des newsletter" (id=nxsNewsletterRefreshLoop) ...
[2026-02-21T00:26:26] - [info] => 
    calling job method refreshNewsletterLoop ...
[2026-02-21T00:44:08] - [info] => 
    Running job  "Actualisation des statuts des newsletter" (id=nxsNewsletterRefreshLoop) ...
[2026-02-21T00:44:08] - [info] => 
    calling job method refreshNewsletterLoop ...
[2026-02-21T01:00:19] - [info] => 
    Running job  "Actualisation des statuts des newsletter" (id=nxsNewsletterRefreshLoop) ...
[2026-02-21T01:00:19] - [info] => 
    Running job  "Mise à jour du statut des candidats interviewés" (id=updateInterviewedCandidatesStatus) ...
[2026-02-21T01:00:19] - [info] => 
    calling job method updateInterviewedCandidatesStatus ...
[2026-02-21T01:00:19] - [info] => 
    calling job method refreshNewsletterLoop ...
[2026-02-21T01:00:20] - [info] => 
    Running job  "Actualisation des statuts des newsletter" (id=nxsNewsletterRefreshLoop) ...
[2026-02-21T01:00:20] - [info] => 
    calling job method refreshNewsletterLoop ...
[2026-02-21T01:00:20] - [info] => 
    Running job  "Mise à jour du statut des candidats interviewés" (id=updateInterviewedCandidatesStatus) ...
[2026-02-21T01:00:20] - [info] => 
    calling job method updateInterviewedCandidatesStatus ...
[2026-02-21T01:35:29] - [info] => 
    Running job  "Actualisation des statuts des newsletter" (id=nxsNewsletterRefreshLoop) ...
[2026-02-21T01:35:29] - [info] => 
    calling job method refreshNewsletterLoop ...
[2026-02-21T01:38:17] - [info] => 
    Running job  "Actualisation des statuts des newsletter" (id=nxsNewsletterRefreshLoop) ...
[2026-02-21T01:38:17] - [info] => 
    calling job method refreshNewsletterLoop ...
[2026-02-21T01:38:23] - [info] => 
    Running job  "Actualisation des statuts des newsletter" (id=nxsNewsletterRefreshLoop) ...
[2026-02-21T01:38:23] - [info] => 
    calling job method refreshNewsletterLoop ...
[2026-02-21T01:38:23] - [info] => 
    Running job  "Mise à jour du statut des candidats interviewés" (id=updateInterviewedCandidatesStatus) ...
[2026-02-21T01:38:23] - [info] => 
    calling job method updateInterviewedCandidatesStatus ...
[2026-02-21T01:38:23] - [info] => 
    Running job  "Actualisation des statuts des newsletter" (id=nxsNewsletterRefreshLoop) ...
[2026-02-21T01:38:23] - [info] => 
    calling job method refreshNewsletterLoop ...
[2026-02-21T01:38:23] - [info] => 
    Running job  "Mise à jour du statut des candidats interviewés" (id=updateInterviewedCandidatesStatus) ...
[2026-02-21T01:38:23] - [info] => 
    calling job method updateInterviewedCandidatesStatus ...
[2026-02-21T01:55:50] - [info] => 
    Running job  "Actualisation des statuts des newsletter" (id=nxsNewsletterRefreshLoop) ...
[2026-02-21T01:55:50] - [info] => 
    calling job method refreshNewsletterLoop ...
[2026-02-21T01:55:50] - [info] => 
    Running job  "Mise à jour du statut des candidats interviewés" (id=updateInterviewedCandidatesStatus) ...
[2026-02-21T01:55:50] - [info] => 
    calling job method updateInterviewedCandidatesStatus ...
[2026-02-21T01:55:52] - [info] => 
    Running job  "Actualisation des statuts des newsletter" (id=nxsNewsletterRefreshLoop) ...
[2026-02-21T01:55:52] - [info] => 
    calling job method refreshNewsletterLoop ...
[2026-02-21T02:12:40] - [info] => 
    Running job  "Revert candidates from InProcess older than 14 days" (id=revertExpiredInProcessStatuses) ...
[2026-02-21T02:12:40] - [info] => 
    Running job  "Actualisation des statuts des newsletter" (id=nxsNewsletterRefreshLoop) ...
[2026-02-21T02:12:40] - [info] => 
    calling job method revertExpiredInProcessStatuses ...
[2026-02-21T02:12:40] - [info] => 
    calling job method refreshNewsletterLoop ...
[2026-02-21T02:12:41] - [info] => 
    Running job  "Actualisation des statuts des newsletter" (id=nxsNewsletterRefreshLoop) ...
[2026-02-21T02:12:41] - [info] => 
    Running job  "Revert candidates from InProcess older than 14 days" (id=revertExpiredInProcessStatuses) ...
[2026-02-21T02:12:41] - [info] => 
    calling job method refreshNewsletterLoop ...
[2026-02-21T02:12:41] - [info] => 
    calling job method revertExpiredInProcessStatuses ...
[2026-02-21T02:29:52] - [info] => 
    Running job  "Actualisation des statuts des newsletter" (id=nxsNewsletterRefreshLoop) ...
[2026-02-21T02:29:52] - [info] => 
    Running job  "Revert candidates from InProcess older than 14 days" (id=revertExpiredInProcessStatuses) ...
[2026-02-21T02:29:52] - [info] => 
    calling job method revertExpiredInProcessStatuses ...
[2026-02-21T02:29:52] - [info] => 
    calling job method refreshNewsletterLoop ...
[2026-02-21T02:39:19] - [info] => 
    Running job  "Revert candidates from InProcess older than 14 days" (id=revertExpiredInProcessStatuses) ...
[2026-02-21T02:39:19] - [info] => 
    Running job  "Actualisation des statuts des newsletter" (id=nxsNewsletterRefreshLoop) ...
[2026-02-21T02:39:19] - [info] => 
    calling job method refreshNewsletterLoop ...
[2026-02-21T02:39:19] - [info] => 
    calling job method revertExpiredInProcessStatuses ...
[2026-02-21T02:39:21] - [info] => 
    Running job  "Actualisation des statuts des newsletter" (id=nxsNewsletterRefreshLoop) ...
[2026-02-21T02:39:21] - [info] => 
    Running job  "Revert candidates from InProcess older than 14 days" (id=revertExpiredInProcessStatuses) ...
[2026-02-21T02:39:21] - [info] => 
    calling job method refreshNewsletterLoop ...
[2026-02-21T02:39:21] - [info] => 
    calling job method revertExpiredInProcessStatuses ...
[2026-02-21T02:39:21] - [info] => 
    Running job  "Actualisation des statuts des newsletter" (id=nxsNewsletterRefreshLoop) ...
[2026-02-21T02:39:21] - [info] => 
    calling job method refreshNewsletterLoop ...
[2026-02-21T03:29:47] - [info] => 
    Running job  "Nettoyage" (id=nxsJobsCleaning) ...
[2026-02-21T03:29:47] - [info] => 
    Running job  "Actualisation des statuts des newsletter" (id=nxsNewsletterRefreshLoop) ...
[2026-02-21T03:29:47] - [info] => 
    calling job method refreshNewsletterLoop ...
[2026-02-21T03:29:47] - [info] => 
    calling job method deleteOldJobHistoryAndLogs ...
[2026-02-21T03:29:47] - [info] => 
    Main clean - Début du job
[2026-02-21T03:29:47] - [info] => 
    Suppression des fichiers temporaires terminée - nombre de fichiers supprimés 
    
[2026-02-21T03:29:47] - [info] => 
    Main clean - Fin du job
[2026-02-21T03:29:47] - [info] => 
    Running job  "Actualisation des statuts des newsletter" (id=nxsNewsletterRefreshLoop) ...
[2026-02-21T03:29:47] - [info] => 
    Running job  "Nettoyage" (id=nxsJobsCleaning) ...
[2026-02-21T03:29:47] - [info] => 
    calling job method refreshNewsletterLoop ...
[2026-02-21T03:29:47] - [info] => 
    calling job method deleteOldJobHistoryAndLogs ...
[2026-02-21T03:29:47] - [info] => 
    Main clean - Début du job
[2026-02-21T03:29:47] - [info] => 
    Suppression des fichiers temporaires terminée - nombre de fichiers supprimés 
    
[2026-02-21T03:29:47] - [info] => 
    Main clean - Fin du job
[2026-02-21T03:29:47] - [info] => 
    Running job  "Actualisation des statuts des newsletter" (id=nxsNewsletterRefreshLoop) ...
[2026-02-21T03:29:48] - [info] => 
    Running job  "Nettoyage" (id=nxsJobsCleaning) ...
[2026-02-21T03:29:48] - [info] => 
    calling job method refreshNewsletterLoop ...
[2026-02-21T03:29:48] - [info] => 
    calling job method deleteOldJobHistoryAndLogs ...
[2026-02-21T03:29:48] - [info] => 
    Main clean - Début du job
[2026-02-21T03:29:48] - [info] => 
    Suppression des fichiers temporaires terminée - nombre de fichiers supprimés 
    
[2026-02-21T03:29:48] - [info] => 
    Main clean - Fin du job
[2026-02-21T03:56:34] - [info] => 
    Running job  "Nettoyage" (id=nxsJobsCleaning) ...
[2026-02-21T03:56:34] - [info] => 
    Running job  "Actualisation des statuts des newsletter" (id=nxsNewsletterRefreshLoop) ...
[2026-02-21T03:56:34] - [info] => 
    calling job method refreshNewsletterLoop ...
[2026-02-21T03:56:34] - [info] => 
    calling job method deleteOldJobHistoryAndLogs ...
[2026-02-21T03:56:34] - [info] => 
    Main clean - Début du job
[2026-02-21T03:56:34] - [info] => 
    Suppression des fichiers temporaires terminée - nombre de fichiers supprimés 
    
[2026-02-21T03:56:34] - [info] => 
    Main clean - Fin du job
[2026-02-21T03:56:34] - [info] => 
    Running job  "Actualisation des statuts des newsletter" (id=nxsNewsletterRefreshLoop) ...
[2026-02-21T03:56:34] - [info] => 
    Running job  "Nettoyage" (id=nxsJobsCleaning) ...
[2026-02-21T03:56:34] - [info] => 
    calling job method refreshNewsletterLoop ...
[2026-02-21T03:56:34] - [info] => 
    calling job method deleteOldJobHistoryAndLogs ...
[2026-02-21T03:56:34] - [info] => 
    Main clean - Début du job
[2026-02-21T03:56:34] - [info] => 
    Suppression des fichiers temporaires terminée - nombre de fichiers supprimés 
    
[2026-02-21T03:56:34] - [info] => 
    Main clean - Fin du job
[2026-02-21T03:56:34] - [info] => 
    Running job  "Actualisation des statuts des newsletter" (id=nxsNewsletterRefreshLoop) ...
[2026-02-21T03:56:34] - [info] => 
    calling job method refreshNewsletterLoop ...
[2026-02-21T03:56:34] - [info] => 
    Running job  "Actualisation des statuts des newsletter" (id=nxsNewsletterRefreshLoop) ...
[2026-02-21T03:56:34] - [info] => 
    calling job method refreshNewsletterLoop ...
[2026-02-21T03:56:34] - [info] => 
    Running job  "Actualisation des statuts des newsletter" (id=nxsNewsletterRefreshLoop) ...
[2026-02-21T03:56:34] - [info] => 
    calling job method refreshNewsletterLoop ...
[2026-02-21T04:27:48] - [info] => 
    Running job  "Actualisation des statuts des newsletter" (id=nxsNewsletterRefreshLoop) ...
[2026-02-21T04:27:48] - [info] => 
    Running job  "Nettoyage des contacts pour la newsletter" (id=nxsCleanNewsletterRecipients) ...
[2026-02-21T04:27:48] - [info] => 
    calling job method cleanNewsletterRecipients ...
[2026-02-21T04:27:48] - [info] => 
    calling job method refreshNewsletterLoop ...
[2026-02-21T04:41:18] - [info] => 
    Running job  "Actualisation des statuts des newsletter" (id=nxsNewsletterRefreshLoop) ...
[2026-02-21T04:41:18] - [info] => 
    calling job method refreshNewsletterLoop ...
[2026-02-21T04:57:46] - [info] => 
    Running job  "Actualisation des statuts des newsletter" (id=nxsNewsletterRefreshLoop) ...
[2026-02-21T04:57:46] - [info] => 
    calling job method refreshNewsletterLoop ...
[2026-02-21T05:15:19] - [info] => 
    Running job  "Actualisation des statuts des newsletter" (id=nxsNewsletterRefreshLoop) ...
[2026-02-21T05:15:19] - [info] => 
    calling job method refreshNewsletterLoop ...
[2026-02-21T05:15:19] - [info] => 
    Running job  "Actualisation des statuts des newsletter" (id=nxsNewsletterRefreshLoop) ...
[2026-02-21T05:15:19] - [info] => 
    Running job  "Nettoyage des contacts pour la newsletter" (id=nxsCleanNewsletterRecipients) ...
[2026-02-21T05:15:19] - [info] => 
    calling job method refreshNewsletterLoop ...
[2026-02-21T05:15:19] - [info] => 
    calling job method cleanNewsletterRecipients ...
[2026-02-21T05:15:20] - [info] => 
    Running job  "Actualisation des statuts des newsletter" (id=nxsNewsletterRefreshLoop) ...
[2026-02-21T05:15:20] - [info] => 
    Running job  "Nettoyage des contacts pour la newsletter" (id=nxsCleanNewsletterRecipients) ...
[2026-02-21T05:15:20] - [info] => 
    calling job method refreshNewsletterLoop ...
[2026-02-21T05:15:20] - [info] => 
    calling job method cleanNewsletterRecipients ...
[2026-02-21T05:15:20] - [info] => 
    Running job  "Actualisation des statuts des newsletter" (id=nxsNewsletterRefreshLoop) ...
[2026-02-21T05:15:20] - [info] => 
    Running job  "Nettoyage des contacts pour la newsletter" (id=nxsCleanNewsletterRecipients) ...
[2026-02-21T05:15:20] - [info] => 
    Running job  "Actualisation des statuts des newsletter" (id=nxsNewsletterRefreshLoop) ...
[2026-02-21T05:15:20] - [info] => 
    calling job method refreshNewsletterLoop ...
[2026-02-21T05:15:20] - [info] => 
    Running job  "Nettoyage des contacts pour la newsletter" (id=nxsCleanNewsletterRecipients) ...
[2026-02-21T05:15:20] - [info] => 
    calling job method cleanNewsletterRecipients ...
[2026-02-21T05:15:20] - [info] => 
    calling job method refreshNewsletterLoop ...
[2026-02-21T05:15:20] - [info] => 
    calling job method cleanNewsletterRecipients ...
[2026-02-21T05:31:47] - [info] => 
    Running job  "Actualisation des statuts des newsletter" (id=nxsNewsletterRefreshLoop) ...
[2026-02-21T05:31:47] - [info] => 
    calling job method refreshNewsletterLoop ...
[2026-02-21T05:31:47] - [info] => 
    Running job  "Actualisation des statuts des newsletter" (id=nxsNewsletterRefreshLoop) ...
[2026-02-21T05:31:47] - [info] => 
    calling job method refreshNewsletterLoop ...
[2026-02-21T05:31:47] - [info] => 
    Running job  "Actualisation des statuts des newsletter" (id=nxsNewsletterRefreshLoop) ...
[2026-02-21T05:31:48] - [info] => 
    calling job method refreshNewsletterLoop ...
[2026-02-21T05:31:52] - [info] => 
    Running job  "Actualisation des statuts des newsletter" (id=nxsNewsletterRefreshLoop) ...
[2026-02-21T05:31:52] - [info] => 
    calling job method refreshNewsletterLoop ...
[2026-02-21T05:41:30] - [info] => 
    Running job  "Actualisation des statuts des newsletter" (id=nxsNewsletterRefreshLoop) ...
[2026-02-21T05:41:30] - [info] => 
    calling job method refreshNewsletterLoop ...
[2026-02-21T05:41:30] - [info] => 
    Running job  "Actualisation des statuts des newsletter" (id=nxsNewsletterRefreshLoop) ...
[2026-02-21T05:41:30] - [info] => 
    calling job method refreshNewsletterLoop ...
[2026-02-21T05:41:30] - [info] => 
    Running job  "Actualisation des statuts des newsletter" (id=nxsNewsletterRefreshLoop) ...
[2026-02-21T05:41:30] - [info] => 
    calling job method refreshNewsletterLoop ...
[2026-02-21T05:41:32] - [info] => 
    Running job  "Actualisation des statuts des newsletter" (id=nxsNewsletterRefreshLoop) ...
[2026-02-21T05:41:32] - [info] => 
    calling job method refreshNewsletterLoop ...
[2026-02-21T05:59:03] - [info] => 
    Running job  "Actualisation des statuts des newsletter" (id=nxsNewsletterRefreshLoop) ...
[2026-02-21T05:59:03] - [info] => 
    calling job method refreshNewsletterLoop ...
[2026-02-21T06:31:33] - [info] => 
    Running job  "Actualisation des statuts des newsletter" (id=nxsNewsletterRefreshLoop) ...
[2026-02-21T06:31:33] - [info] => 
    calling job method refreshNewsletterLoop ...
[2026-02-21T06:42:29] - [info] => 
    Running job  "Actualisation des statuts des newsletter" (id=nxsNewsletterRefreshLoop) ...
[2026-02-21T06:42:29] - [info] => 
    calling job method refreshNewsletterLoop ...
[2026-02-21T06:42:29] - [info] => 
    Running job  "Actualisation des statuts des newsletter" (id=nxsNewsletterRefreshLoop) ...
[2026-02-21T06:42:29] - [info] => 
    calling job method refreshNewsletterLoop ...
[2026-02-21T06:42:29] - [info] => 
    Running job  "Actualisation des statuts des newsletter" (id=nxsNewsletterRefreshLoop) ...
[2026-02-21T06:42:29] - [info] => 
    calling job method refreshNewsletterLoop ...
[2026-02-21T06:42:32] - [info] => 
    Running job  "Actualisation des statuts des newsletter" (id=nxsNewsletterRefreshLoop) ...
[2026-02-21T06:42:32] - [info] => 
    calling job method refreshNewsletterLoop ...
[2026-02-21T06:42:34] - [info] => 
    Running job  "Actualisation des statuts des newsletter" (id=nxsNewsletterRefreshLoop) ...
[2026-02-21T06:42:34] - [info] => 
    calling job method refreshNewsletterLoop ...
[2026-02-21T07:22:52] - [info] => 
    Running job  "Actualisation des statuts des newsletter" (id=nxsNewsletterRefreshLoop) ...
[2026-02-21T07:22:52] - [info] => 
    calling job method refreshNewsletterLoop ...
[2026-02-21T07:38:19] - [info] => 
    Running job  "Actualisation des statuts des newsletter" (id=nxsNewsletterRefreshLoop) ...
[2026-02-21T07:38:19] - [info] => 
    calling job method refreshNewsletterLoop ...
[2026-02-21T07:38:19] - [info] => 
    Running job  "Actualisation des statuts des newsletter" (id=nxsNewsletterRefreshLoop) ...
[2026-02-21T07:38:19] - [info] => 
    calling job method refreshNewsletterLoop ...
[2026-02-21T07:38:19] - [info] => 
    Running job  "Actualisation des statuts des newsletter" (id=nxsNewsletterRefreshLoop) ...
[2026-02-21T07:38:19] - [info] => 
    calling job method refreshNewsletterLoop ...
[2026-02-21T07:43:31] - [info] => 
    Running job  "Actualisation des statuts des newsletter" (id=nxsNewsletterRefreshLoop) ...
[2026-02-21T07:43:31] - [info] => 
    calling job method refreshNewsletterLoop ...
[2026-02-21T07:59:25] - [info] => 
    Running job  "Actualisation des statuts des newsletter" (id=nxsNewsletterRefreshLoop) ...
[2026-02-21T07:59:25] - [info] => 
    calling job method refreshNewsletterLoop ...
[2026-02-21T08:32:56] - [info] => 
    Running job  "Actualisation des statuts des newsletter" (id=nxsNewsletterRefreshLoop) ...
[2026-02-21T08:32:56] - [info] => 
    calling job method refreshNewsletterLoop ...
[2026-02-21T08:44:35] - [info] => 
    Running job  "Actualisation des statuts des newsletter" (id=nxsNewsletterRefreshLoop) ...
[2026-02-21T08:44:35] - [info] => 
    calling job method refreshNewsletterLoop ...
[2026-02-21T08:44:35] - [info] => 
    Running job  "Actualisation des statuts des newsletter" (id=nxsNewsletterRefreshLoop) ...
[2026-02-21T08:44:35] - [info] => 
    calling job method refreshNewsletterLoop ...
[2026-02-21T08:44:35] - [info] => 
    Running job  "Actualisation des statuts des newsletter" (id=nxsNewsletterRefreshLoop) ...
[2026-02-21T08:44:35] - [info] => 
    calling job method refreshNewsletterLoop ...
[2026-02-21T08:59:39] - [info] => 
    Running job  "Actualisation des statuts des newsletter" (id=nxsNewsletterRefreshLoop) ...
[2026-02-21T08:59:39] - [info] => 
    calling job method refreshNewsletterLoop ...
[2026-02-21T08:59:42] - [info] => 
    Running job  "Actualisation des statuts des newsletter" (id=nxsNewsletterRefreshLoop) ...
[2026-02-21T08:59:42] - [info] => 
    calling job method refreshNewsletterLoop ...
[2026-02-21T09:17:20] - [info] => 
    Running job  "Actualisation des statuts des newsletter" (id=nxsNewsletterRefreshLoop) ...
[2026-02-21T09:17:20] - [info] => 
    calling job method refreshNewsletterLoop ...
[2026-02-21T09:45:34] - [info] => 
    Running job  "Actualisation des statuts des newsletter" (id=nxsNewsletterRefreshLoop) ...
[2026-02-21T09:45:34] - [info] => 
    calling job method refreshNewsletterLoop ...
[2026-02-21T09:45:35] - [info] => 
    Running job  "Actualisation des statuts des newsletter" (id=nxsNewsletterRefreshLoop) ...
[2026-02-21T09:45:35] - [info] => 
    calling job method refreshNewsletterLoop ...
[2026-02-21T10:18:10] - [info] => 
    Running job  "Actualisation des statuts des newsletter" (id=nxsNewsletterRefreshLoop) ...
[2026-02-21T10:18:10] - [info] => 
    calling job method refreshNewsletterLoop ...
[2026-02-21T10:18:10] - [info] => 
    Running job  "Actualisation des statuts des newsletter" (id=nxsNewsletterRefreshLoop) ...
[2026-02-21T10:18:10] - [info] => 
    calling job method refreshNewsletterLoop ...
[2026-02-21T10:18:10] - [info] => 
    Running job  "Actualisation des statuts des newsletter" (id=nxsNewsletterRefreshLoop) ...
[2026-02-21T10:18:10] - [info] => 
    calling job method refreshNewsletterLoop ...
[2026-02-21T10:18:27] - [info] => 
    Running job  "Actualisation des statuts des newsletter" (id=nxsNewsletterRefreshLoop) ...
[2026-02-21T10:18:27] - [info] => 
    calling job method refreshNewsletterLoop ...
[2026-02-21T10:18:33] - [info] => 
    Running job  "Actualisation des statuts des newsletter" (id=nxsNewsletterRefreshLoop) ...
[2026-02-21T10:18:33] - [info] => 
    calling job method refreshNewsletterLoop ...
[2026-02-21T10:20:00] - [info] => 
    Running job  "Actualisation des statuts des newsletter" (id=nxsNewsletterRefreshLoop) ...
[2026-02-21T10:20:00] - [info] => 
    Running job  "Actualisation des statuts des newsletter" (id=nxsNewsletterRefreshLoop) ...
[2026-02-21T10:20:00] - [info] => 
    calling job method refreshNewsletterLoop ...
[2026-02-21T10:20:00] - [info] => 
    calling job method refreshNewsletterLoop ...
[2026-02-21T10:20:00] - [info] => 
    Running job  "Actualisation des statuts des newsletter" (id=nxsNewsletterRefreshLoop) ...
[2026-02-21T10:20:00] - [info] => 
    calling job method refreshNewsletterLoop ...
[2026-02-21T10:20:00] - [info] => 
    Running job  "Actualisation des statuts des newsletter" (id=nxsNewsletterRefreshLoop) ...
[2026-02-21T10:20:00] - [info] => 
    calling job method refreshNewsletterLoop ...
[2026-02-21T10:20:00] - [info] => 
    Running job  "Actualisation des statuts des newsletter" (id=nxsNewsletterRefreshLoop) ...
[2026-02-21T10:20:00] - [info] => 
    calling job method refreshNewsletterLoop ...
[2026-02-21T10:30:00] - [info] => 
    Running job  "Actualisation des statuts des newsletter" (id=nxsNewsletterRefreshLoop) ...
[2026-02-21T10:30:00] - [info] => 
    Running job  "Actualisation des statuts des newsletter" (id=nxsNewsletterRefreshLoop) ...
[2026-02-21T10:30:00] - [info] => 
    Running job  "Actualisation des statuts des newsletter" (id=nxsNewsletterRefreshLoop) ...
[2026-02-21T10:30:00] - [info] => 
    Running job  "Actualisation des statuts des newsletter" (id=nxsNewsletterRefreshLoop) ...
[2026-02-21T10:30:00] - [info] => 
    calling job method refreshNewsletterLoop ...
[2026-02-21T10:30:00] - [info] => 
    calling job method refreshNewsletterLoop ...
[2026-02-21T10:30:00] - [info] => 
    calling job method refreshNewsletterLoop ...
[2026-02-21T10:30:00] - [info] => 
    calling job method refreshNewsletterLoop ...
[2026-02-21T10:30:00] - [info] => 
    Running job  "Actualisation des statuts des newsletter" (id=nxsNewsletterRefreshLoop) ...
[2026-02-21T10:30:00] - [info] => 
    calling job method refreshNewsletterLoop ...
[2026-02-21T10:40:00] - [info] => 
    Running job  "Actualisation des statuts des newsletter" (id=nxsNewsletterRefreshLoop) ...
[2026-02-21T10:40:00] - [info] => 
    Running job  "Actualisation des statuts des newsletter" (id=nxsNewsletterRefreshLoop) ...
[2026-02-21T10:40:00] - [info] => 
    Running job  "Actualisation des statuts des newsletter" (id=nxsNewsletterRefreshLoop) ...
[2026-02-21T10:40:00] - [info] => 
    Running job  "Actualisation des statuts des newsletter" (id=nxsNewsletterRefreshLoop) ...
[2026-02-21T10:40:00] - [info] => 
    Running job  "Actualisation des statuts des newsletter" (id=nxsNewsletterRefreshLoop) ...
[2026-02-21T10:40:00] - [info] => 
    calling job method refreshNewsletterLoop ...
[2026-02-21T10:40:00] - [info] => 
    calling job method refreshNewsletterLoop ...
[2026-02-21T10:40:00] - [info] => 
    calling job method refreshNewsletterLoop ...
[2026-02-21T10:40:00] - [info] => 
    calling job method refreshNewsletterLoop ...
[2026-02-21T10:40:00] - [info] => 
    calling job method refreshNewsletterLoop ...
[2026-02-21T11:02:09] - [info] => 
    Running job  "Actualisation des statuts des newsletter" (id=nxsNewsletterRefreshLoop) ...
[2026-02-21T11:02:09] - [info] => 
    calling job method refreshNewsletterLoop ...
[2026-02-21T11:02:09] - [info] => 
    Running job  "Actualisation des statuts des newsletter" (id=nxsNewsletterRefreshLoop) ...
[2026-02-21T11:02:09] - [info] => 
    calling job method refreshNewsletterLoop ...
[2026-02-21T11:02:09] - [info] => 
    Running job  "Actualisation des statuts des newsletter" (id=nxsNewsletterRefreshLoop) ...
[2026-02-21T11:02:09] - [info] => 
    calling job method refreshNewsletterLoop ...
[2026-02-21T11:02:10] - [info] => 
    Running job  "Actualisation des statuts des newsletter" (id=nxsNewsletterRefreshLoop) ...
[2026-02-21T11:02:10] - [info] => 
    calling job method refreshNewsletterLoop ...
[2026-02-21T11:48:49] - [info] => 
    Running job  "Actualisation des statuts des newsletter" (id=nxsNewsletterRefreshLoop) ...
[2026-02-21T11:48:49] - [info] => 
    calling job method refreshNewsletterLoop ...
[2026-02-21T11:48:53] - [info] => 
    Running job  "Actualisation des statuts des newsletter" (id=nxsNewsletterRefreshLoop) ...
[2026-02-21T11:48:53] - [info] => 
    calling job method refreshNewsletterLoop ...
[2026-02-21T11:49:01] - [info] => 
    Running job  "Actualisation des statuts des newsletter" (id=nxsNewsletterRefreshLoop) ...
[2026-02-21T11:49:01] - [info] => 
    calling job method refreshNewsletterLoop ...
[2026-02-21T11:49:01] - [info] => 
    Running job  "Actualisation des statuts des newsletter" (id=nxsNewsletterRefreshLoop) ...
[2026-02-21T11:49:01] - [info] => 
    calling job method refreshNewsletterLoop ...
[2026-02-21T11:49:01] - [info] => 
    Running job  "Actualisation des statuts des newsletter" (id=nxsNewsletterRefreshLoop) ...
[2026-02-21T11:49:01] - [info] => 
    calling job method refreshNewsletterLoop ...
[2026-02-21T12:06:56] - [info] => 
    Running job  "Actualisation des statuts des newsletter" (id=nxsNewsletterRefreshLoop) ...
[2026-02-21T12:06:56] - [info] => 
    calling job method refreshNewsletterLoop ...
[2026-02-21T12:19:46] - [info] => 
    Running job  "Actualisation des statuts des newsletter" (id=nxsNewsletterRefreshLoop) ...
[2026-02-21T12:19:46] - [info] => 
    calling job method refreshNewsletterLoop ...
[2026-02-21T12:51:04] - [info] => 
    Running job  "Actualisation des statuts des newsletter" (id=nxsNewsletterRefreshLoop) ...
[2026-02-21T12:51:04] - [info] => 
    calling job method refreshNewsletterLoop ...
[2026-02-21T12:51:04] - [info] => 
    Running job  "Actualisation des statuts des newsletter" (id=nxsNewsletterRefreshLoop) ...
[2026-02-21T12:51:04] - [info] => 
    calling job method refreshNewsletterLoop ...
[2026-02-21T12:51:04] - [info] => 
    Running job  "Actualisation des statuts des newsletter" (id=nxsNewsletterRefreshLoop) ...
[2026-02-21T12:51:04] - [info] => 
    calling job method refreshNewsletterLoop ...
[2026-02-21T12:51:05] - [info] => 
    Running job  "Actualisation des statuts des newsletter" (id=nxsNewsletterRefreshLoop) ...
[2026-02-21T12:51:05] - [info] => 
    calling job method refreshNewsletterLoop ...
[2026-02-21T13:06:41] - [info] => 
    Running job  "Actualisation des statuts des newsletter" (id=nxsNewsletterRefreshLoop) ...
[2026-02-21T13:06:41] - [info] => 
    calling job method refreshNewsletterLoop ...
[2026-02-21T13:33:12] - [info] => 
    Running job  "Actualisation des statuts des newsletter" (id=nxsNewsletterRefreshLoop) ...
[2026-02-21T13:33:12] - [info] => 
    calling job method refreshNewsletterLoop ...
[2026-02-21T13:50:47] - [info] => 
    Running job  "Actualisation des statuts des newsletter" (id=nxsNewsletterRefreshLoop) ...
[2026-02-21T13:50:47] - [info] => 
    calling job method refreshNewsletterLoop ...
[2026-02-21T13:50:47] - [info] => 
    Running job  "Actualisation des statuts des newsletter" (id=nxsNewsletterRefreshLoop) ...
[2026-02-21T13:50:47] - [info] => 
    calling job method refreshNewsletterLoop ...
[2026-02-21T13:50:47] - [info] => 
    Running job  "Actualisation des statuts des newsletter" (id=nxsNewsletterRefreshLoop) ...
[2026-02-21T13:50:47] - [info] => 
    calling job method refreshNewsletterLoop ...
[2026-02-21T13:54:34] - [info] => 
    Running job  "Actualisation des statuts des newsletter" (id=nxsNewsletterRefreshLoop) ...
[2026-02-21T13:54:34] - [info] => 
    calling job method refreshNewsletterLoop ...
[2026-02-21T14:04:59] - [info] => 
    Running job  "Actualisation des statuts des newsletter" (id=nxsNewsletterRefreshLoop) ...
[2026-02-21T14:04:59] - [info] => 
    calling job method refreshNewsletterLoop ...
[2026-02-21T14:06:00] - [info] => 
    Running job  "Actualisation des statuts des newsletter" (id=nxsNewsletterRefreshLoop) ...
[2026-02-21T14:06:00] - [info] => 
    calling job method refreshNewsletterLoop ...
[2026-02-21T14:06:00] - [info] => 
    Running job  "Actualisation des statuts des newsletter" (id=nxsNewsletterRefreshLoop) ...
[2026-02-21T14:06:00] - [info] => 
    calling job method refreshNewsletterLoop ...
[2026-02-21T14:06:00] - [info] => 
    Running job  "Actualisation des statuts des newsletter" (id=nxsNewsletterRefreshLoop) ...
[2026-02-21T14:06:00] - [info] => 
    calling job method refreshNewsletterLoop ...
[2026-02-21T14:21:43] - [info] => 
    Running job  "Actualisation des statuts des newsletter" (id=nxsNewsletterRefreshLoop) ...
[2026-02-21T14:21:43] - [info] => 
    calling job method refreshNewsletterLoop ...
[2026-02-21T14:21:57] - [info] => 
    Running job  "Actualisation des statuts des newsletter" (id=nxsNewsletterRefreshLoop) ...
[2026-02-21T14:21:57] - [info] => 
    calling job method refreshNewsletterLoop ...
[2026-02-21T14:22:07] - [info] => 
    Running job  "Actualisation des statuts des newsletter" (id=nxsNewsletterRefreshLoop) ...
[2026-02-21T14:22:07] - [info] => 
    calling job method refreshNewsletterLoop ...
[2026-02-21T14:22:07] - [info] => 
    Running job  "Actualisation des statuts des newsletter" (id=nxsNewsletterRefreshLoop) ...
[2026-02-21T14:22:07] - [info] => 
    calling job method refreshNewsletterLoop ...
[2026-02-21T14:22:07] - [info] => 
    Running job  "Actualisation des statuts des newsletter" (id=nxsNewsletterRefreshLoop) ...
[2026-02-21T14:22:07] - [info] => 
    calling job method refreshNewsletterLoop ...
[2026-02-21T14:39:18] - [info] => 
    Running job  "Actualisation des statuts des newsletter" (id=nxsNewsletterRefreshLoop) ...
[2026-02-21T14:39:18] - [info] => 
    calling job method refreshNewsletterLoop ...
[2026-02-21T14:39:18] - [info] => 
    Running job  "Actualisation des statuts des newsletter" (id=nxsNewsletterRefreshLoop) ...
[2026-02-21T14:39:18] - [info] => 
    calling job method refreshNewsletterLoop ...
[2026-02-21T14:39:18] - [info] => 
    Running job  "Actualisation des statuts des newsletter" (id=nxsNewsletterRefreshLoop) ...
[2026-02-21T14:39:18] - [info] => 
    calling job method refreshNewsletterLoop ...
[2026-02-21T14:39:21] - [info] => 
    Running job  "Actualisation des statuts des newsletter" (id=nxsNewsletterRefreshLoop) ...
[2026-02-21T14:39:21] - [info] => 
    calling job method refreshNewsletterLoop ...
[2026-02-21T14:39:24] - [info] => 
    Running job  "Actualisation des statuts des newsletter" (id=nxsNewsletterRefreshLoop) ...
[2026-02-21T14:39:24] - [info] => 
    calling job method refreshNewsletterLoop ...
[2026-02-21T15:12:38] - [info] => 
    Running job  "Actualisation des statuts des newsletter" (id=nxsNewsletterRefreshLoop) ...
[2026-02-21T15:12:38] - [info] => 
    calling job method refreshNewsletterLoop ...
[2026-02-21T15:22:45] - [info] => 
    Running job  "Actualisation des statuts des newsletter" (id=nxsNewsletterRefreshLoop) ...
[2026-02-21T15:22:45] - [info] => 
    calling job method refreshNewsletterLoop ...
[2026-02-21T15:22:46] - [info] => 
    Running job  "Actualisation des statuts des newsletter" (id=nxsNewsletterRefreshLoop) ...
[2026-02-21T15:22:46] - [info] => 
    calling job method refreshNewsletterLoop ...
[2026-02-21T15:22:46] - [info] => 
    Running job  "Actualisation des statuts des newsletter" (id=nxsNewsletterRefreshLoop) ...
[2026-02-21T15:22:46] - [info] => 
    calling job method refreshNewsletterLoop ...
[2026-02-21T15:40:11] - [info] => 
    Running job  "Actualisation des statuts des newsletter" (id=nxsNewsletterRefreshLoop) ...
[2026-02-21T15:40:11] - [info] => 
    calling job method refreshNewsletterLoop ...
[2026-02-21T15:57:25] - [info] => 
    Running job  "Actualisation des statuts des newsletter" (id=nxsNewsletterRefreshLoop) ...
[2026-02-21T15:57:25] - [info] => 
    calling job method refreshNewsletterLoop ...
[2026-02-21T16:40:06] - [info] => 
    Running job  "Actualisation des statuts des newsletter" (id=nxsNewsletterRefreshLoop) ...
[2026-02-21T16:40:06] - [info] => 
    calling job method refreshNewsletterLoop ...
[2026-02-21T16:40:06] - [info] => 
    Running job  "Actualisation des statuts des newsletter" (id=nxsNewsletterRefreshLoop) ...
[2026-02-21T16:40:06] - [info] => 
    calling job method refreshNewsletterLoop ...
[2026-02-21T16:40:06] - [info] => 
    Running job  "Actualisation des statuts des newsletter" (id=nxsNewsletterRefreshLoop) ...
[2026-02-21T16:40:06] - [info] => 
    calling job method refreshNewsletterLoop ...
[2026-02-21T16:58:01] - [info] => 
    Running job  "Actualisation des statuts des newsletter" (id=nxsNewsletterRefreshLoop) ...
[2026-02-21T16:58:01] - [info] => 
    calling job method refreshNewsletterLoop ...
[2026-02-21T17:13:40] - [info] => 
    Running job  "Actualisation des statuts des newsletter" (id=nxsNewsletterRefreshLoop) ...
[2026-02-21T17:13:40] - [info] => 
    calling job method refreshNewsletterLoop ...
[2026-02-21T17:35:59] - [info] => 
    Running job  "Actualisation des statuts des newsletter" (id=nxsNewsletterRefreshLoop) ...
[2026-02-21T17:35:59] - [info] => 
    calling job method refreshNewsletterLoop ...
[2026-02-21T17:36:07] - [info] => 
    Running job  "Actualisation des statuts des newsletter" (id=nxsNewsletterRefreshLoop) ...
[2026-02-21T17:36:07] - [info] => 
    calling job method refreshNewsletterLoop ...
[2026-02-21T17:36:07] - [info] => 
    Running job  "Actualisation des statuts des newsletter" (id=nxsNewsletterRefreshLoop) ...
[2026-02-21T17:36:07] - [info] => 
    calling job method refreshNewsletterLoop ...
[2026-02-21T17:36:07] - [info] => 
    Running job  "Actualisation des statuts des newsletter" (id=nxsNewsletterRefreshLoop) ...
[2026-02-21T17:36:07] - [info] => 
    calling job method refreshNewsletterLoop ...
[2026-02-21T17:36:13] - [info] => 
    Running job  "Actualisation des statuts des newsletter" (id=nxsNewsletterRefreshLoop) ...
[2026-02-21T17:36:13] - [info] => 
    calling job method refreshNewsletterLoop ...
[2026-02-21T17:40:00] - [info] => 
    Running job  "Actualisation des statuts des newsletter" (id=nxsNewsletterRefreshLoop) ...
[2026-02-21T17:40:00] - [info] => 
    Running job  "Actualisation des statuts des newsletter" (id=nxsNewsletterRefreshLoop) ...
[2026-02-21T17:40:00] - [info] => 
    calling job method refreshNewsletterLoop ...
[2026-02-21T17:40:00] - [info] => 
    calling job method refreshNewsletterLoop ...
[2026-02-21T17:40:00] - [info] => 
    Running job  "Actualisation des statuts des newsletter" (id=nxsNewsletterRefreshLoop) ...
[2026-02-21T17:40:00] - [info] => 
    calling job method refreshNewsletterLoop ...
[2026-02-21T17:40:00] - [info] => 
    Running job  "Actualisation des statuts des newsletter" (id=nxsNewsletterRefreshLoop) ...
[2026-02-21T17:40:00] - [info] => 
    calling job method refreshNewsletterLoop ...
[2026-02-21T17:40:00] - [info] => 
    Running job  "Actualisation des statuts des newsletter" (id=nxsNewsletterRefreshLoop) ...
[2026-02-21T17:40:00] - [info] => 
    calling job method refreshNewsletterLoop ...
[2026-02-21T17:49:03] - [info] => 
    Node app listening on port 3037
    {
  "ApiBasePath": "/Users/ranielvincentbesana/Downloads/morgan-mallet-crm-master/back",
  "db_log_enabled": true,
  "ApiScheme": "http",
  "EnvName": "development",
  "UseRedis": false,
  "FirebaseEnabled": false,
  "UseRedisCache": false,
  "MailProvider": "SMTP",
  "SmtpSecure": false,
  "IgnoreAllMailSending": true,
  "PreserveFilesInTempDirectory": false,
  "JobAdderMigrationFiles": false,
  "CandidateApplicationsMigrationCsvFiles": false,
  "ForceDeleteGCloudFiles": false,
  "UseTypeOrmMigrations": true,
  "UseRedisWebSocketAdapter": false,
  "SmsProvider": "SendInBlue",
  "IgnoreAllSmsSending": true,
  "PM2ClusterMode": false,
  "GCloudAppEngineHosted": false,
  "db_host": "localhost",
  "db_port": 3306,
  "db_user": "root",
  "db_password": "Nomia123@",
  "db_name": "mmi",
  "ApiPort": 3037,
  "SmtpHost": "smtp.mailtrap.io",
  "SmtpUser": "",
  "SmtpPassword": "",
  "SmtpPort": 465,
  "MailSender": "contact@morganmallet.agency",
  "SsrEnabled": false,
  "BaseURL": "http://localhost:4243",
  "SendInBlueApiKey": "",
  "GDriveClientSecretFileName": "gdrive-client-secret.json",
  "FirebaseDbUrl": "",
  "GoogleRecaptchaSecretKey": "6Lem774aAAAAACayqDlD3YCXqss1kFmO0UZPX-wx",
  "GDriveRootFolder": "",
  "PM2AppName": "mmi-dev",
  "HtmlTemplatesFolderName": "html_templates",
  "PublicUploadsDirectoryName": "public",
  "PrivateUploadsDirectoryName": "private",
  "PublicImagesFolder": "/Users/ranielvincentbesana/Downloads/morgan-mallet-crm-master/back/uploads/public/images",
  "PdfPublicOutputFolder": "/Users/ranielvincentbesana/Downloads/morgan-mallet-crm-master/back/uploads/public/pdf_output",
  "PdfPrivateOutputFolder": "/Users/ranielvincentbesana/Downloads/morgan-mallet-crm-master/back/uploads/private/pdf_output",
  "UploadedFilesTempDirectory": "/Users/ranielvincentbesana/Downloads/morgan-mallet-crm-master/back/uploads/uploaded-files-temp",
  "UserPrivateFilesDirectory": "/Users/ranielvincentbesana/Downloads/morgan-mallet-crm-master/back/uploads/private/users",
  "UserPublicFilesDirectory": "/Users/ranielvincentbesana/Downloads/morgan-mallet-crm-master/back/uploads/public/users",
  "CandidateApplicationsDirectory": "/Users/ranielvincentbesana/Downloads/morgan-mallet-crm-master/back/uploads/private/candidate-applications",
  "CandidateApplicationsPublicDirectory": "/Users/ranielvincentbesana/Downloads/morgan-mallet-crm-master/back/uploads/public/candidate-applications",
  "CandidatesDirectory": "/Users/ranielvincentbesana/Downloads/morgan-mallet-crm-master/back/uploads/private/candidates",
  "CandidatesPublicDirectory": "/Users/ranielvincentbesana/Downloads/morgan-mallet-crm-master/back/uploads/public/candidates",
  "PublicFolder": "/Users/ranielvincentbesana/Downloads/morgan-mallet-crm-master/back/uploads/public",
  "PublicTempFolder": "/Users/ranielvincentbesana/Downloads/morgan-mallet-crm-master/back/uploads/public/temp"
}
[2026-02-21T17:49:03] - [info] => 
    scheduling job  "Daily Interview Report - US" (id=dailyInterviewReportUS) ...
[2026-02-21T17:49:03] - [info] => 
    scheduling job  "Daily Interview Report - World" (id=dailyInterviewReportWorld) ...
[2026-02-21T17:49:03] - [info] => 
    scheduling job  "Nettoyage des contacts pour la newsletter" (id=nxsCleanNewsletterRecipients) ...
[2026-02-21T17:49:03] - [info] => 
    scheduling job  "Nettoyage" (id=nxsJobsCleaning) ...
[2026-02-21T17:49:03] - [info] => 
    scheduling job  "Actualisation des statuts des newsletter" (id=nxsNewsletterRefreshLoop) ...
[2026-02-21T17:49:03] - [info] => 
    scheduling job  "Revert candidates from InProcess older than 14 days" (id=revertExpiredInProcessStatuses) ...
[2026-02-21T17:49:03] - [info] => 
    scheduling job  "Mise à jour du statut des candidats interviewés" (id=updateInterviewedCandidatesStatus) ...
[2026-02-21T17:49:03] - [info] => 
    scheduling job  "Weekly Interview Report" (id=weeklyInterviewReport) ...
[2026-02-21T17:50:00] - [info] => 
    Running job  "Actualisation des statuts des newsletter" (id=nxsNewsletterRefreshLoop) ...
[2026-02-21T17:50:00] - [info] => 
    calling job method refreshNewsletterLoop ...
[2026-02-21T17:50:00] - [info] => 
    Running job  "Actualisation des statuts des newsletter" (id=nxsNewsletterRefreshLoop) ...
[2026-02-21T17:50:00] - [info] => 
    calling job method refreshNewsletterLoop ...
[2026-02-21T17:50:00] - [info] => 
    Running job  "Actualisation des statuts des newsletter" (id=nxsNewsletterRefreshLoop) ...
[2026-02-21T17:50:01] - [info] => 
    calling job method refreshNewsletterLoop ...
[2026-02-21T17:50:01] - [info] => 
    Running job  "Actualisation des statuts des newsletter" (id=nxsNewsletterRefreshLoop) ...
[2026-02-21T17:50:01] - [info] => 
    calling job method refreshNewsletterLoop ...
[2026-02-21T17:50:01] - [info] => 
    Running job  "Actualisation des statuts des newsletter" (id=nxsNewsletterRefreshLoop) ...
[2026-02-21T17:50:01] - [info] => 
    calling job method refreshNewsletterLoop ...
[2026-02-21T17:50:01] - [info] => 
    Running job  "Actualisation des statuts des newsletter" (id=nxsNewsletterRefreshLoop) ...
[2026-02-21T17:50:01] - [info] => 
    calling job method refreshNewsletterLoop ...
[2026-02-21T18:00:00] - [info] => 
    Running job  "Actualisation des statuts des newsletter" (id=nxsNewsletterRefreshLoop) ...
[2026-02-21T18:00:00] - [info] => 
    calling job method refreshNewsletterLoop ...
[2026-02-21T18:00:00] - [info] => 
    Running job  "Actualisation des statuts des newsletter" (id=nxsNewsletterRefreshLoop) ...
[2026-02-21T18:00:00] - [info] => 
    calling job method refreshNewsletterLoop ...
[2026-02-21T18:00:00] - [info] => 
    Running job  "Actualisation des statuts des newsletter" (id=nxsNewsletterRefreshLoop) ...
[2026-02-21T18:00:00] - [info] => 
    calling job method refreshNewsletterLoop ...
[2026-02-21T18:00:00] - [info] => 
    Running job  "Actualisation des statuts des newsletter" (id=nxsNewsletterRefreshLoop) ...
[2026-02-21T18:00:00] - [info] => 
    calling job method refreshNewsletterLoop ...
[2026-02-21T18:00:00] - [info] => 
    Running job  "Actualisation des statuts des newsletter" (id=nxsNewsletterRefreshLoop) ...
[2026-02-21T18:00:00] - [info] => 
    calling job method refreshNewsletterLoop ...
[2026-02-21T18:00:00] - [info] => 
    Running job  "Actualisation des statuts des newsletter" (id=nxsNewsletterRefreshLoop) ...
[2026-02-21T18:00:00] - [info] => 
    calling job method refreshNewsletterLoop ...
[2026-02-21T18:05:16] - [info] => 
    Node app listening on port 3037
    {
  "ApiBasePath": "/Users/ranielvincentbesana/Downloads/morgan-mallet-crm-master/back",
  "db_log_enabled": true,
  "ApiScheme": "http",
  "EnvName": "development",
  "UseRedis": false,
  "FirebaseEnabled": false,
  "UseRedisCache": false,
  "MailProvider": "SMTP",
  "SmtpSecure": false,
  "IgnoreAllMailSending": true,
  "PreserveFilesInTempDirectory": false,
  "JobAdderMigrationFiles": false,
  "CandidateApplicationsMigrationCsvFiles": false,
  "ForceDeleteGCloudFiles": false,
  "UseTypeOrmMigrations": true,
  "UseRedisWebSocketAdapter": false,
  "SmsProvider": "SendInBlue",
  "IgnoreAllSmsSending": true,
  "PM2ClusterMode": false,
  "GCloudAppEngineHosted": false,
  "db_host": "localhost",
  "db_port": 3306,
  "db_user": "root",
  "db_password": "Nomia123@",
  "db_name": "mmi",
  "ApiPort": 3037,
  "SmtpHost": "smtp.mailtrap.io",
  "SmtpUser": "",
  "SmtpPassword": "",
  "SmtpPort": 465,
  "MailSender": "contact@morganmallet.agency",
  "SsrEnabled": false,
  "BaseURL": "http://localhost:4243",
  "SendInBlueApiKey": "",
  "GDriveClientSecretFileName": "gdrive-client-secret.json",
  "FirebaseDbUrl": "",
  "GoogleRecaptchaSecretKey": "6Lem774aAAAAACayqDlD3YCXqss1kFmO0UZPX-wx",
  "GDriveRootFolder": "",
  "PM2AppName": "mmi-dev",
  "HtmlTemplatesFolderName": "html_templates",
  "PublicUploadsDirectoryName": "public",
  "PrivateUploadsDirectoryName": "private",
  "PublicImagesFolder": "/Users/ranielvincentbesana/Downloads/morgan-mallet-crm-master/back/uploads/public/images",
  "PdfPublicOutputFolder": "/Users/ranielvincentbesana/Downloads/morgan-mallet-crm-master/back/uploads/public/pdf_output",
  "PdfPrivateOutputFolder": "/Users/ranielvincentbesana/Downloads/morgan-mallet-crm-master/back/uploads/private/pdf_output",
  "UploadedFilesTempDirectory": "/Users/ranielvincentbesana/Downloads/morgan-mallet-crm-master/back/uploads/uploaded-files-temp",
  "UserPrivateFilesDirectory": "/Users/ranielvincentbesana/Downloads/morgan-mallet-crm-master/back/uploads/private/users",
  "UserPublicFilesDirectory": "/Users/ranielvincentbesana/Downloads/morgan-mallet-crm-master/back/uploads/public/users",
  "CandidateApplicationsDirectory": "/Users/ranielvincentbesana/Downloads/morgan-mallet-crm-master/back/uploads/private/candidate-applications",
  "CandidateApplicationsPublicDirectory": "/Users/ranielvincentbesana/Downloads/morgan-mallet-crm-master/back/uploads/public/candidate-applications",
  "CandidatesDirectory": "/Users/ranielvincentbesana/Downloads/morgan-mallet-crm-master/back/uploads/private/candidates",
  "CandidatesPublicDirectory": "/Users/ranielvincentbesana/Downloads/morgan-mallet-crm-master/back/uploads/public/candidates",
  "PublicFolder": "/Users/ranielvincentbesana/Downloads/morgan-mallet-crm-master/back/uploads/public",
  "PublicTempFolder": "/Users/ranielvincentbesana/Downloads/morgan-mallet-crm-master/back/uploads/public/temp"
}
[2026-02-21T18:05:16] - [info] => 
    scheduling job  "Daily Interview Report - US" (id=dailyInterviewReportUS) ...
[2026-02-21T18:05:16] - [info] => 
    scheduling job  "Daily Interview Report - World" (id=dailyInterviewReportWorld) ...
[2026-02-21T18:05:16] - [info] => 
    scheduling job  "Nettoyage des contacts pour la newsletter" (id=nxsCleanNewsletterRecipients) ...
[2026-02-21T18:05:16] - [info] => 
    scheduling job  "Nettoyage" (id=nxsJobsCleaning) ...
[2026-02-21T18:05:16] - [info] => 
    scheduling job  "Actualisation des statuts des newsletter" (id=nxsNewsletterRefreshLoop) ...
[2026-02-21T18:05:16] - [info] => 
    scheduling job  "Revert candidates from InProcess older than 14 days" (id=revertExpiredInProcessStatuses) ...
[2026-02-21T18:05:16] - [info] => 
    scheduling job  "Mise à jour du statut des candidats interviewés" (id=updateInterviewedCandidatesStatus) ...
[2026-02-21T18:05:16] - [info] => 
    scheduling job  "Weekly Interview Report" (id=weeklyInterviewReport) ...
[2026-02-21T18:10:00] - [info] => 
    Running job  "Actualisation des statuts des newsletter" (id=nxsNewsletterRefreshLoop) ...
[2026-02-21T18:10:00] - [info] => 
    calling job method refreshNewsletterLoop ...
[2026-02-21T18:10:00] - [info] => 
    Running job  "Actualisation des statuts des newsletter" (id=nxsNewsletterRefreshLoop) ...
[2026-02-21T18:10:00] - [info] => 
    calling job method refreshNewsletterLoop ...
[2026-02-21T18:10:00] - [info] => 
    Running job  "Actualisation des statuts des newsletter" (id=nxsNewsletterRefreshLoop) ...
[2026-02-21T18:10:00] - [info] => 
    calling job method refreshNewsletterLoop ...
[2026-02-21T18:10:00] - [info] => 
    Running job  "Actualisation des statuts des newsletter" (id=nxsNewsletterRefreshLoop) ...
[2026-02-21T18:10:00] - [info] => 
    calling job method refreshNewsletterLoop ...
[2026-02-21T18:10:00] - [info] => 
    Running job  "Actualisation des statuts des newsletter" (id=nxsNewsletterRefreshLoop) ...
[2026-02-21T18:10:00] - [info] => 
    calling job method refreshNewsletterLoop ...
[2026-02-21T18:10:01] - [info] => 
    Running job  "Actualisation des statuts des newsletter" (id=nxsNewsletterRefreshLoop) ...
[2026-02-21T18:10:01] - [info] => 
    calling job method refreshNewsletterLoop ...
[2026-02-21T18:10:01] - [info] => 
    Running job  "Actualisation des statuts des newsletter" (id=nxsNewsletterRefreshLoop) ...
[2026-02-21T18:10:01] - [info] => 
    calling job method refreshNewsletterLoop ...
[2026-02-21T18:20:00] - [info] => 
    Running job  "Actualisation des statuts des newsletter" (id=nxsNewsletterRefreshLoop) ...
[2026-02-21T18:20:00] - [info] => 
    calling job method refreshNewsletterLoop ...
[2026-02-21T18:20:00] - [info] => 
    Running job  "Actualisation des statuts des newsletter" (id=nxsNewsletterRefreshLoop) ...
[2026-02-21T18:20:00] - [info] => 
    calling job method refreshNewsletterLoop ...
[2026-02-21T18:20:00] - [info] => 
    Running job  "Actualisation des statuts des newsletter" (id=nxsNewsletterRefreshLoop) ...
[2026-02-21T18:20:00] - [info] => 
    calling job method refreshNewsletterLoop ...
[2026-02-21T18:20:00] - [info] => 
    Running job  "Actualisation des statuts des newsletter" (id=nxsNewsletterRefreshLoop) ...
[2026-02-21T18:20:00] - [info] => 
    calling job method refreshNewsletterLoop ...
[2026-02-21T18:20:00] - [info] => 
    Running job  "Actualisation des statuts des newsletter" (id=nxsNewsletterRefreshLoop) ...
[2026-02-21T18:20:00] - [info] => 
    calling job method refreshNewsletterLoop ...
[2026-02-21T18:20:00] - [info] => 
    Running job  "Actualisation des statuts des newsletter" (id=nxsNewsletterRefreshLoop) ...
[2026-02-21T18:20:00] - [info] => 
    calling job method refreshNewsletterLoop ...
[2026-02-21T18:20:00] - [info] => 
    Running job  "Actualisation des statuts des newsletter" (id=nxsNewsletterRefreshLoop) ...
[2026-02-21T18:20:00] - [info] => 
    calling job method refreshNewsletterLoop ...
[2026-02-21T18:30:00] - [info] => 
    Running job  "Actualisation des statuts des newsletter" (id=nxsNewsletterRefreshLoop) ...
[2026-02-21T18:30:00] - [info] => 
    Running job  "Actualisation des statuts des newsletter" (id=nxsNewsletterRefreshLoop) ...
[2026-02-21T18:30:00] - [info] => 
    Running job  "Actualisation des statuts des newsletter" (id=nxsNewsletterRefreshLoop) ...
[2026-02-21T18:30:00] - [info] => 
    calling job method refreshNewsletterLoop ...
[2026-02-21T18:30:00] - [info] => 
    calling job method refreshNewsletterLoop ...
[2026-02-21T18:30:00] - [info] => 
    calling job method refreshNewsletterLoop ...
[2026-02-21T18:30:00] - [info] => 
    Running job  "Actualisation des statuts des newsletter" (id=nxsNewsletterRefreshLoop) ...
[2026-02-21T18:30:00] - [info] => 
    Running job  "Actualisation des statuts des newsletter" (id=nxsNewsletterRefreshLoop) ...
[2026-02-21T18:30:00] - [info] => 
    calling job method refreshNewsletterLoop ...
[2026-02-21T18:30:00] - [info] => 
    calling job method refreshNewsletterLoop ...
[2026-02-21T18:30:00] - [info] => 
    Running job  "Actualisation des statuts des newsletter" (id=nxsNewsletterRefreshLoop) ...
[2026-02-21T18:30:00] - [info] => 
    calling job method refreshNewsletterLoop ...
[2026-02-21T18:30:00] - [info] => 
    Running job  "Actualisation des statuts des newsletter" (id=nxsNewsletterRefreshLoop) ...
[2026-02-21T18:30:00] - [info] => 
    calling job method refreshNewsletterLoop ...
[2026-02-21T18:40:00] - [info] => 
    Running job  "Actualisation des statuts des newsletter" (id=nxsNewsletterRefreshLoop) ...
[2026-02-21T18:40:00] - [info] => 
    Running job  "Actualisation des statuts des newsletter" (id=nxsNewsletterRefreshLoop) ...
[2026-02-21T18:40:00] - [info] => 
    Running job  "Actualisation des statuts des newsletter" (id=nxsNewsletterRefreshLoop) ...
[2026-02-21T18:40:00] - [info] => 
    Running job  "Actualisation des statuts des newsletter" (id=nxsNewsletterRefreshLoop) ...
[2026-02-21T18:40:00] - [info] => 
    Running job  "Actualisation des statuts des newsletter" (id=nxsNewsletterRefreshLoop) ...
[2026-02-21T18:40:00] - [info] => 
    calling job method refreshNewsletterLoop ...
[2026-02-21T18:40:00] - [info] => 
    calling job method refreshNewsletterLoop ...
[2026-02-21T18:40:00] - [info] => 
    calling job method refreshNewsletterLoop ...
[2026-02-21T18:40:00] - [info] => 
    calling job method refreshNewsletterLoop ...
[2026-02-21T18:40:00] - [info] => 
    calling job method refreshNewsletterLoop ...
[2026-02-21T18:40:00] - [info] => 
    Running job  "Actualisation des statuts des newsletter" (id=nxsNewsletterRefreshLoop) ...
[2026-02-21T18:40:00] - [info] => 
    calling job method refreshNewsletterLoop ...
[2026-02-21T18:40:00] - [info] => 
    Running job  "Actualisation des statuts des newsletter" (id=nxsNewsletterRefreshLoop) ...
[2026-02-21T18:40:00] - [info] => 
    calling job method refreshNewsletterLoop ...
[2026-02-21T18:50:00] - [info] => 
    Running job  "Actualisation des statuts des newsletter" (id=nxsNewsletterRefreshLoop) ...
[2026-02-21T18:50:00] - [info] => 
    Running job  "Actualisation des statuts des newsletter" (id=nxsNewsletterRefreshLoop) ...
[2026-02-21T18:50:00] - [info] => 
    Running job  "Actualisation des statuts des newsletter" (id=nxsNewsletterRefreshLoop) ...
[2026-02-21T18:50:00] - [info] => 
    Running job  "Actualisation des statuts des newsletter" (id=nxsNewsletterRefreshLoop) ...
[2026-02-21T18:50:00] - [info] => 
    calling job method refreshNewsletterLoop ...
[2026-02-21T18:50:00] - [info] => 
    calling job method refreshNewsletterLoop ...
[2026-02-21T18:50:00] - [info] => 
    calling job method refreshNewsletterLoop ...
[2026-02-21T18:50:00] - [info] => 
    Running job  "Actualisation des statuts des newsletter" (id=nxsNewsletterRefreshLoop) ...
[2026-02-21T18:50:00] - [info] => 
    calling job method refreshNewsletterLoop ...
[2026-02-21T18:50:00] - [info] => 
    calling job method refreshNewsletterLoop ...
[2026-02-21T18:50:00] - [info] => 
    Running job  "Actualisation des statuts des newsletter" (id=nxsNewsletterRefreshLoop) ...
[2026-02-21T18:50:00] - [info] => 
    calling job method refreshNewsletterLoop ...
[2026-02-21T18:50:00] - [info] => 
    Running job  "Actualisation des statuts des newsletter" (id=nxsNewsletterRefreshLoop) ...
[2026-02-21T18:50:00] - [info] => 
    calling job method refreshNewsletterLoop ...
[2026-02-21T19:00:00] - [info] => 
    Running job  "Actualisation des statuts des newsletter" (id=nxsNewsletterRefreshLoop) ...
[2026-02-21T19:00:00] - [info] => 
    Running job  "Actualisation des statuts des newsletter" (id=nxsNewsletterRefreshLoop) ...
[2026-02-21T19:00:00] - [info] => 
    Running job  "Actualisation des statuts des newsletter" (id=nxsNewsletterRefreshLoop) ...
[2026-02-21T19:00:00] - [info] => 
    calling job method refreshNewsletterLoop ...
[2026-02-21T19:00:00] - [info] => 
    calling job method refreshNewsletterLoop ...
[2026-02-21T19:00:00] - [info] => 
    calling job method refreshNewsletterLoop ...
[2026-02-21T19:00:00] - [info] => 
    Running job  "Actualisation des statuts des newsletter" (id=nxsNewsletterRefreshLoop) ...
[2026-02-21T19:00:00] - [info] => 
    Running job  "Actualisation des statuts des newsletter" (id=nxsNewsletterRefreshLoop) ...
[2026-02-21T19:00:00] - [info] => 
    Running job  "Actualisation des statuts des newsletter" (id=nxsNewsletterRefreshLoop) ...
[2026-02-21T19:00:00] - [info] => 
    calling job method refreshNewsletterLoop ...
[2026-02-21T19:00:00] - [info] => 
    calling job method refreshNewsletterLoop ...
[2026-02-21T19:00:00] - [info] => 
    calling job method refreshNewsletterLoop ...
[2026-02-21T19:00:00] - [info] => 
    Running job  "Actualisation des statuts des newsletter" (id=nxsNewsletterRefreshLoop) ...
[2026-02-21T19:00:00] - [info] => 
    calling job method refreshNewsletterLoop ...
[2026-02-21T19:10:19] - [info] => 
    Running job  "Actualisation des statuts des newsletter" (id=nxsNewsletterRefreshLoop) ...
[2026-02-21T19:10:19] - [info] => 
    calling job method refreshNewsletterLoop ...
[2026-02-21T19:10:28] - [info] => 
    Running job  "Actualisation des statuts des newsletter" (id=nxsNewsletterRefreshLoop) ...
[2026-02-21T19:10:28] - [info] => 
    Running job  "Actualisation des statuts des newsletter" (id=nxsNewsletterRefreshLoop) ...
[2026-02-21T19:10:28] - [info] => 
    Running job  "Actualisation des statuts des newsletter" (id=nxsNewsletterRefreshLoop) ...
[2026-02-21T19:10:28] - [info] => 
    Running job  "Actualisation des statuts des newsletter" (id=nxsNewsletterRefreshLoop) ...
[2026-02-21T19:10:28] - [info] => 
    calling job method refreshNewsletterLoop ...
[2026-02-21T19:10:28] - [info] => 
    calling job method refreshNewsletterLoop ...
[2026-02-21T19:10:28] - [info] => 
    calling job method refreshNewsletterLoop ...
[2026-02-21T19:10:28] - [info] => 
    Running job  "Actualisation des statuts des newsletter" (id=nxsNewsletterRefreshLoop) ...
[2026-02-21T19:10:28] - [info] => 
    calling job method refreshNewsletterLoop ...
[2026-02-21T19:10:28] - [info] => 
    Running job  "Actualisation des statuts des newsletter" (id=nxsNewsletterRefreshLoop) ...
[2026-02-21T19:10:28] - [info] => 
    calling job method refreshNewsletterLoop ...
[2026-02-21T19:10:28] - [info] => 
    calling job method refreshNewsletterLoop ...
[2026-02-21T19:20:00] - [info] => 
    Running job  "Actualisation des statuts des newsletter" (id=nxsNewsletterRefreshLoop) ...
[2026-02-21T19:20:00] - [info] => 
    Running job  "Actualisation des statuts des newsletter" (id=nxsNewsletterRefreshLoop) ...
[2026-02-21T19:20:00] - [info] => 
    Running job  "Actualisation des statuts des newsletter" (id=nxsNewsletterRefreshLoop) ...
[2026-02-21T19:20:00] - [info] => 
    Running job  "Actualisation des statuts des newsletter" (id=nxsNewsletterRefreshLoop) ...
[2026-02-21T19:20:00] - [info] => 
    calling job method refreshNewsletterLoop ...
[2026-02-21T19:20:00] - [info] => 
    calling job method refreshNewsletterLoop ...
[2026-02-21T19:20:00] - [info] => 
    Running job  "Actualisation des statuts des newsletter" (id=nxsNewsletterRefreshLoop) ...
[2026-02-21T19:20:00] - [info] => 
    calling job method refreshNewsletterLoop ...
[2026-02-21T19:20:00] - [info] => 
    calling job method refreshNewsletterLoop ...
[2026-02-21T19:20:00] - [info] => 
    calling job method refreshNewsletterLoop ...
[2026-02-21T19:20:00] - [info] => 
    Running job  "Actualisation des statuts des newsletter" (id=nxsNewsletterRefreshLoop) ...
[2026-02-21T19:20:00] - [info] => 
    calling job method refreshNewsletterLoop ...
[2026-02-21T19:20:00] - [info] => 
    Running job  "Actualisation des statuts des newsletter" (id=nxsNewsletterRefreshLoop) ...
[2026-02-21T19:20:00] - [info] => 
    calling job method refreshNewsletterLoop ...
[2026-02-21T19:30:00] - [info] => 
    Running job  "Actualisation des statuts des newsletter" (id=nxsNewsletterRefreshLoop) ...
[2026-02-21T19:30:00] - [info] => 
    Running job  "Actualisation des statuts des newsletter" (id=nxsNewsletterRefreshLoop) ...
[2026-02-21T19:30:00] - [info] => 
    calling job method refreshNewsletterLoop ...
[2026-02-21T19:30:00] - [info] => 
    calling job method refreshNewsletterLoop ...
[2026-02-21T19:30:00] - [info] => 
    Running job  "Actualisation des statuts des newsletter" (id=nxsNewsletterRefreshLoop) ...
[2026-02-21T19:30:00] - [info] => 
    calling job method refreshNewsletterLoop ...
[2026-02-21T19:30:00] - [info] => 
    Running job  "Actualisation des statuts des newsletter" (id=nxsNewsletterRefreshLoop) ...
[2026-02-21T19:30:00] - [info] => 
    calling job method refreshNewsletterLoop ...
[2026-02-21T19:30:00] - [info] => 
    Running job  "Actualisation des statuts des newsletter" (id=nxsNewsletterRefreshLoop) ...
[2026-02-21T19:30:00] - [info] => 
    calling job method refreshNewsletterLoop ...
[2026-02-21T19:30:00] - [info] => 
    Running job  "Actualisation des statuts des newsletter" (id=nxsNewsletterRefreshLoop) ...
[2026-02-21T19:30:00] - [info] => 
    calling job method refreshNewsletterLoop ...
[2026-02-21T19:30:00] - [info] => 
    Running job  "Actualisation des statuts des newsletter" (id=nxsNewsletterRefreshLoop) ...
[2026-02-21T19:30:00] - [info] => 
    calling job method refreshNewsletterLoop ...
[2026-02-21T19:40:00] - [info] => 
    Running job  "Actualisation des statuts des newsletter" (id=nxsNewsletterRefreshLoop) ...
[2026-02-21T19:40:00] - [info] => 
    Running job  "Actualisation des statuts des newsletter" (id=nxsNewsletterRefreshLoop) ...
[2026-02-21T19:40:00] - [info] => 
    Running job  "Actualisation des statuts des newsletter" (id=nxsNewsletterRefreshLoop) ...
[2026-02-21T19:40:00] - [info] => 
    calling job method refreshNewsletterLoop ...
[2026-02-21T19:40:00] - [info] => 
    calling job method refreshNewsletterLoop ...
[2026-02-21T19:40:00] - [info] => 
    Running job  "Actualisation des statuts des newsletter" (id=nxsNewsletterRefreshLoop) ...
[2026-02-21T19:40:00] - [info] => 
    calling job method refreshNewsletterLoop ...
[2026-02-21T19:40:00] - [info] => 
    Running job  "Actualisation des statuts des newsletter" (id=nxsNewsletterRefreshLoop) ...
[2026-02-21T19:40:00] - [info] => 
    Running job  "Actualisation des statuts des newsletter" (id=nxsNewsletterRefreshLoop) ...
[2026-02-21T19:40:00] - [info] => 
    calling job method refreshNewsletterLoop ...
[2026-02-21T19:40:00] - [info] => 
    calling job method refreshNewsletterLoop ...
[2026-02-21T19:40:00] - [info] => 
    calling job method refreshNewsletterLoop ...
[2026-02-21T19:40:00] - [info] => 
    Running job  "Actualisation des statuts des newsletter" (id=nxsNewsletterRefreshLoop) ...
[2026-02-21T19:40:00] - [info] => 
    calling job method refreshNewsletterLoop ...
[2026-02-21T20:05:14] - [info] => 
    Running job  "Actualisation des statuts des newsletter" (id=nxsNewsletterRefreshLoop) ...
[2026-02-21T20:05:14] - [info] => 
    calling job method refreshNewsletterLoop ...
[2026-02-21T20:37:45] - [info] => 
    Running job  "Actualisation des statuts des newsletter" (id=nxsNewsletterRefreshLoop) ...
[2026-02-21T20:37:45] - [info] => 
    Running job  "Actualisation des statuts des newsletter" (id=nxsNewsletterRefreshLoop) ...
[2026-02-21T20:37:45] - [info] => 
    Running job  "Actualisation des statuts des newsletter" (id=nxsNewsletterRefreshLoop) ...
[2026-02-21T20:37:45] - [info] => 
    calling job method refreshNewsletterLoop ...
[2026-02-21T20:37:45] - [info] => 
    calling job method refreshNewsletterLoop ...
[2026-02-21T20:37:45] - [info] => 
    calling job method refreshNewsletterLoop ...
[2026-02-21T20:37:45] - [info] => 
    Running job  "Actualisation des statuts des newsletter" (id=nxsNewsletterRefreshLoop) ...
[2026-02-21T20:37:45] - [info] => 
    calling job method refreshNewsletterLoop ...
[2026-02-21T20:37:45] - [info] => 
    Running job  "Actualisation des statuts des newsletter" (id=nxsNewsletterRefreshLoop) ...
[2026-02-21T20:37:45] - [info] => 
    Running job  "Actualisation des statuts des newsletter" (id=nxsNewsletterRefreshLoop) ...
[2026-02-21T20:37:45] - [info] => 
    calling job method refreshNewsletterLoop ...
[2026-02-21T20:37:45] - [info] => 
    calling job method refreshNewsletterLoop ...
[2026-02-21T20:48:53] - [info] => 
    Running job  "Actualisation des statuts des newsletter" (id=nxsNewsletterRefreshLoop) ...
[2026-02-21T20:48:53] - [info] => 
    calling job method refreshNewsletterLoop ...
[2026-02-21T20:49:13] - [info] => 
    Running job  "Actualisation des statuts des newsletter" (id=nxsNewsletterRefreshLoop) ...
[2026-02-21T20:49:13] - [info] => 
    Running job  "Actualisation des statuts des newsletter" (id=nxsNewsletterRefreshLoop) ...
[2026-02-21T20:49:13] - [info] => 
    calling job method refreshNewsletterLoop ...
[2026-02-21T20:49:13] - [info] => 
    calling job method refreshNewsletterLoop ...
[2026-02-21T20:49:13] - [info] => 
    Running job  "Actualisation des statuts des newsletter" (id=nxsNewsletterRefreshLoop) ...
[2026-02-21T20:49:13] - [info] => 
    calling job method refreshNewsletterLoop ...
[2026-02-21T20:49:13] - [info] => 
    Running job  "Actualisation des statuts des newsletter" (id=nxsNewsletterRefreshLoop) ...
[2026-02-21T20:49:13] - [info] => 
    calling job method refreshNewsletterLoop ...
[2026-02-21T20:49:13] - [info] => 
    Running job  "Actualisation des statuts des newsletter" (id=nxsNewsletterRefreshLoop) ...
[2026-02-21T20:49:13] - [info] => 
    calling job method refreshNewsletterLoop ...
[2026-02-21T20:49:13] - [info] => 
    Running job  "Actualisation des statuts des newsletter" (id=nxsNewsletterRefreshLoop) ...
[2026-02-21T20:49:13] - [info] => 
    calling job method refreshNewsletterLoop ...
[2026-02-21T20:50:00] - [info] => 
    Running job  "Actualisation des statuts des newsletter" (id=nxsNewsletterRefreshLoop) ...
[2026-02-21T20:50:00] - [info] => 
    calling job method refreshNewsletterLoop ...
[2026-02-21T20:50:00] - [info] => 
    Running job  "Actualisation des statuts des newsletter" (id=nxsNewsletterRefreshLoop) ...
[2026-02-21T20:50:00] - [info] => 
    calling job method refreshNewsletterLoop ...
[2026-02-21T20:50:00] - [info] => 
    Running job  "Actualisation des statuts des newsletter" (id=nxsNewsletterRefreshLoop) ...
[2026-02-21T20:50:00] - [info] => 
    calling job method refreshNewsletterLoop ...
[2026-02-21T20:50:00] - [info] => 
    Running job  "Actualisation des statuts des newsletter" (id=nxsNewsletterRefreshLoop) ...
[2026-02-21T20:50:00] - [info] => 
    calling job method refreshNewsletterLoop ...
[2026-02-21T20:50:00] - [info] => 
    Running job  "Actualisation des statuts des newsletter" (id=nxsNewsletterRefreshLoop) ...
[2026-02-21T20:50:00] - [info] => 
    calling job method refreshNewsletterLoop ...
[2026-02-21T20:50:00] - [info] => 
    Running job  "Actualisation des statuts des newsletter" (id=nxsNewsletterRefreshLoop) ...
[2026-02-21T20:50:00] - [info] => 
    calling job method refreshNewsletterLoop ...
[2026-02-21T20:50:00] - [info] => 
    Running job  "Actualisation des statuts des newsletter" (id=nxsNewsletterRefreshLoop) ...
[2026-02-21T20:50:00] - [info] => 
    calling job method refreshNewsletterLoop ...
[2026-02-21T21:13:57] - [info] => 
    Running job  "Actualisation des statuts des newsletter" (id=nxsNewsletterRefreshLoop) ...
[2026-02-21T21:13:57] - [info] => 
    Running job  "Actualisation des statuts des newsletter" (id=nxsNewsletterRefreshLoop) ...
[2026-02-21T21:13:57] - [info] => 
    calling job method refreshNewsletterLoop ...
[2026-02-21T21:13:57] - [info] => 
    calling job method refreshNewsletterLoop ...
[2026-02-21T21:13:57] - [info] => 
    Running job  "Actualisation des statuts des newsletter" (id=nxsNewsletterRefreshLoop) ...
[2026-02-21T21:13:57] - [info] => 
    calling job method refreshNewsletterLoop ...
[2026-02-21T21:13:57] - [info] => 
    Running job  "Actualisation des statuts des newsletter" (id=nxsNewsletterRefreshLoop) ...
[2026-02-21T21:13:57] - [info] => 
    calling job method refreshNewsletterLoop ...
[2026-02-21T21:13:57] - [info] => 
    Running job  "Actualisation des statuts des newsletter" (id=nxsNewsletterRefreshLoop) ...
[2026-02-21T21:13:57] - [info] => 
    Running job  "Actualisation des statuts des newsletter" (id=nxsNewsletterRefreshLoop) ...
[2026-02-21T21:13:57] - [info] => 
    calling job method refreshNewsletterLoop ...
[2026-02-21T21:13:57] - [info] => 
    Running job  "Actualisation des statuts des newsletter" (id=nxsNewsletterRefreshLoop) ...
[2026-02-21T21:13:57] - [info] => 
    calling job method refreshNewsletterLoop ...
[2026-02-21T21:13:57] - [info] => 
    calling job method refreshNewsletterLoop ...
[2026-02-21T21:29:17] - [info] => 
    Running job  "Actualisation des statuts des newsletter" (id=nxsNewsletterRefreshLoop) ...
[2026-02-21T21:29:17] - [info] => 
    Running job  "Actualisation des statuts des newsletter" (id=nxsNewsletterRefreshLoop) ...
[2026-02-21T21:29:18] - [info] => 
    calling job method refreshNewsletterLoop ...
[2026-02-21T21:29:18] - [info] => 
    calling job method refreshNewsletterLoop ...
[2026-02-21T21:46:20] - [info] => 
    Running job  "Actualisation des statuts des newsletter" (id=nxsNewsletterRefreshLoop) ...
[2026-02-21T21:46:20] - [info] => 
    calling job method refreshNewsletterLoop ...
[2026-02-21T22:01:58] - [info] => 
    Running job  "Actualisation des statuts des newsletter" (id=nxsNewsletterRefreshLoop) ...
[2026-02-21T22:01:58] - [info] => 
    calling job method refreshNewsletterLoop ...
[2026-02-21T22:34:33] - [info] => 
    Running job  "Actualisation des statuts des newsletter" (id=nxsNewsletterRefreshLoop) ...
[2026-02-21T22:34:33] - [info] => 
    calling job method refreshNewsletterLoop ...
[2026-02-21T22:34:33] - [info] => 
    Running job  "Actualisation des statuts des newsletter" (id=nxsNewsletterRefreshLoop) ...
[2026-02-21T22:34:33] - [info] => 
    calling job method refreshNewsletterLoop ...
[2026-02-21T22:34:33] - [info] => 
    Running job  "Actualisation des statuts des newsletter" (id=nxsNewsletterRefreshLoop) ...
[2026-02-21T22:34:33] - [info] => 
    Running job  "Actualisation des statuts des newsletter" (id=nxsNewsletterRefreshLoop) ...
[2026-02-21T22:34:33] - [info] => 
    calling job method refreshNewsletterLoop ...
[2026-02-21T22:34:33] - [info] => 
    calling job method refreshNewsletterLoop ...
[2026-02-21T22:34:33] - [info] => 
    Running job  "Actualisation des statuts des newsletter" (id=nxsNewsletterRefreshLoop) ...
[2026-02-21T22:34:33] - [info] => 
    calling job method refreshNewsletterLoop ...
[2026-02-21T22:34:37] - [info] => 
    Running job  "Actualisation des statuts des newsletter" (id=nxsNewsletterRefreshLoop) ...
[2026-02-21T22:34:37] - [info] => 
    calling job method refreshNewsletterLoop ...
[2026-02-21T22:57:18] - [info] => 
    Running job  "Actualisation des statuts des newsletter" (id=nxsNewsletterRefreshLoop) ...
[2026-02-21T22:57:18] - [info] => 
    calling job method refreshNewsletterLoop ...
[2026-02-21T23:30:06] - [info] => 
    Running job  "Actualisation des statuts des newsletter" (id=nxsNewsletterRefreshLoop) ...
[2026-02-21T23:30:06] - [info] => 
    calling job method refreshNewsletterLoop ...
[2026-02-21T23:45:16] - [info] => 
    Running job  "Actualisation des statuts des newsletter" (id=nxsNewsletterRefreshLoop) ...
[2026-02-21T23:45:16] - [info] => 
    calling job method refreshNewsletterLoop ...
[2026-02-21T23:45:16] - [info] => 
    Running job  "Actualisation des statuts des newsletter" (id=nxsNewsletterRefreshLoop) ...
[2026-02-21T23:45:16] - [info] => 
    Running job  "Actualisation des statuts des newsletter" (id=nxsNewsletterRefreshLoop) ...
[2026-02-21T23:45:16] - [info] => 
    calling job method refreshNewsletterLoop ...
[2026-02-21T23:45:16] - [info] => 
    calling job method refreshNewsletterLoop ...
[2026-02-21T23:45:16] - [info] => 
    Running job  "Actualisation des statuts des newsletter" (id=nxsNewsletterRefreshLoop) ...
[2026-02-21T23:45:16] - [info] => 
    calling job method refreshNewsletterLoop ...
[2026-02-21T23:45:16] - [info] => 
    Running job  "Actualisation des statuts des newsletter" (id=nxsNewsletterRefreshLoop) ...
[2026-02-21T23:45:16] - [info] => 
    calling job method refreshNewsletterLoop ...