
[2026-02-20T00:11:42] - [info] => 
    Running job  "Actualisation des statuts des newsletter" (id=nxsNewsletterRefreshLoop) ...
[2026-02-20T00:11:42] - [info] => 
    Running job  "Daily Interview Report - World" (id=dailyInterviewReportWorld) ...
[2026-02-20T00:11:42] - [info] => 
    calling job method refreshNewsletterLoop ...
[2026-02-20T00:11:42] - [info] => 
    calling job method sendDailyInterviewReportWorld ...
[2026-02-20T00:28:57] - [info] => 
    Running job  "Actualisation des statuts des newsletter" (id=nxsNewsletterRefreshLoop) ...
[2026-02-20T00:28:57] - [info] => 
    Daily interview report sent for world - 0/22 met goal
[2026-02-20T00:28:57] - [info] => 
    calling job method refreshNewsletterLoop ...
[2026-02-20T01:02:00] - [info] => 
    Running job  "Actualisation des statuts des newsletter" (id=nxsNewsletterRefreshLoop) ...
[2026-02-20T01:02:00] - [info] => 
    Running job  "Mise à jour du statut des candidats interviewés" (id=updateInterviewedCandidatesStatus) ...
[2026-02-20T01:02:00] - [info] => 
    calling job method refreshNewsletterLoop ...
[2026-02-20T01:02:00] - [info] => 
    calling job method updateInterviewedCandidatesStatus ...
[2026-02-20T01:20:21] - [info] => 
    Running job  "Actualisation des statuts des newsletter" (id=nxsNewsletterRefreshLoop) ...
[2026-02-20T01:20:21] - [info] => 
    calling job method refreshNewsletterLoop ...
[2026-02-20T01:36:27] - [info] => 
    Running job  "Actualisation des statuts des newsletter" (id=nxsNewsletterRefreshLoop) ...
[2026-02-20T01:36:27] - [info] => 
    calling job method refreshNewsletterLoop ...
[2026-02-20T10:37:08] - [info] => 
    Node app listening on port 3037
    {
  "ApiBasePath": "/Users/ranielvincentbesana/Downloads/morgan-mallet-crm-master/back",
  "db_log_enabled": true,
  "ApiScheme": "http",
  "EnvName": "development",
  "UseRedis": false,
  "FirebaseEnabled": false,
  "UseRedisCache": false,
  "MailProvider": "SMTP",
  "SmtpSecure": false,
  "IgnoreAllMailSending": true,
  "PreserveFilesInTempDirectory": false,
  "JobAdderMigrationFiles": false,
  "CandidateApplicationsMigrationCsvFiles": false,
  "ForceDeleteGCloudFiles": false,
  "UseTypeOrmMigrations": true,
  "UseRedisWebSocketAdapter": false,
  "SmsProvider": "SendInBlue",
  "IgnoreAllSmsSending": true,
  "PM2ClusterMode": false,
  "GCloudAppEngineHosted": false,
  "db_host": "localhost",
  "db_port": 3306,
  "db_user": "root",
  "db_password": "Nomia123@",
  "db_name": "mmi",
  "ApiPort": 3037,
  "SmtpHost": "smtp.mailtrap.io",
  "SmtpUser": "",
  "SmtpPassword": "",
  "SmtpPort": 465,
  "MailSender": "contact@morganmallet.agency",
  "SsrEnabled": false,
  "BaseURL": "http://localhost:4243",
  "SendInBlueApiKey": "",
  "GDriveClientSecretFileName": "gdrive-client-secret.json",
  "FirebaseDbUrl": "",
  "GoogleRecaptchaSecretKey": "6Lem774aAAAAACayqDlD3YCXqss1kFmO0UZPX-wx",
  "GDriveRootFolder": "",
  "PM2AppName": "mmi-dev",
  "HtmlTemplatesFolderName": "html_templates",
  "PublicUploadsDirectoryName": "public",
  "PrivateUploadsDirectoryName": "private",
  "PublicImagesFolder": "/Users/ranielvincentbesana/Downloads/morgan-mallet-crm-master/back/uploads/public/images",
  "PdfPublicOutputFolder": "/Users/ranielvincentbesana/Downloads/morgan-mallet-crm-master/back/uploads/public/pdf_output",
  "PdfPrivateOutputFolder": "/Users/ranielvincentbesana/Downloads/morgan-mallet-crm-master/back/uploads/private/pdf_output",
  "UploadedFilesTempDirectory": "/Users/ranielvincentbesana/Downloads/morgan-mallet-crm-master/back/uploads/uploaded-files-temp",
  "UserPrivateFilesDirectory": "/Users/ranielvincentbesana/Downloads/morgan-mallet-crm-master/back/uploads/private/users",
  "UserPublicFilesDirectory": "/Users/ranielvincentbesana/Downloads/morgan-mallet-crm-master/back/uploads/public/users",
  "CandidateApplicationsDirectory": "/Users/ranielvincentbesana/Downloads/morgan-mallet-crm-master/back/uploads/private/candidate-applications",
  "CandidateApplicationsPublicDirectory": "/Users/ranielvincentbesana/Downloads/morgan-mallet-crm-master/back/uploads/public/candidate-applications",
  "CandidatesDirectory": "/Users/ranielvincentbesana/Downloads/morgan-mallet-crm-master/back/uploads/private/candidates",
  "CandidatesPublicDirectory": "/Users/ranielvincentbesana/Downloads/morgan-mallet-crm-master/back/uploads/public/candidates",
  "PublicFolder": "/Users/ranielvincentbesana/Downloads/morgan-mallet-crm-master/back/uploads/public",
  "PublicTempFolder": "/Users/ranielvincentbesana/Downloads/morgan-mallet-crm-master/back/uploads/public/temp"
}
[2026-02-20T10:37:08] - [info] => 
    scheduling job  "Daily Interview Report - US" (id=dailyInterviewReportUS) ...
[2026-02-20T10:37:08] - [info] => 
    scheduling job  "Daily Interview Report - World" (id=dailyInterviewReportWorld) ...
[2026-02-20T10:37:08] - [info] => 
    scheduling job  "Nettoyage des contacts pour la newsletter" (id=nxsCleanNewsletterRecipients) ...
[2026-02-20T10:37:08] - [info] => 
    scheduling job  "Nettoyage" (id=nxsJobsCleaning) ...
[2026-02-20T10:37:08] - [info] => 
    scheduling job  "Actualisation des statuts des newsletter" (id=nxsNewsletterRefreshLoop) ...
[2026-02-20T10:37:08] - [info] => 
    scheduling job  "Revert candidates from InProcess older than 14 days" (id=revertExpiredInProcessStatuses) ...
[2026-02-20T10:37:08] - [info] => 
    scheduling job  "Mise à jour du statut des candidats interviewés" (id=updateInterviewedCandidatesStatus) ...
[2026-02-20T10:37:08] - [info] => 
    scheduling job  "Weekly Interview Report" (id=weeklyInterviewReport) ...
[2026-02-20T10:40:00] - [info] => 
    Running job  "Actualisation des statuts des newsletter" (id=nxsNewsletterRefreshLoop) ...
[2026-02-20T10:40:00] - [info] => 
    calling job method refreshNewsletterLoop ...
[2026-02-20T10:50:00] - [info] => 
    Running job  "Actualisation des statuts des newsletter" (id=nxsNewsletterRefreshLoop) ...
[2026-02-20T10:50:00] - [info] => 
    calling job method refreshNewsletterLoop ...
[2026-02-20T11:00:00] - [info] => 
    Running job  "Actualisation des statuts des newsletter" (id=nxsNewsletterRefreshLoop) ...
[2026-02-20T11:00:00] - [info] => 
    calling job method refreshNewsletterLoop ...
[2026-02-20T11:10:00] - [info] => 
    Running job  "Actualisation des statuts des newsletter" (id=nxsNewsletterRefreshLoop) ...
[2026-02-20T11:10:00] - [info] => 
    calling job method refreshNewsletterLoop ...
[2026-02-20T11:20:00] - [info] => 
    Running job  "Actualisation des statuts des newsletter" (id=nxsNewsletterRefreshLoop) ...
[2026-02-20T11:20:00] - [info] => 
    calling job method refreshNewsletterLoop ...
[2026-02-20T11:30:00] - [info] => 
    Running job  "Actualisation des statuts des newsletter" (id=nxsNewsletterRefreshLoop) ...
[2026-02-20T11:30:00] - [info] => 
    calling job method refreshNewsletterLoop ...
[2026-02-20T11:40:00] - [info] => 
    Running job  "Actualisation des statuts des newsletter" (id=nxsNewsletterRefreshLoop) ...
[2026-02-20T11:40:00] - [info] => 
    calling job method refreshNewsletterLoop ...
[2026-02-20T11:44:19] - [info] => 
    Node app listening on port 3037
    {
  "ApiBasePath": "/Users/ranielvincentbesana/Downloads/morgan-mallet-crm-master/back",
  "db_log_enabled": true,
  "ApiScheme": "http",
  "EnvName": "development",
  "UseRedis": false,
  "FirebaseEnabled": false,
  "UseRedisCache": false,
  "MailProvider": "SMTP",
  "SmtpSecure": false,
  "IgnoreAllMailSending": true,
  "PreserveFilesInTempDirectory": false,
  "JobAdderMigrationFiles": false,
  "CandidateApplicationsMigrationCsvFiles": false,
  "ForceDeleteGCloudFiles": false,
  "UseTypeOrmMigrations": true,
  "UseRedisWebSocketAdapter": false,
  "SmsProvider": "SendInBlue",
  "IgnoreAllSmsSending": true,
  "PM2ClusterMode": false,
  "GCloudAppEngineHosted": false,
  "db_host": "localhost",
  "db_port": 3306,
  "db_user": "root",
  "db_password": "Nomia123@",
  "db_name": "mmi",
  "ApiPort": 3037,
  "SmtpHost": "smtp.mailtrap.io",
  "SmtpUser": "",
  "SmtpPassword": "",
  "SmtpPort": 465,
  "MailSender": "contact@morganmallet.agency",
  "SsrEnabled": false,
  "BaseURL": "http://localhost:4243",
  "SendInBlueApiKey": "",
  "GDriveClientSecretFileName": "gdrive-client-secret.json",
  "FirebaseDbUrl": "",
  "GoogleRecaptchaSecretKey": "6Lem774aAAAAACayqDlD3YCXqss1kFmO0UZPX-wx",
  "GDriveRootFolder": "",
  "PM2AppName": "mmi-dev",
  "HtmlTemplatesFolderName": "html_templates",
  "PublicUploadsDirectoryName": "public",
  "PrivateUploadsDirectoryName": "private",
  "PublicImagesFolder": "/Users/ranielvincentbesana/Downloads/morgan-mallet-crm-master/back/uploads/public/images",
  "PdfPublicOutputFolder": "/Users/ranielvincentbesana/Downloads/morgan-mallet-crm-master/back/uploads/public/pdf_output",
  "PdfPrivateOutputFolder": "/Users/ranielvincentbesana/Downloads/morgan-mallet-crm-master/back/uploads/private/pdf_output",
  "UploadedFilesTempDirectory": "/Users/ranielvincentbesana/Downloads/morgan-mallet-crm-master/back/uploads/uploaded-files-temp",
  "UserPrivateFilesDirectory": "/Users/ranielvincentbesana/Downloads/morgan-mallet-crm-master/back/uploads/private/users",
  "UserPublicFilesDirectory": "/Users/ranielvincentbesana/Downloads/morgan-mallet-crm-master/back/uploads/public/users",
  "CandidateApplicationsDirectory": "/Users/ranielvincentbesana/Downloads/morgan-mallet-crm-master/back/uploads/private/candidate-applications",
  "CandidateApplicationsPublicDirectory": "/Users/ranielvincentbesana/Downloads/morgan-mallet-crm-master/back/uploads/public/candidate-applications",
  "CandidatesDirectory": "/Users/ranielvincentbesana/Downloads/morgan-mallet-crm-master/back/uploads/private/candidates",
  "CandidatesPublicDirectory": "/Users/ranielvincentbesana/Downloads/morgan-mallet-crm-master/back/uploads/public/candidates",
  "PublicFolder": "/Users/ranielvincentbesana/Downloads/morgan-mallet-crm-master/back/uploads/public",
  "PublicTempFolder": "/Users/ranielvincentbesana/Downloads/morgan-mallet-crm-master/back/uploads/public/temp"
}
[2026-02-20T11:44:19] - [info] => 
    scheduling job  "Daily Interview Report - US" (id=dailyInterviewReportUS) ...
[2026-02-20T11:44:19] - [info] => 
    scheduling job  "Daily Interview Report - World" (id=dailyInterviewReportWorld) ...
[2026-02-20T11:44:19] - [info] => 
    scheduling job  "Nettoyage des contacts pour la newsletter" (id=nxsCleanNewsletterRecipients) ...
[2026-02-20T11:44:19] - [info] => 
    scheduling job  "Nettoyage" (id=nxsJobsCleaning) ...
[2026-02-20T11:44:19] - [info] => 
    scheduling job  "Actualisation des statuts des newsletter" (id=nxsNewsletterRefreshLoop) ...
[2026-02-20T11:44:19] - [info] => 
    scheduling job  "Revert candidates from InProcess older than 14 days" (id=revertExpiredInProcessStatuses) ...
[2026-02-20T11:44:19] - [info] => 
    scheduling job  "Mise à jour du statut des candidats interviewés" (id=updateInterviewedCandidatesStatus) ...
[2026-02-20T11:44:19] - [info] => 
    scheduling job  "Weekly Interview Report" (id=weeklyInterviewReport) ...
[2026-02-20T11:50:00] - [info] => 
    Running job  "Actualisation des statuts des newsletter" (id=nxsNewsletterRefreshLoop) ...
[2026-02-20T11:50:00] - [info] => 
    calling job method refreshNewsletterLoop ...
[2026-02-20T11:50:00] - [info] => 
    Running job  "Actualisation des statuts des newsletter" (id=nxsNewsletterRefreshLoop) ...
[2026-02-20T11:50:00] - [info] => 
    calling job method refreshNewsletterLoop ...
[2026-02-20T11:53:15] - [info] => 
    Node app listening on port 3037
    {
  "ApiBasePath": "/Users/ranielvincentbesana/Downloads/morgan-mallet-crm-master/back",
  "db_log_enabled": true,
  "ApiScheme": "http",
  "EnvName": "development",
  "UseRedis": false,
  "FirebaseEnabled": false,
  "UseRedisCache": false,
  "MailProvider": "SMTP",
  "SmtpSecure": false,
  "IgnoreAllMailSending": true,
  "PreserveFilesInTempDirectory": false,
  "JobAdderMigrationFiles": false,
  "CandidateApplicationsMigrationCsvFiles": false,
  "ForceDeleteGCloudFiles": false,
  "UseTypeOrmMigrations": true,
  "UseRedisWebSocketAdapter": false,
  "SmsProvider": "SendInBlue",
  "IgnoreAllSmsSending": true,
  "PM2ClusterMode": false,
  "GCloudAppEngineHosted": false,
  "db_host": "localhost",
  "db_port": 3306,
  "db_user": "root",
  "db_password": "Nomia123@",
  "db_name": "mmi",
  "ApiPort": 3037,
  "SmtpHost": "smtp.mailtrap.io",
  "SmtpUser": "",
  "SmtpPassword": "",
  "SmtpPort": 465,
  "MailSender": "contact@morganmallet.agency",
  "SsrEnabled": false,
  "BaseURL": "http://localhost:4243",
  "SendInBlueApiKey": "",
  "GDriveClientSecretFileName": "gdrive-client-secret.json",
  "FirebaseDbUrl": "",
  "GoogleRecaptchaSecretKey": "6Lem774aAAAAACayqDlD3YCXqss1kFmO0UZPX-wx",
  "GDriveRootFolder": "",
  "PM2AppName": "mmi-dev",
  "HtmlTemplatesFolderName": "html_templates",
  "PublicUploadsDirectoryName": "public",
  "PrivateUploadsDirectoryName": "private",
  "PublicImagesFolder": "/Users/ranielvincentbesana/Downloads/morgan-mallet-crm-master/back/uploads/public/images",
  "PdfPublicOutputFolder": "/Users/ranielvincentbesana/Downloads/morgan-mallet-crm-master/back/uploads/public/pdf_output",
  "PdfPrivateOutputFolder": "/Users/ranielvincentbesana/Downloads/morgan-mallet-crm-master/back/uploads/private/pdf_output",
  "UploadedFilesTempDirectory": "/Users/ranielvincentbesana/Downloads/morgan-mallet-crm-master/back/uploads/uploaded-files-temp",
  "UserPrivateFilesDirectory": "/Users/ranielvincentbesana/Downloads/morgan-mallet-crm-master/back/uploads/private/users",
  "UserPublicFilesDirectory": "/Users/ranielvincentbesana/Downloads/morgan-mallet-crm-master/back/uploads/public/users",
  "CandidateApplicationsDirectory": "/Users/ranielvincentbesana/Downloads/morgan-mallet-crm-master/back/uploads/private/candidate-applications",
  "CandidateApplicationsPublicDirectory": "/Users/ranielvincentbesana/Downloads/morgan-mallet-crm-master/back/uploads/public/candidate-applications",
  "CandidatesDirectory": "/Users/ranielvincentbesana/Downloads/morgan-mallet-crm-master/back/uploads/private/candidates",
  "CandidatesPublicDirectory": "/Users/ranielvincentbesana/Downloads/morgan-mallet-crm-master/back/uploads/public/candidates",
  "PublicFolder": "/Users/ranielvincentbesana/Downloads/morgan-mallet-crm-master/back/uploads/public",
  "PublicTempFolder": "/Users/ranielvincentbesana/Downloads/morgan-mallet-crm-master/back/uploads/public/temp"
}
[2026-02-20T11:53:15] - [info] => 
    scheduling job  "Daily Interview Report - US" (id=dailyInterviewReportUS) ...
[2026-02-20T11:53:15] - [info] => 
    scheduling job  "Daily Interview Report - World" (id=dailyInterviewReportWorld) ...
[2026-02-20T11:53:15] - [info] => 
    scheduling job  "Nettoyage des contacts pour la newsletter" (id=nxsCleanNewsletterRecipients) ...
[2026-02-20T11:53:15] - [info] => 
    scheduling job  "Nettoyage" (id=nxsJobsCleaning) ...
[2026-02-20T11:53:15] - [info] => 
    scheduling job  "Actualisation des statuts des newsletter" (id=nxsNewsletterRefreshLoop) ...
[2026-02-20T11:53:15] - [info] => 
    scheduling job  "Revert candidates from InProcess older than 14 days" (id=revertExpiredInProcessStatuses) ...
[2026-02-20T11:53:15] - [info] => 
    scheduling job  "Mise à jour du statut des candidats interviewés" (id=updateInterviewedCandidatesStatus) ...
[2026-02-20T11:53:15] - [info] => 
    scheduling job  "Weekly Interview Report" (id=weeklyInterviewReport) ...
[2026-02-20T12:00:00] - [info] => 
    Running job  "Actualisation des statuts des newsletter" (id=nxsNewsletterRefreshLoop) ...
[2026-02-20T12:00:00] - [info] => 
    calling job method refreshNewsletterLoop ...
[2026-02-20T12:00:00] - [info] => 
    Running job  "Actualisation des statuts des newsletter" (id=nxsNewsletterRefreshLoop) ...
[2026-02-20T12:00:00] - [info] => 
    calling job method refreshNewsletterLoop ...
[2026-02-20T12:00:00] - [info] => 
    Running job  "Actualisation des statuts des newsletter" (id=nxsNewsletterRefreshLoop) ...
[2026-02-20T12:00:00] - [info] => 
    calling job method refreshNewsletterLoop ...
[2026-02-20T12:10:00] - [info] => 
    Running job  "Actualisation des statuts des newsletter" (id=nxsNewsletterRefreshLoop) ...
[2026-02-20T12:10:00] - [info] => 
    calling job method refreshNewsletterLoop ...
[2026-02-20T12:10:00] - [info] => 
    Running job  "Actualisation des statuts des newsletter" (id=nxsNewsletterRefreshLoop) ...
[2026-02-20T12:10:00] - [info] => 
    calling job method refreshNewsletterLoop ...
[2026-02-20T12:10:00] - [info] => 
    Running job  "Actualisation des statuts des newsletter" (id=nxsNewsletterRefreshLoop) ...
[2026-02-20T12:10:00] - [info] => 
    calling job method refreshNewsletterLoop ...
[2026-02-20T12:15:15] - [info] => 
    Node app listening on port 3037
    {
  "ApiBasePath": "/Users/ranielvincentbesana/Downloads/morgan-mallet-crm-master/back",
  "db_log_enabled": true,
  "ApiScheme": "http",
  "EnvName": "development",
  "UseRedis": false,
  "FirebaseEnabled": false,
  "UseRedisCache": false,
  "MailProvider": "SMTP",
  "SmtpSecure": false,
  "IgnoreAllMailSending": true,
  "PreserveFilesInTempDirectory": false,
  "JobAdderMigrationFiles": false,
  "CandidateApplicationsMigrationCsvFiles": false,
  "ForceDeleteGCloudFiles": false,
  "UseTypeOrmMigrations": true,
  "UseRedisWebSocketAdapter": false,
  "SmsProvider": "SendInBlue",
  "IgnoreAllSmsSending": true,
  "PM2ClusterMode": false,
  "GCloudAppEngineHosted": false,
  "db_host": "localhost",
  "db_port": 3306,
  "db_user": "root",
  "db_password": "Nomia123@",
  "db_name": "mmi",
  "ApiPort": 3037,
  "SmtpHost": "smtp.mailtrap.io",
  "SmtpUser": "",
  "SmtpPassword": "",
  "SmtpPort": 465,
  "MailSender": "contact@morganmallet.agency",
  "SsrEnabled": false,
  "BaseURL": "http://localhost:4243",
  "SendInBlueApiKey": "",
  "GDriveClientSecretFileName": "gdrive-client-secret.json",
  "FirebaseDbUrl": "",
  "GoogleRecaptchaSecretKey": "6Lem774aAAAAACayqDlD3YCXqss1kFmO0UZPX-wx",
  "GDriveRootFolder": "",
  "PM2AppName": "mmi-dev",
  "HtmlTemplatesFolderName": "html_templates",
  "PublicUploadsDirectoryName": "public",
  "PrivateUploadsDirectoryName": "private",
  "PublicImagesFolder": "/Users/ranielvincentbesana/Downloads/morgan-mallet-crm-master/back/uploads/public/images",
  "PdfPublicOutputFolder": "/Users/ranielvincentbesana/Downloads/morgan-mallet-crm-master/back/uploads/public/pdf_output",
  "PdfPrivateOutputFolder": "/Users/ranielvincentbesana/Downloads/morgan-mallet-crm-master/back/uploads/private/pdf_output",
  "UploadedFilesTempDirectory": "/Users/ranielvincentbesana/Downloads/morgan-mallet-crm-master/back/uploads/uploaded-files-temp",
  "UserPrivateFilesDirectory": "/Users/ranielvincentbesana/Downloads/morgan-mallet-crm-master/back/uploads/private/users",
  "UserPublicFilesDirectory": "/Users/ranielvincentbesana/Downloads/morgan-mallet-crm-master/back/uploads/public/users",
  "CandidateApplicationsDirectory": "/Users/ranielvincentbesana/Downloads/morgan-mallet-crm-master/back/uploads/private/candidate-applications",
  "CandidateApplicationsPublicDirectory": "/Users/ranielvincentbesana/Downloads/morgan-mallet-crm-master/back/uploads/public/candidate-applications",
  "CandidatesDirectory": "/Users/ranielvincentbesana/Downloads/morgan-mallet-crm-master/back/uploads/private/candidates",
  "CandidatesPublicDirectory": "/Users/ranielvincentbesana/Downloads/morgan-mallet-crm-master/back/uploads/public/candidates",
  "PublicFolder": "/Users/ranielvincentbesana/Downloads/morgan-mallet-crm-master/back/uploads/public",
  "PublicTempFolder": "/Users/ranielvincentbesana/Downloads/morgan-mallet-crm-master/back/uploads/public/temp"
}
[2026-02-20T12:15:15] - [info] => 
    scheduling job  "Daily Interview Report - US" (id=dailyInterviewReportUS) ...
[2026-02-20T12:15:15] - [info] => 
    scheduling job  "Daily Interview Report - World" (id=dailyInterviewReportWorld) ...
[2026-02-20T12:15:15] - [info] => 
    scheduling job  "Nettoyage des contacts pour la newsletter" (id=nxsCleanNewsletterRecipients) ...
[2026-02-20T12:15:15] - [info] => 
    scheduling job  "Nettoyage" (id=nxsJobsCleaning) ...
[2026-02-20T12:15:15] - [info] => 
    scheduling job  "Actualisation des statuts des newsletter" (id=nxsNewsletterRefreshLoop) ...
[2026-02-20T12:15:15] - [info] => 
    scheduling job  "Revert candidates from InProcess older than 14 days" (id=revertExpiredInProcessStatuses) ...
[2026-02-20T12:15:15] - [info] => 
    scheduling job  "Mise à jour du statut des candidats interviewés" (id=updateInterviewedCandidatesStatus) ...
[2026-02-20T12:15:15] - [info] => 
    scheduling job  "Weekly Interview Report" (id=weeklyInterviewReport) ...
[2026-02-20T12:20:00] - [info] => 
    Running job  "Actualisation des statuts des newsletter" (id=nxsNewsletterRefreshLoop) ...
[2026-02-20T12:20:00] - [info] => 
    calling job method refreshNewsletterLoop ...
[2026-02-20T12:20:00] - [info] => 
    Running job  "Actualisation des statuts des newsletter" (id=nxsNewsletterRefreshLoop) ...
[2026-02-20T12:20:00] - [info] => 
    calling job method refreshNewsletterLoop ...
[2026-02-20T12:20:00] - [info] => 
    Running job  "Actualisation des statuts des newsletter" (id=nxsNewsletterRefreshLoop) ...
[2026-02-20T12:20:00] - [info] => 
    calling job method refreshNewsletterLoop ...
[2026-02-20T12:20:00] - [info] => 
    Running job  "Actualisation des statuts des newsletter" (id=nxsNewsletterRefreshLoop) ...
[2026-02-20T12:20:00] - [info] => 
    calling job method refreshNewsletterLoop ...
[2026-02-20T12:27:27] - [info] => 
    Node app listening on port 3037
    {
  "ApiBasePath": "/Users/ranielvincentbesana/Downloads/morgan-mallet-crm-master/back",
  "db_log_enabled": true,
  "ApiScheme": "http",
  "EnvName": "development",
  "UseRedis": false,
  "FirebaseEnabled": false,
  "UseRedisCache": false,
  "MailProvider": "SMTP",
  "SmtpSecure": false,
  "IgnoreAllMailSending": true,
  "PreserveFilesInTempDirectory": false,
  "JobAdderMigrationFiles": false,
  "CandidateApplicationsMigrationCsvFiles": false,
  "ForceDeleteGCloudFiles": false,
  "UseTypeOrmMigrations": true,
  "UseRedisWebSocketAdapter": false,
  "SmsProvider": "SendInBlue",
  "IgnoreAllSmsSending": true,
  "PM2ClusterMode": false,
  "GCloudAppEngineHosted": false,
  "db_host": "localhost",
  "db_port": 3306,
  "db_user": "root",
  "db_password": "Nomia123@",
  "db_name": "mmi",
  "ApiPort": 3037,
  "SmtpHost": "smtp.mailtrap.io",
  "SmtpUser": "",
  "SmtpPassword": "",
  "SmtpPort": 465,
  "MailSender": "contact@morganmallet.agency",
  "SsrEnabled": false,
  "BaseURL": "http://localhost:4243",
  "SendInBlueApiKey": "",
  "GDriveClientSecretFileName": "gdrive-client-secret.json",
  "FirebaseDbUrl": "",
  "GoogleRecaptchaSecretKey": "6Lem774aAAAAACayqDlD3YCXqss1kFmO0UZPX-wx",
  "GDriveRootFolder": "",
  "PM2AppName": "mmi-dev",
  "HtmlTemplatesFolderName": "html_templates",
  "PublicUploadsDirectoryName": "public",
  "PrivateUploadsDirectoryName": "private",
  "PublicImagesFolder": "/Users/ranielvincentbesana/Downloads/morgan-mallet-crm-master/back/uploads/public/images",
  "PdfPublicOutputFolder": "/Users/ranielvincentbesana/Downloads/morgan-mallet-crm-master/back/uploads/public/pdf_output",
  "PdfPrivateOutputFolder": "/Users/ranielvincentbesana/Downloads/morgan-mallet-crm-master/back/uploads/private/pdf_output",
  "UploadedFilesTempDirectory": "/Users/ranielvincentbesana/Downloads/morgan-mallet-crm-master/back/uploads/uploaded-files-temp",
  "UserPrivateFilesDirectory": "/Users/ranielvincentbesana/Downloads/morgan-mallet-crm-master/back/uploads/private/users",
  "UserPublicFilesDirectory": "/Users/ranielvincentbesana/Downloads/morgan-mallet-crm-master/back/uploads/public/users",
  "CandidateApplicationsDirectory": "/Users/ranielvincentbesana/Downloads/morgan-mallet-crm-master/back/uploads/private/candidate-applications",
  "CandidateApplicationsPublicDirectory": "/Users/ranielvincentbesana/Downloads/morgan-mallet-crm-master/back/uploads/public/candidate-applications",
  "CandidatesDirectory": "/Users/ranielvincentbesana/Downloads/morgan-mallet-crm-master/back/uploads/private/candidates",
  "CandidatesPublicDirectory": "/Users/ranielvincentbesana/Downloads/morgan-mallet-crm-master/back/uploads/public/candidates",
  "PublicFolder": "/Users/ranielvincentbesana/Downloads/morgan-mallet-crm-master/back/uploads/public",
  "PublicTempFolder": "/Users/ranielvincentbesana/Downloads/morgan-mallet-crm-master/back/uploads/public/temp"
}
[2026-02-20T12:27:27] - [info] => 
    scheduling job  "Daily Interview Report - US" (id=dailyInterviewReportUS) ...
[2026-02-20T12:27:27] - [info] => 
    scheduling job  "Daily Interview Report - World" (id=dailyInterviewReportWorld) ...
[2026-02-20T12:27:27] - [info] => 
    scheduling job  "Nettoyage des contacts pour la newsletter" (id=nxsCleanNewsletterRecipients) ...
[2026-02-20T12:27:27] - [info] => 
    scheduling job  "Nettoyage" (id=nxsJobsCleaning) ...
[2026-02-20T12:27:27] - [info] => 
    scheduling job  "Actualisation des statuts des newsletter" (id=nxsNewsletterRefreshLoop) ...
[2026-02-20T12:27:27] - [info] => 
    scheduling job  "Revert candidates from InProcess older than 14 days" (id=revertExpiredInProcessStatuses) ...
[2026-02-20T12:27:27] - [info] => 
    scheduling job  "Mise à jour du statut des candidats interviewés" (id=updateInterviewedCandidatesStatus) ...
[2026-02-20T12:27:27] - [info] => 
    scheduling job  "Weekly Interview Report" (id=weeklyInterviewReport) ...
[2026-02-20T12:30:00] - [info] => 
    Running job  "Actualisation des statuts des newsletter" (id=nxsNewsletterRefreshLoop) ...
[2026-02-20T12:30:00] - [info] => 
    calling job method refreshNewsletterLoop ...
[2026-02-20T12:30:00] - [info] => 
    Running job  "Actualisation des statuts des newsletter" (id=nxsNewsletterRefreshLoop) ...
[2026-02-20T12:30:00] - [info] => 
    calling job method refreshNewsletterLoop ...
[2026-02-20T12:30:00] - [info] => 
    Running job  "Actualisation des statuts des newsletter" (id=nxsNewsletterRefreshLoop) ...
[2026-02-20T12:30:00] - [info] => 
    calling job method refreshNewsletterLoop ...
[2026-02-20T12:30:00] - [info] => 
    Running job  "Actualisation des statuts des newsletter" (id=nxsNewsletterRefreshLoop) ...
[2026-02-20T12:30:00] - [info] => 
    calling job method refreshNewsletterLoop ...
[2026-02-20T12:30:00] - [info] => 
    Running job  "Actualisation des statuts des newsletter" (id=nxsNewsletterRefreshLoop) ...
[2026-02-20T12:30:00] - [info] => 
    calling job method refreshNewsletterLoop ...
[2026-02-20T12:40:00] - [info] => 
    Running job  "Actualisation des statuts des newsletter" (id=nxsNewsletterRefreshLoop) ...
[2026-02-20T12:40:00] - [info] => 
    calling job method refreshNewsletterLoop ...
[2026-02-20T12:40:00] - [info] => 
    Running job  "Actualisation des statuts des newsletter" (id=nxsNewsletterRefreshLoop) ...
[2026-02-20T12:40:00] - [info] => 
    calling job method refreshNewsletterLoop ...
[2026-02-20T12:40:00] - [info] => 
    Running job  "Actualisation des statuts des newsletter" (id=nxsNewsletterRefreshLoop) ...
[2026-02-20T12:40:00] - [info] => 
    Running job  "Actualisation des statuts des newsletter" (id=nxsNewsletterRefreshLoop) ...
[2026-02-20T12:40:00] - [info] => 
    calling job method refreshNewsletterLoop ...
[2026-02-20T12:40:00] - [info] => 
    calling job method refreshNewsletterLoop ...
[2026-02-20T12:40:00] - [info] => 
    Running job  "Actualisation des statuts des newsletter" (id=nxsNewsletterRefreshLoop) ...
[2026-02-20T12:40:00] - [info] => 
    calling job method refreshNewsletterLoop ...
[2026-02-20T12:50:01] - [info] => 
    Running job  "Actualisation des statuts des newsletter" (id=nxsNewsletterRefreshLoop) ...
[2026-02-20T12:50:01] - [info] => 
    Running job  "Actualisation des statuts des newsletter" (id=nxsNewsletterRefreshLoop) ...
[2026-02-20T12:50:01] - [info] => 
    calling job method refreshNewsletterLoop ...
[2026-02-20T12:50:01] - [info] => 
    calling job method refreshNewsletterLoop ...
[2026-02-20T12:50:01] - [info] => 
    Running job  "Actualisation des statuts des newsletter" (id=nxsNewsletterRefreshLoop) ...
[2026-02-20T12:50:01] - [info] => 
    Running job  "Actualisation des statuts des newsletter" (id=nxsNewsletterRefreshLoop) ...
[2026-02-20T12:50:01] - [info] => 
    calling job method refreshNewsletterLoop ...
[2026-02-20T12:50:01] - [info] => 
    Running job  "Actualisation des statuts des newsletter" (id=nxsNewsletterRefreshLoop) ...
[2026-02-20T12:50:01] - [info] => 
    calling job method refreshNewsletterLoop ...
[2026-02-20T12:50:01] - [info] => 
    calling job method refreshNewsletterLoop ...
[2026-02-20T13:00:00] - [info] => 
    Running job  "Actualisation des statuts des newsletter" (id=nxsNewsletterRefreshLoop) ...
[2026-02-20T13:00:00] - [info] => 
    Running job  "Actualisation des statuts des newsletter" (id=nxsNewsletterRefreshLoop) ...
[2026-02-20T13:00:00] - [info] => 
    calling job method refreshNewsletterLoop ...
[2026-02-20T13:00:00] - [info] => 
    calling job method refreshNewsletterLoop ...
[2026-02-20T13:00:00] - [info] => 
    Running job  "Actualisation des statuts des newsletter" (id=nxsNewsletterRefreshLoop) ...
[2026-02-20T13:00:00] - [info] => 
    calling job method refreshNewsletterLoop ...
[2026-02-20T13:00:00] - [info] => 
    Running job  "Actualisation des statuts des newsletter" (id=nxsNewsletterRefreshLoop) ...
[2026-02-20T13:00:00] - [info] => 
    calling job method refreshNewsletterLoop ...
[2026-02-20T13:00:00] - [info] => 
    Running job  "Actualisation des statuts des newsletter" (id=nxsNewsletterRefreshLoop) ...
[2026-02-20T13:00:00] - [info] => 
    calling job method refreshNewsletterLoop ...
[2026-02-20T13:10:00] - [info] => 
    Running job  "Actualisation des statuts des newsletter" (id=nxsNewsletterRefreshLoop) ...
[2026-02-20T13:10:00] - [info] => 
    calling job method refreshNewsletterLoop ...
[2026-02-20T13:10:00] - [info] => 
    Running job  "Actualisation des statuts des newsletter" (id=nxsNewsletterRefreshLoop) ...
[2026-02-20T13:10:00] - [info] => 
    calling job method refreshNewsletterLoop ...
[2026-02-20T13:10:00] - [info] => 
    Running job  "Actualisation des statuts des newsletter" (id=nxsNewsletterRefreshLoop) ...
[2026-02-20T13:10:00] - [info] => 
    calling job method refreshNewsletterLoop ...
[2026-02-20T13:10:00] - [info] => 
    Running job  "Actualisation des statuts des newsletter" (id=nxsNewsletterRefreshLoop) ...
[2026-02-20T13:10:00] - [info] => 
    calling job method refreshNewsletterLoop ...
[2026-02-20T13:10:00] - [info] => 
    Running job  "Actualisation des statuts des newsletter" (id=nxsNewsletterRefreshLoop) ...
[2026-02-20T13:10:00] - [info] => 
    calling job method refreshNewsletterLoop ...
[2026-02-20T13:20:00] - [info] => 
    Running job  "Actualisation des statuts des newsletter" (id=nxsNewsletterRefreshLoop) ...
[2026-02-20T13:20:00] - [info] => 
    Running job  "Actualisation des statuts des newsletter" (id=nxsNewsletterRefreshLoop) ...
[2026-02-20T13:20:00] - [info] => 
    calling job method refreshNewsletterLoop ...
[2026-02-20T13:20:00] - [info] => 
    Running job  "Actualisation des statuts des newsletter" (id=nxsNewsletterRefreshLoop) ...
[2026-02-20T13:20:00] - [info] => 
    calling job method refreshNewsletterLoop ...
[2026-02-20T13:20:00] - [info] => 
    calling job method refreshNewsletterLoop ...
[2026-02-20T13:20:00] - [info] => 
    Running job  "Actualisation des statuts des newsletter" (id=nxsNewsletterRefreshLoop) ...
[2026-02-20T13:20:00] - [info] => 
    calling job method refreshNewsletterLoop ...
[2026-02-20T13:20:00] - [info] => 
    Running job  "Actualisation des statuts des newsletter" (id=nxsNewsletterRefreshLoop) ...
[2026-02-20T13:20:00] - [info] => 
    calling job method refreshNewsletterLoop ...
[2026-02-20T13:30:00] - [info] => 
    Running job  "Actualisation des statuts des newsletter" (id=nxsNewsletterRefreshLoop) ...
[2026-02-20T13:30:00] - [info] => 
    calling job method refreshNewsletterLoop ...
[2026-02-20T13:30:00] - [info] => 
    Running job  "Actualisation des statuts des newsletter" (id=nxsNewsletterRefreshLoop) ...
[2026-02-20T13:30:00] - [info] => 
    calling job method refreshNewsletterLoop ...
[2026-02-20T13:30:00] - [info] => 
    Running job  "Actualisation des statuts des newsletter" (id=nxsNewsletterRefreshLoop) ...
[2026-02-20T13:30:00] - [info] => 
    Running job  "Actualisation des statuts des newsletter" (id=nxsNewsletterRefreshLoop) ...
[2026-02-20T13:30:00] - [info] => 
    calling job method refreshNewsletterLoop ...
[2026-02-20T13:30:00] - [info] => 
    calling job method refreshNewsletterLoop ...
[2026-02-20T13:30:01] - [info] => 
    Running job  "Actualisation des statuts des newsletter" (id=nxsNewsletterRefreshLoop) ...
[2026-02-20T13:30:01] - [info] => 
    calling job method refreshNewsletterLoop ...
[2026-02-20T13:49:19] - [info] => 
    Running job  "Actualisation des statuts des newsletter" (id=nxsNewsletterRefreshLoop) ...
[2026-02-20T13:49:19] - [info] => 
    calling job method refreshNewsletterLoop ...
[2026-02-20T13:49:30] - [info] => 
    Running job  "Actualisation des statuts des newsletter" (id=nxsNewsletterRefreshLoop) ...
[2026-02-20T13:49:30] - [info] => 
    calling job method refreshNewsletterLoop ...
[2026-02-20T13:49:31] - [info] => 
    Running job  "Actualisation des statuts des newsletter" (id=nxsNewsletterRefreshLoop) ...
[2026-02-20T13:49:31] - [info] => 
    calling job method refreshNewsletterLoop ...
[2026-02-20T13:49:35] - [info] => 
    Running job  "Actualisation des statuts des newsletter" (id=nxsNewsletterRefreshLoop) ...
[2026-02-20T13:49:35] - [info] => 
    calling job method refreshNewsletterLoop ...
[2026-02-20T13:49:42] - [info] => 
    Running job  "Actualisation des statuts des newsletter" (id=nxsNewsletterRefreshLoop) ...
[2026-02-20T13:49:42] - [info] => 
    calling job method refreshNewsletterLoop ...
[2026-02-20T13:50:00] - [info] => 
    Running job  "Actualisation des statuts des newsletter" (id=nxsNewsletterRefreshLoop) ...
[2026-02-20T13:50:00] - [info] => 
    calling job method refreshNewsletterLoop ...
[2026-02-20T13:50:00] - [info] => 
    Running job  "Actualisation des statuts des newsletter" (id=nxsNewsletterRefreshLoop) ...
[2026-02-20T13:50:00] - [info] => 
    Running job  "Actualisation des statuts des newsletter" (id=nxsNewsletterRefreshLoop) ...
[2026-02-20T13:50:00] - [info] => 
    calling job method refreshNewsletterLoop ...
[2026-02-20T13:50:00] - [info] => 
    calling job method refreshNewsletterLoop ...
[2026-02-20T13:50:00] - [info] => 
    Running job  "Actualisation des statuts des newsletter" (id=nxsNewsletterRefreshLoop) ...
[2026-02-20T13:50:00] - [info] => 
    calling job method refreshNewsletterLoop ...
[2026-02-20T13:50:00] - [info] => 
    Running job  "Actualisation des statuts des newsletter" (id=nxsNewsletterRefreshLoop) ...
[2026-02-20T13:50:00] - [info] => 
    calling job method refreshNewsletterLoop ...
[2026-02-20T14:06:09] - [info] => 
    Running job  "Actualisation des statuts des newsletter" (id=nxsNewsletterRefreshLoop) ...
[2026-02-20T14:06:09] - [info] => 
    calling job method refreshNewsletterLoop ...
[2026-02-20T14:06:12] - [info] => 
    Running job  "Actualisation des statuts des newsletter" (id=nxsNewsletterRefreshLoop) ...
[2026-02-20T14:06:12] - [info] => 
    calling job method refreshNewsletterLoop ...
[2026-02-20T14:06:30] - [info] => 
    Running job  "Actualisation des statuts des newsletter" (id=nxsNewsletterRefreshLoop) ...
[2026-02-20T14:06:30] - [info] => 
    calling job method refreshNewsletterLoop ...
[2026-02-20T14:06:30] - [info] => 
    Running job  "Actualisation des statuts des newsletter" (id=nxsNewsletterRefreshLoop) ...
[2026-02-20T14:06:30] - [info] => 
    calling job method refreshNewsletterLoop ...
[2026-02-20T14:06:34] - [info] => 
    Running job  "Actualisation des statuts des newsletter" (id=nxsNewsletterRefreshLoop) ...
[2026-02-20T14:06:34] - [info] => 
    calling job method refreshNewsletterLoop ...
[2026-02-20T14:11:06] - [info] => 
    Running job  "Actualisation des statuts des newsletter" (id=nxsNewsletterRefreshLoop) ...
[2026-02-20T14:11:06] - [info] => 
    calling job method refreshNewsletterLoop ...
[2026-02-20T14:11:09] - [info] => 
    Running job  "Actualisation des statuts des newsletter" (id=nxsNewsletterRefreshLoop) ...
[2026-02-20T14:11:09] - [info] => 
    calling job method refreshNewsletterLoop ...
[2026-02-20T14:11:27] - [info] => 
    Running job  "Actualisation des statuts des newsletter" (id=nxsNewsletterRefreshLoop) ...
[2026-02-20T14:11:27] - [info] => 
    calling job method refreshNewsletterLoop ...
[2026-02-20T14:11:28] - [info] => 
    Running job  "Actualisation des statuts des newsletter" (id=nxsNewsletterRefreshLoop) ...
[2026-02-20T14:11:28] - [info] => 
    calling job method refreshNewsletterLoop ...
[2026-02-20T14:11:32] - [info] => 
    Running job  "Actualisation des statuts des newsletter" (id=nxsNewsletterRefreshLoop) ...
[2026-02-20T14:11:32] - [info] => 
    calling job method refreshNewsletterLoop ...
[2026-02-20T14:21:05] - [info] => 
    Running job  "Actualisation des statuts des newsletter" (id=nxsNewsletterRefreshLoop) ...
[2026-02-20T14:21:05] - [info] => 
    calling job method refreshNewsletterLoop ...
[2026-02-20T14:21:08] - [info] => 
    Running job  "Actualisation des statuts des newsletter" (id=nxsNewsletterRefreshLoop) ...
[2026-02-20T14:21:08] - [info] => 
    calling job method refreshNewsletterLoop ...
[2026-02-20T14:21:23] - [info] => 
    Running job  "Actualisation des statuts des newsletter" (id=nxsNewsletterRefreshLoop) ...
[2026-02-20T14:21:23] - [info] => 
    calling job method refreshNewsletterLoop ...
[2026-02-20T14:21:24] - [info] => 
    Running job  "Actualisation des statuts des newsletter" (id=nxsNewsletterRefreshLoop) ...
[2026-02-20T14:21:24] - [info] => 
    calling job method refreshNewsletterLoop ...
[2026-02-20T14:21:28] - [info] => 
    Running job  "Actualisation des statuts des newsletter" (id=nxsNewsletterRefreshLoop) ...
[2026-02-20T14:21:28] - [info] => 
    calling job method refreshNewsletterLoop ...
[2026-02-20T14:43:52] - [info] => 
    Running job  "Actualisation des statuts des newsletter" (id=nxsNewsletterRefreshLoop) ...
[2026-02-20T14:43:52] - [info] => 
    calling job method refreshNewsletterLoop ...
[2026-02-20T14:43:52] - [info] => 
    Running job  "Actualisation des statuts des newsletter" (id=nxsNewsletterRefreshLoop) ...
[2026-02-20T14:43:52] - [info] => 
    calling job method refreshNewsletterLoop ...
[2026-02-20T14:44:10] - [info] => 
    Running job  "Actualisation des statuts des newsletter" (id=nxsNewsletterRefreshLoop) ...
[2026-02-20T14:44:10] - [info] => 
    calling job method refreshNewsletterLoop ...
[2026-02-20T14:44:10] - [info] => 
    Running job  "Actualisation des statuts des newsletter" (id=nxsNewsletterRefreshLoop) ...
[2026-02-20T14:44:10] - [info] => 
    calling job method refreshNewsletterLoop ...
[2026-02-20T14:44:14] - [info] => 
    Running job  "Actualisation des statuts des newsletter" (id=nxsNewsletterRefreshLoop) ...
[2026-02-20T14:44:14] - [info] => 
    calling job method refreshNewsletterLoop ...
[2026-02-20T14:59:48] - [info] => 
    Running job  "Actualisation des statuts des newsletter" (id=nxsNewsletterRefreshLoop) ...
[2026-02-20T14:59:48] - [info] => 
    calling job method refreshNewsletterLoop ...
[2026-02-20T14:59:49] - [info] => 
    Running job  "Actualisation des statuts des newsletter" (id=nxsNewsletterRefreshLoop) ...
[2026-02-20T14:59:49] - [info] => 
    calling job method refreshNewsletterLoop ...
[2026-02-20T14:59:50] - [info] => 
    Running job  "Actualisation des statuts des newsletter" (id=nxsNewsletterRefreshLoop) ...
[2026-02-20T14:59:50] - [info] => 
    calling job method refreshNewsletterLoop ...
[2026-02-20T14:59:54] - [info] => 
    Running job  "Actualisation des statuts des newsletter" (id=nxsNewsletterRefreshLoop) ...
[2026-02-20T14:59:54] - [info] => 
    calling job method refreshNewsletterLoop ...
[2026-02-20T15:00:00] - [info] => 
    Running job  "Actualisation des statuts des newsletter" (id=nxsNewsletterRefreshLoop) ...
[2026-02-20T15:00:00] - [info] => 
    calling job method refreshNewsletterLoop ...
[2026-02-20T15:00:00] - [info] => 
    Running job  "Actualisation des statuts des newsletter" (id=nxsNewsletterRefreshLoop) ...
[2026-02-20T15:00:00] - [info] => 
    Running job  "Actualisation des statuts des newsletter" (id=nxsNewsletterRefreshLoop) ...
[2026-02-20T15:00:00] - [info] => 
    calling job method refreshNewsletterLoop ...
[2026-02-20T15:00:00] - [info] => 
    calling job method refreshNewsletterLoop ...
[2026-02-20T15:00:00] - [info] => 
    Running job  "Actualisation des statuts des newsletter" (id=nxsNewsletterRefreshLoop) ...
[2026-02-20T15:00:00] - [info] => 
    calling job method refreshNewsletterLoop ...
[2026-02-20T15:00:02] - [info] => 
    Running job  "Actualisation des statuts des newsletter" (id=nxsNewsletterRefreshLoop) ...
[2026-02-20T15:00:02] - [info] => 
    calling job method refreshNewsletterLoop ...
[2026-02-20T15:17:26] - [info] => 
    Running job  "Actualisation des statuts des newsletter" (id=nxsNewsletterRefreshLoop) ...
[2026-02-20T15:17:27] - [info] => 
    calling job method refreshNewsletterLoop ...
[2026-02-20T15:17:37] - [info] => 
    Running job  "Actualisation des statuts des newsletter" (id=nxsNewsletterRefreshLoop) ...
[2026-02-20T15:17:37] - [info] => 
    calling job method refreshNewsletterLoop ...
[2026-02-20T15:17:44] - [info] => 
    Running job  "Actualisation des statuts des newsletter" (id=nxsNewsletterRefreshLoop) ...
[2026-02-20T15:17:44] - [info] => 
    calling job method refreshNewsletterLoop ...
[2026-02-20T15:17:45] - [info] => 
    Running job  "Actualisation des statuts des newsletter" (id=nxsNewsletterRefreshLoop) ...
[2026-02-20T15:17:45] - [info] => 
    calling job method refreshNewsletterLoop ...
[2026-02-20T15:17:49] - [info] => 
    Running job  "Actualisation des statuts des newsletter" (id=nxsNewsletterRefreshLoop) ...
[2026-02-20T15:17:49] - [info] => 
    calling job method refreshNewsletterLoop ...
[2026-02-20T15:20:00] - [info] => 
    Running job  "Actualisation des statuts des newsletter" (id=nxsNewsletterRefreshLoop) ...
[2026-02-20T15:20:00] - [info] => 
    Running job  "Actualisation des statuts des newsletter" (id=nxsNewsletterRefreshLoop) ...
[2026-02-20T15:20:00] - [info] => 
    Running job  "Actualisation des statuts des newsletter" (id=nxsNewsletterRefreshLoop) ...
[2026-02-20T15:20:00] - [info] => 
    calling job method refreshNewsletterLoop ...
[2026-02-20T15:20:00] - [info] => 
    calling job method refreshNewsletterLoop ...
[2026-02-20T15:20:00] - [info] => 
    calling job method refreshNewsletterLoop ...
[2026-02-20T15:20:00] - [info] => 
    Running job  "Actualisation des statuts des newsletter" (id=nxsNewsletterRefreshLoop) ...
[2026-02-20T15:20:00] - [info] => 
    calling job method refreshNewsletterLoop ...
[2026-02-20T15:20:00] - [info] => 
    Running job  "Actualisation des statuts des newsletter" (id=nxsNewsletterRefreshLoop) ...
[2026-02-20T15:20:00] - [info] => 
    calling job method refreshNewsletterLoop ...
[2026-02-20T15:30:48] - [info] => 
    Running job  "Actualisation des statuts des newsletter" (id=nxsNewsletterRefreshLoop) ...
[2026-02-20T15:30:48] - [info] => 
    calling job method refreshNewsletterLoop ...
[2026-02-20T15:30:48] - [info] => 
    Running job  "Actualisation des statuts des newsletter" (id=nxsNewsletterRefreshLoop) ...
[2026-02-20T15:30:48] - [info] => 
    calling job method refreshNewsletterLoop ...
[2026-02-20T15:30:48] - [info] => 
    Running job  "Actualisation des statuts des newsletter" (id=nxsNewsletterRefreshLoop) ...
[2026-02-20T15:30:48] - [info] => 
    calling job method refreshNewsletterLoop ...
[2026-02-20T15:30:52] - [info] => 
    Running job  "Actualisation des statuts des newsletter" (id=nxsNewsletterRefreshLoop) ...
[2026-02-20T15:30:52] - [info] => 
    calling job method refreshNewsletterLoop ...
[2026-02-20T15:31:00] - [info] => 
    Running job  "Actualisation des statuts des newsletter" (id=nxsNewsletterRefreshLoop) ...
[2026-02-20T15:31:00] - [info] => 
    calling job method refreshNewsletterLoop ...
[2026-02-20T15:46:33] - [info] => 
    Running job  "Actualisation des statuts des newsletter" (id=nxsNewsletterRefreshLoop) ...
[2026-02-20T15:46:33] - [info] => 
    calling job method refreshNewsletterLoop ...
[2026-02-20T15:46:48] - [info] => 
    Running job  "Actualisation des statuts des newsletter" (id=nxsNewsletterRefreshLoop) ...
[2026-02-20T15:46:48] - [info] => 
    calling job method refreshNewsletterLoop ...
[2026-02-20T15:46:48] - [info] => 
    Running job  "Actualisation des statuts des newsletter" (id=nxsNewsletterRefreshLoop) ...
[2026-02-20T15:46:48] - [info] => 
    calling job method refreshNewsletterLoop ...
[2026-02-20T15:46:52] - [info] => 
    Running job  "Actualisation des statuts des newsletter" (id=nxsNewsletterRefreshLoop) ...
[2026-02-20T15:46:52] - [info] => 
    calling job method refreshNewsletterLoop ...
[2026-02-20T15:47:00] - [info] => 
    Running job  "Actualisation des statuts des newsletter" (id=nxsNewsletterRefreshLoop) ...
[2026-02-20T15:47:00] - [info] => 
    calling job method refreshNewsletterLoop ...
[2026-02-20T15:50:00] - [info] => 
    Running job  "Actualisation des statuts des newsletter" (id=nxsNewsletterRefreshLoop) ...
[2026-02-20T15:50:00] - [info] => 
    Running job  "Actualisation des statuts des newsletter" (id=nxsNewsletterRefreshLoop) ...
[2026-02-20T15:50:00] - [info] => 
    calling job method refreshNewsletterLoop ...
[2026-02-20T15:50:00] - [info] => 
    calling job method refreshNewsletterLoop ...
[2026-02-20T15:50:00] - [info] => 
    Running job  "Actualisation des statuts des newsletter" (id=nxsNewsletterRefreshLoop) ...
[2026-02-20T15:50:00] - [info] => 
    Running job  "Actualisation des statuts des newsletter" (id=nxsNewsletterRefreshLoop) ...
[2026-02-20T15:50:00] - [info] => 
    calling job method refreshNewsletterLoop ...
[2026-02-20T15:50:00] - [info] => 
    calling job method refreshNewsletterLoop ...
[2026-02-20T15:50:00] - [info] => 
    Running job  "Actualisation des statuts des newsletter" (id=nxsNewsletterRefreshLoop) ...
[2026-02-20T15:50:00] - [info] => 
    calling job method refreshNewsletterLoop ...
[2026-02-20T16:08:53] - [info] => 
    Running job  "Actualisation des statuts des newsletter" (id=nxsNewsletterRefreshLoop) ...
[2026-02-20T16:08:53] - [info] => 
    calling job method refreshNewsletterLoop ...
[2026-02-20T16:08:53] - [info] => 
    Running job  "Actualisation des statuts des newsletter" (id=nxsNewsletterRefreshLoop) ...
[2026-02-20T16:08:53] - [info] => 
    calling job method refreshNewsletterLoop ...
[2026-02-20T16:09:11] - [info] => 
    Running job  "Actualisation des statuts des newsletter" (id=nxsNewsletterRefreshLoop) ...
[2026-02-20T16:09:11] - [info] => 
    calling job method refreshNewsletterLoop ...
[2026-02-20T16:09:12] - [info] => 
    Running job  "Actualisation des statuts des newsletter" (id=nxsNewsletterRefreshLoop) ...
[2026-02-20T16:09:12] - [info] => 
    calling job method refreshNewsletterLoop ...
[2026-02-20T16:09:16] - [info] => 
    Running job  "Actualisation des statuts des newsletter" (id=nxsNewsletterRefreshLoop) ...
[2026-02-20T16:09:16] - [info] => 
    calling job method refreshNewsletterLoop ...
[2026-02-20T16:10:00] - [info] => 
    Running job  "Actualisation des statuts des newsletter" (id=nxsNewsletterRefreshLoop) ...
[2026-02-20T16:10:00] - [info] => 
    Running job  "Actualisation des statuts des newsletter" (id=nxsNewsletterRefreshLoop) ...
[2026-02-20T16:10:00] - [info] => 
    calling job method refreshNewsletterLoop ...
[2026-02-20T16:10:00] - [info] => 
    calling job method refreshNewsletterLoop ...
[2026-02-20T16:10:00] - [info] => 
    Running job  "Actualisation des statuts des newsletter" (id=nxsNewsletterRefreshLoop) ...
[2026-02-20T16:10:00] - [info] => 
    calling job method refreshNewsletterLoop ...
[2026-02-20T16:10:00] - [info] => 
    Running job  "Actualisation des statuts des newsletter" (id=nxsNewsletterRefreshLoop) ...
[2026-02-20T16:10:00] - [info] => 
    calling job method refreshNewsletterLoop ...
[2026-02-20T16:10:00] - [info] => 
    Running job  "Actualisation des statuts des newsletter" (id=nxsNewsletterRefreshLoop) ...
[2026-02-20T16:10:00] - [info] => 
    calling job method refreshNewsletterLoop ...
[2026-02-20T16:20:00] - [info] => 
    Running job  "Actualisation des statuts des newsletter" (id=nxsNewsletterRefreshLoop) ...
[2026-02-20T16:20:00] - [info] => 
    calling job method refreshNewsletterLoop ...
[2026-02-20T16:20:00] - [info] => 
    Running job  "Actualisation des statuts des newsletter" (id=nxsNewsletterRefreshLoop) ...
[2026-02-20T16:20:00] - [info] => 
    Running job  "Actualisation des statuts des newsletter" (id=nxsNewsletterRefreshLoop) ...
[2026-02-20T16:20:00] - [info] => 
    calling job method refreshNewsletterLoop ...
[2026-02-20T16:20:00] - [info] => 
    calling job method refreshNewsletterLoop ...
[2026-02-20T16:20:00] - [info] => 
    Running job  "Actualisation des statuts des newsletter" (id=nxsNewsletterRefreshLoop) ...
[2026-02-20T16:20:00] - [info] => 
    calling job method refreshNewsletterLoop ...
[2026-02-20T16:20:00] - [info] => 
    Running job  "Actualisation des statuts des newsletter" (id=nxsNewsletterRefreshLoop) ...
[2026-02-20T16:20:00] - [info] => 
    calling job method refreshNewsletterLoop ...
[2026-02-20T16:30:00] - [info] => 
    Running job  "Actualisation des statuts des newsletter" (id=nxsNewsletterRefreshLoop) ...
[2026-02-20T16:30:00] - [info] => 
    Running job  "Actualisation des statuts des newsletter" (id=nxsNewsletterRefreshLoop) ...
[2026-02-20T16:30:00] - [info] => 
    Running job  "Actualisation des statuts des newsletter" (id=nxsNewsletterRefreshLoop) ...
[2026-02-20T16:30:00] - [info] => 
    Running job  "Actualisation des statuts des newsletter" (id=nxsNewsletterRefreshLoop) ...
[2026-02-20T16:30:00] - [info] => 
    calling job method refreshNewsletterLoop ...
[2026-02-20T16:30:00] - [info] => 
    calling job method refreshNewsletterLoop ...
[2026-02-20T16:30:00] - [info] => 
    calling job method refreshNewsletterLoop ...
[2026-02-20T16:30:00] - [info] => 
    calling job method refreshNewsletterLoop ...
[2026-02-20T16:30:00] - [info] => 
    Running job  "Actualisation des statuts des newsletter" (id=nxsNewsletterRefreshLoop) ...
[2026-02-20T16:30:00] - [info] => 
    calling job method refreshNewsletterLoop ...
[2026-02-20T16:40:00] - [info] => 
    Running job  "Actualisation des statuts des newsletter" (id=nxsNewsletterRefreshLoop) ...
[2026-02-20T16:40:00] - [info] => 
    Running job  "Actualisation des statuts des newsletter" (id=nxsNewsletterRefreshLoop) ...
[2026-02-20T16:40:00] - [info] => 
    Running job  "Actualisation des statuts des newsletter" (id=nxsNewsletterRefreshLoop) ...
[2026-02-20T16:40:00] - [info] => 
    calling job method refreshNewsletterLoop ...
[2026-02-20T16:40:00] - [info] => 
    calling job method refreshNewsletterLoop ...
[2026-02-20T16:40:00] - [info] => 
    calling job method refreshNewsletterLoop ...
[2026-02-20T16:40:00] - [info] => 
    Running job  "Actualisation des statuts des newsletter" (id=nxsNewsletterRefreshLoop) ...
[2026-02-20T16:40:00] - [info] => 
    calling job method refreshNewsletterLoop ...
[2026-02-20T16:40:00] - [info] => 
    Running job  "Actualisation des statuts des newsletter" (id=nxsNewsletterRefreshLoop) ...
[2026-02-20T16:40:00] - [info] => 
    calling job method refreshNewsletterLoop ...
[2026-02-20T16:50:00] - [info] => 
    Running job  "Actualisation des statuts des newsletter" (id=nxsNewsletterRefreshLoop) ...
[2026-02-20T16:50:00] - [info] => 
    calling job method refreshNewsletterLoop ...
[2026-02-20T16:50:00] - [info] => 
    Running job  "Actualisation des statuts des newsletter" (id=nxsNewsletterRefreshLoop) ...
[2026-02-20T16:50:00] - [info] => 
    calling job method refreshNewsletterLoop ...
[2026-02-20T16:50:00] - [info] => 
    Running job  "Actualisation des statuts des newsletter" (id=nxsNewsletterRefreshLoop) ...
[2026-02-20T16:50:00] - [info] => 
    calling job method refreshNewsletterLoop ...
[2026-02-20T16:50:00] - [info] => 
    Running job  "Actualisation des statuts des newsletter" (id=nxsNewsletterRefreshLoop) ...
[2026-02-20T16:50:00] - [info] => 
    Running job  "Actualisation des statuts des newsletter" (id=nxsNewsletterRefreshLoop) ...
[2026-02-20T16:50:00] - [info] => 
    calling job method refreshNewsletterLoop ...
[2026-02-20T16:50:00] - [info] => 
    calling job method refreshNewsletterLoop ...
[2026-02-20T17:00:00] - [info] => 
    Running job  "Actualisation des statuts des newsletter" (id=nxsNewsletterRefreshLoop) ...
[2026-02-20T17:00:00] - [info] => 
    Running job  "Actualisation des statuts des newsletter" (id=nxsNewsletterRefreshLoop) ...
[2026-02-20T17:00:00] - [info] => 
    Running job  "Actualisation des statuts des newsletter" (id=nxsNewsletterRefreshLoop) ...
[2026-02-20T17:00:00] - [info] => 
    Running job  "Actualisation des statuts des newsletter" (id=nxsNewsletterRefreshLoop) ...
[2026-02-20T17:00:00] - [info] => 
    calling job method refreshNewsletterLoop ...
[2026-02-20T17:00:00] - [info] => 
    calling job method refreshNewsletterLoop ...
[2026-02-20T17:00:00] - [info] => 
    calling job method refreshNewsletterLoop ...
[2026-02-20T17:00:00] - [info] => 
    calling job method refreshNewsletterLoop ...
[2026-02-20T17:00:00] - [info] => 
    Running job  "Actualisation des statuts des newsletter" (id=nxsNewsletterRefreshLoop) ...
[2026-02-20T17:00:00] - [info] => 
    calling job method refreshNewsletterLoop ...
[2026-02-20T17:25:46] - [info] => 
    Running job  "Actualisation des statuts des newsletter" (id=nxsNewsletterRefreshLoop) ...
[2026-02-20T17:25:46] - [info] => 
    calling job method refreshNewsletterLoop ...
[2026-02-20T17:25:47] - [info] => 
    Running job  "Actualisation des statuts des newsletter" (id=nxsNewsletterRefreshLoop) ...
[2026-02-20T17:25:47] - [info] => 
    calling job method refreshNewsletterLoop ...
[2026-02-20T17:25:48] - [info] => 
    Running job  "Actualisation des statuts des newsletter" (id=nxsNewsletterRefreshLoop) ...
[2026-02-20T17:25:48] - [info] => 
    calling job method refreshNewsletterLoop ...
[2026-02-20T17:25:51] - [info] => 
    Running job  "Actualisation des statuts des newsletter" (id=nxsNewsletterRefreshLoop) ...
[2026-02-20T17:25:51] - [info] => 
    calling job method refreshNewsletterLoop ...
[2026-02-20T17:25:58] - [info] => 
    Running job  "Actualisation des statuts des newsletter" (id=nxsNewsletterRefreshLoop) ...
[2026-02-20T17:25:58] - [info] => 
    calling job method refreshNewsletterLoop ...
[2026-02-20T17:31:43] - [info] => 
    Running job  "Actualisation des statuts des newsletter" (id=nxsNewsletterRefreshLoop) ...
[2026-02-20T17:31:43] - [info] => 
    calling job method refreshNewsletterLoop ...
[2026-02-20T17:31:44] - [info] => 
    Running job  "Actualisation des statuts des newsletter" (id=nxsNewsletterRefreshLoop) ...
[2026-02-20T17:31:45] - [info] => 
    calling job method refreshNewsletterLoop ...
[2026-02-20T17:31:45] - [info] => 
    Running job  "Actualisation des statuts des newsletter" (id=nxsNewsletterRefreshLoop) ...
[2026-02-20T17:31:45] - [info] => 
    calling job method refreshNewsletterLoop ...
[2026-02-20T17:31:49] - [info] => 
    Running job  "Actualisation des statuts des newsletter" (id=nxsNewsletterRefreshLoop) ...
[2026-02-20T17:31:49] - [info] => 
    calling job method refreshNewsletterLoop ...
[2026-02-20T17:31:57] - [info] => 
    Running job  "Actualisation des statuts des newsletter" (id=nxsNewsletterRefreshLoop) ...
[2026-02-20T17:31:57] - [info] => 
    calling job method refreshNewsletterLoop ...
[2026-02-20T17:40:00] - [info] => 
    Running job  "Actualisation des statuts des newsletter" (id=nxsNewsletterRefreshLoop) ...
[2026-02-20T17:40:00] - [info] => 
    Running job  "Actualisation des statuts des newsletter" (id=nxsNewsletterRefreshLoop) ...
[2026-02-20T17:40:00] - [info] => 
    calling job method refreshNewsletterLoop ...
[2026-02-20T17:40:00] - [info] => 
    calling job method refreshNewsletterLoop ...
[2026-02-20T17:40:00] - [info] => 
    Running job  "Actualisation des statuts des newsletter" (id=nxsNewsletterRefreshLoop) ...
[2026-02-20T17:40:00] - [info] => 
    calling job method refreshNewsletterLoop ...
[2026-02-20T17:40:00] - [info] => 
    Running job  "Actualisation des statuts des newsletter" (id=nxsNewsletterRefreshLoop) ...
[2026-02-20T17:40:00] - [info] => 
    calling job method refreshNewsletterLoop ...
[2026-02-20T17:40:00] - [info] => 
    Running job  "Actualisation des statuts des newsletter" (id=nxsNewsletterRefreshLoop) ...
[2026-02-20T17:40:00] - [info] => 
    calling job method refreshNewsletterLoop ...
[2026-02-20T17:50:00] - [info] => 
    Running job  "Actualisation des statuts des newsletter" (id=nxsNewsletterRefreshLoop) ...
[2026-02-20T17:50:00] - [info] => 
    Running job  "Actualisation des statuts des newsletter" (id=nxsNewsletterRefreshLoop) ...
[2026-02-20T17:50:00] - [info] => 
    Running job  "Actualisation des statuts des newsletter" (id=nxsNewsletterRefreshLoop) ...
[2026-02-20T17:50:00] - [info] => 
    calling job method refreshNewsletterLoop ...
[2026-02-20T17:50:00] - [info] => 
    calling job method refreshNewsletterLoop ...
[2026-02-20T17:50:00] - [info] => 
    calling job method refreshNewsletterLoop ...
[2026-02-20T17:50:00] - [info] => 
    Running job  "Actualisation des statuts des newsletter" (id=nxsNewsletterRefreshLoop) ...
[2026-02-20T17:50:00] - [info] => 
    calling job method refreshNewsletterLoop ...
[2026-02-20T17:50:00] - [info] => 
    Running job  "Actualisation des statuts des newsletter" (id=nxsNewsletterRefreshLoop) ...
[2026-02-20T17:50:00] - [info] => 
    calling job method refreshNewsletterLoop ...
[2026-02-20T18:00:00] - [info] => 
    Running job  "Actualisation des statuts des newsletter" (id=nxsNewsletterRefreshLoop) ...
[2026-02-20T18:00:00] - [info] => 
    Running job  "Actualisation des statuts des newsletter" (id=nxsNewsletterRefreshLoop) ...
[2026-02-20T18:00:00] - [info] => 
    Running job  "Actualisation des statuts des newsletter" (id=nxsNewsletterRefreshLoop) ...
[2026-02-20T18:00:00] - [info] => 
    calling job method refreshNewsletterLoop ...
[2026-02-20T18:00:00] - [info] => 
    calling job method refreshNewsletterLoop ...
[2026-02-20T18:00:00] - [info] => 
    calling job method refreshNewsletterLoop ...
[2026-02-20T18:00:00] - [info] => 
    Running job  "Actualisation des statuts des newsletter" (id=nxsNewsletterRefreshLoop) ...
[2026-02-20T18:00:00] - [info] => 
    calling job method refreshNewsletterLoop ...
[2026-02-20T18:00:00] - [info] => 
    Running job  "Actualisation des statuts des newsletter" (id=nxsNewsletterRefreshLoop) ...
[2026-02-20T18:00:00] - [info] => 
    calling job method refreshNewsletterLoop ...
[2026-02-20T18:10:00] - [info] => 
    Running job  "Actualisation des statuts des newsletter" (id=nxsNewsletterRefreshLoop) ...
[2026-02-20T18:10:00] - [info] => 
    Running job  "Actualisation des statuts des newsletter" (id=nxsNewsletterRefreshLoop) ...
[2026-02-20T18:10:00] - [info] => 
    Running job  "Actualisation des statuts des newsletter" (id=nxsNewsletterRefreshLoop) ...
[2026-02-20T18:10:00] - [info] => 
    calling job method refreshNewsletterLoop ...
[2026-02-20T18:10:00] - [info] => 
    calling job method refreshNewsletterLoop ...
[2026-02-20T18:10:00] - [info] => 
    calling job method refreshNewsletterLoop ...
[2026-02-20T18:10:00] - [info] => 
    Running job  "Actualisation des statuts des newsletter" (id=nxsNewsletterRefreshLoop) ...
[2026-02-20T18:10:00] - [info] => 
    calling job method refreshNewsletterLoop ...
[2026-02-20T18:10:00] - [info] => 
    Running job  "Actualisation des statuts des newsletter" (id=nxsNewsletterRefreshLoop) ...
[2026-02-20T18:10:00] - [info] => 
    calling job method refreshNewsletterLoop ...
[2026-02-20T18:20:00] - [info] => 
    Running job  "Actualisation des statuts des newsletter" (id=nxsNewsletterRefreshLoop) ...
[2026-02-20T18:20:00] - [info] => 
    Running job  "Actualisation des statuts des newsletter" (id=nxsNewsletterRefreshLoop) ...
[2026-02-20T18:20:00] - [info] => 
    Running job  "Actualisation des statuts des newsletter" (id=nxsNewsletterRefreshLoop) ...
[2026-02-20T18:20:00] - [info] => 
    calling job method refreshNewsletterLoop ...
[2026-02-20T18:20:00] - [info] => 
    calling job method refreshNewsletterLoop ...
[2026-02-20T18:20:00] - [info] => 
    Running job  "Actualisation des statuts des newsletter" (id=nxsNewsletterRefreshLoop) ...
[2026-02-20T18:20:00] - [info] => 
    calling job method refreshNewsletterLoop ...
[2026-02-20T18:20:00] - [info] => 
    calling job method refreshNewsletterLoop ...
[2026-02-20T18:20:00] - [info] => 
    Running job  "Actualisation des statuts des newsletter" (id=nxsNewsletterRefreshLoop) ...
[2026-02-20T18:20:00] - [info] => 
    calling job method refreshNewsletterLoop ...
[2026-02-20T18:30:00] - [info] => 
    Running job  "Actualisation des statuts des newsletter" (id=nxsNewsletterRefreshLoop) ...
[2026-02-20T18:30:00] - [info] => 
    Running job  "Actualisation des statuts des newsletter" (id=nxsNewsletterRefreshLoop) ...
[2026-02-20T18:30:00] - [info] => 
    calling job method refreshNewsletterLoop ...
[2026-02-20T18:30:00] - [info] => 
    calling job method refreshNewsletterLoop ...
[2026-02-20T18:30:00] - [info] => 
    Running job  "Actualisation des statuts des newsletter" (id=nxsNewsletterRefreshLoop) ...
[2026-02-20T18:30:00] - [info] => 
    Running job  "Actualisation des statuts des newsletter" (id=nxsNewsletterRefreshLoop) ...
[2026-02-20T18:30:00] - [info] => 
    calling job method refreshNewsletterLoop ...
[2026-02-20T18:30:00] - [info] => 
    calling job method refreshNewsletterLoop ...
[2026-02-20T18:30:00] - [info] => 
    Running job  "Actualisation des statuts des newsletter" (id=nxsNewsletterRefreshLoop) ...
[2026-02-20T18:30:00] - [info] => 
    calling job method refreshNewsletterLoop ...
[2026-02-20T18:52:47] - [info] => 
    Running job  "Actualisation des statuts des newsletter" (id=nxsNewsletterRefreshLoop) ...
[2026-02-20T18:52:47] - [info] => 
    calling job method refreshNewsletterLoop ...
[2026-02-20T19:08:01] - [info] => 
    Running job  "Actualisation des statuts des newsletter" (id=nxsNewsletterRefreshLoop) ...
[2026-02-20T19:08:01] - [info] => 
    calling job method refreshNewsletterLoop ...
[2026-02-20T19:08:06] - [info] => 
    Running job  "Actualisation des statuts des newsletter" (id=nxsNewsletterRefreshLoop) ...
[2026-02-20T19:08:06] - [info] => 
    calling job method refreshNewsletterLoop ...
[2026-02-20T19:24:30] - [info] => 
    Running job  "Actualisation des statuts des newsletter" (id=nxsNewsletterRefreshLoop) ...
[2026-02-20T19:24:30] - [info] => 
    calling job method refreshNewsletterLoop ...
[2026-02-20T19:32:43] - [info] => 
    Running job  "Actualisation des statuts des newsletter" (id=nxsNewsletterRefreshLoop) ...
[2026-02-20T19:32:43] - [info] => 
    calling job method refreshNewsletterLoop ...
[2026-02-20T19:32:56] - [info] => 
    Running job  "Actualisation des statuts des newsletter" (id=nxsNewsletterRefreshLoop) ...
[2026-02-20T19:32:56] - [info] => 
    calling job method refreshNewsletterLoop ...
[2026-02-20T19:48:24] - [info] => 
    Running job  "Actualisation des statuts des newsletter" (id=nxsNewsletterRefreshLoop) ...
[2026-02-20T19:48:24] - [info] => 
    calling job method refreshNewsletterLoop ...
[2026-02-20T19:48:25] - [info] => 
    Running job  "Actualisation des statuts des newsletter" (id=nxsNewsletterRefreshLoop) ...
[2026-02-20T19:48:25] - [info] => 
    calling job method refreshNewsletterLoop ...
[2026-02-20T19:48:26] - [info] => 
    Running job  "Actualisation des statuts des newsletter" (id=nxsNewsletterRefreshLoop) ...
[2026-02-20T19:48:26] - [info] => 
    calling job method refreshNewsletterLoop ...
[2026-02-20T19:48:30] - [info] => 
    Running job  "Actualisation des statuts des newsletter" (id=nxsNewsletterRefreshLoop) ...
[2026-02-20T19:48:30] - [info] => 
    calling job method refreshNewsletterLoop ...
[2026-02-20T20:03:51] - [info] => 
    Running job  "Actualisation des statuts des newsletter" (id=nxsNewsletterRefreshLoop) ...
[2026-02-20T20:03:51] - [info] => 
    calling job method refreshNewsletterLoop ...
[2026-02-20T20:19:15] - [info] => 
    Running job  "Actualisation des statuts des newsletter" (id=nxsNewsletterRefreshLoop) ...
[2026-02-20T20:19:15] - [info] => 
    calling job method refreshNewsletterLoop ...
[2026-02-20T20:50:25] - [info] => 
    Running job  "Actualisation des statuts des newsletter" (id=nxsNewsletterRefreshLoop) ...
[2026-02-20T20:50:25] - [info] => 
    calling job method refreshNewsletterLoop ...
[2026-02-20T20:50:26] - [info] => 
    Running job  "Actualisation des statuts des newsletter" (id=nxsNewsletterRefreshLoop) ...
[2026-02-20T20:50:26] - [info] => 
    calling job method refreshNewsletterLoop ...
[2026-02-20T21:07:32] - [info] => 
    Running job  "Actualisation des statuts des newsletter" (id=nxsNewsletterRefreshLoop) ...
[2026-02-20T21:07:32] - [info] => 
    calling job method refreshNewsletterLoop ...
[2026-02-20T21:23:54] - [info] => 
    Running job  "Actualisation des statuts des newsletter" (id=nxsNewsletterRefreshLoop) ...
[2026-02-20T21:23:54] - [info] => 
    calling job method refreshNewsletterLoop ...
[2026-02-20T21:23:59] - [info] => 
    Running job  "Actualisation des statuts des newsletter" (id=nxsNewsletterRefreshLoop) ...
[2026-02-20T21:23:59] - [info] => 
    calling job method refreshNewsletterLoop ...
[2026-02-20T21:34:47] - [info] => 
    Running job  "Actualisation des statuts des newsletter" (id=nxsNewsletterRefreshLoop) ...
[2026-02-20T21:34:47] - [info] => 
    calling job method refreshNewsletterLoop ...
[2026-02-20T21:50:55] - [info] => 
    Running job  "Actualisation des statuts des newsletter" (id=nxsNewsletterRefreshLoop) ...
[2026-02-20T21:50:55] - [info] => 
    calling job method refreshNewsletterLoop ...
[2026-02-20T21:50:55] - [info] => 
    Running job  "Actualisation des statuts des newsletter" (id=nxsNewsletterRefreshLoop) ...
[2026-02-20T21:50:55] - [info] => 
    calling job method refreshNewsletterLoop ...
[2026-02-20T21:50:56] - [info] => 
    Running job  "Actualisation des statuts des newsletter" (id=nxsNewsletterRefreshLoop) ...
[2026-02-20T21:50:56] - [info] => 
    calling job method refreshNewsletterLoop ...
[2026-02-20T22:07:42] - [info] => 
    Running job  "Actualisation des statuts des newsletter" (id=nxsNewsletterRefreshLoop) ...
[2026-02-20T22:07:42] - [info] => 
    calling job method refreshNewsletterLoop ...
[2026-02-20T22:07:43] - [info] => 
    Running job  "Actualisation des statuts des newsletter" (id=nxsNewsletterRefreshLoop) ...
[2026-02-20T22:07:43] - [info] => 
    calling job method refreshNewsletterLoop ...
[2026-02-20T22:24:11] - [info] => 
    Running job  "Actualisation des statuts des newsletter" (id=nxsNewsletterRefreshLoop) ...
[2026-02-20T22:24:11] - [info] => 
    calling job method refreshNewsletterLoop ...
[2026-02-20T22:24:14] - [info] => 
    Running job  "Actualisation des statuts des newsletter" (id=nxsNewsletterRefreshLoop) ...
[2026-02-20T22:24:14] - [info] => 
    calling job method refreshNewsletterLoop ...
[2026-02-20T22:35:47] - [info] => 
    Running job  "Actualisation des statuts des newsletter" (id=nxsNewsletterRefreshLoop) ...
[2026-02-20T22:35:47] - [info] => 
    calling job method refreshNewsletterLoop ...
[2026-02-20T23:11:34] - [info] => 
    Running job  "Actualisation des statuts des newsletter" (id=nxsNewsletterRefreshLoop) ...
[2026-02-20T23:11:34] - [info] => 
    calling job method refreshNewsletterLoop ...
[2026-02-20T23:11:35] - [info] => 
    Running job  "Actualisation des statuts des newsletter" (id=nxsNewsletterRefreshLoop) ...
[2026-02-20T23:11:35] - [info] => 
    calling job method refreshNewsletterLoop ...
[2026-02-20T23:27:47] - [info] => 
    Running job  "Actualisation des statuts des newsletter" (id=nxsNewsletterRefreshLoop) ...
[2026-02-20T23:27:47] - [info] => 
    calling job method refreshNewsletterLoop ...
[2026-02-20T23:36:46] - [info] => 
    Running job  "Actualisation des statuts des newsletter" (id=nxsNewsletterRefreshLoop) ...
[2026-02-20T23:36:46] - [info] => 
    calling job method refreshNewsletterLoop ...
[2026-02-20T23:36:47] - [info] => 
    Running job  "Actualisation des statuts des newsletter" (id=nxsNewsletterRefreshLoop) ...
[2026-02-20T23:36:47] - [info] => 
    calling job method refreshNewsletterLoop ...
[2026-02-20T23:37:04] - [info] => 
    Running job  "Actualisation des statuts des newsletter" (id=nxsNewsletterRefreshLoop) ...
[2026-02-20T23:37:04] - [info] => 
    calling job method refreshNewsletterLoop ...
[2026-02-20T23:37:05] - [info] => 
    Running job  "Actualisation des statuts des newsletter" (id=nxsNewsletterRefreshLoop) ...
[2026-02-20T23:37:05] - [info] => 
    calling job method refreshNewsletterLoop ...
[2026-02-20T23:37:09] - [info] => 
    Running job  "Actualisation des statuts des newsletter" (id=nxsNewsletterRefreshLoop) ...
[2026-02-20T23:37:09] - [info] => 
    calling job method refreshNewsletterLoop ...
[2026-02-20T23:52:28] - [info] => 
    Running job  "Actualisation des statuts des newsletter" (id=nxsNewsletterRefreshLoop) ...
[2026-02-20T23:52:28] - [info] => 
    calling job method refreshNewsletterLoop ...