
[2026-02-18T00:39:42] - [info] => 
    Running job  "Actualisation des statuts des newsletter" (id=nxsNewsletterRefreshLoop) ...
[2026-02-18T00:39:42] - [info] => 
    Running job  "Daily Interview Report - World" (id=dailyInterviewReportWorld) ...
[2026-02-18T00:39:42] - [info] => 
    calling job method refreshNewsletterLoop ...
[2026-02-18T00:39:42] - [info] => 
    calling job method sendDailyInterviewReportWorld ...
[2026-02-18T00:39:42] - [info] => 
    Daily interview report sent for world - 0/22 met goal
[2026-02-18T01:29:43] - [info] => 
    Running job  "Mise à jour du statut des candidats interviewés" (id=updateInterviewedCandidatesStatus) ...
[2026-02-18T01:29:43] - [info] => 
    Running job  "Actualisation des statuts des newsletter" (id=nxsNewsletterRefreshLoop) ...
[2026-02-18T01:29:43] - [info] => 
    calling job method updateInterviewedCandidatesStatus ...
[2026-02-18T01:29:43] - [info] => 
    calling job method refreshNewsletterLoop ...
[2026-02-18T01:45:36] - [info] => 
    Running job  "Actualisation des statuts des newsletter" (id=nxsNewsletterRefreshLoop) ...
[2026-02-18T01:45:36] - [info] => 
    calling job method refreshNewsletterLoop ...
[2026-02-18T02:48:48] - [info] => 
    Running job  "Revert candidates from InProcess older than 14 days" (id=revertExpiredInProcessStatuses) ...
[2026-02-18T02:48:48] - [info] => 
    Running job  "Actualisation des statuts des newsletter" (id=nxsNewsletterRefreshLoop) ...
[2026-02-18T02:48:48] - [info] => 
    calling job method refreshNewsletterLoop ...
[2026-02-18T02:48:48] - [info] => 
    calling job method revertExpiredInProcessStatuses ...
[2026-02-18T03:01:00] - [info] => 
    Running job  "Actualisation des statuts des newsletter" (id=nxsNewsletterRefreshLoop) ...
[2026-02-18T03:01:00] - [info] => 
    calling job method refreshNewsletterLoop ...
[2026-02-18T03:32:59] - [info] => 
    Running job  "Nettoyage" (id=nxsJobsCleaning) ...
[2026-02-18T03:32:59] - [info] => 
    Running job  "Actualisation des statuts des newsletter" (id=nxsNewsletterRefreshLoop) ...
[2026-02-18T03:32:59] - [info] => 
    calling job method refreshNewsletterLoop ...
[2026-02-18T03:32:59] - [info] => 
    calling job method deleteOldJobHistoryAndLogs ...
[2026-02-18T03:32:59] - [info] => 
    Main clean - Début du job
[2026-02-18T03:48:37] - [info] => 
    Running job  "Actualisation des statuts des newsletter" (id=nxsNewsletterRefreshLoop) ...
[2026-02-18T03:48:37] - [info] => 
    calling job method refreshNewsletterLoop ...
[2026-02-18T03:48:37] - [info] => 
    Suppression des fichiers temporaires terminée - nombre de fichiers supprimés 
    
[2026-02-18T03:48:37] - [info] => 
    Main clean - Fin du job
[2026-02-18T04:15:14] - [info] => 
    Running job  "Nettoyage des contacts pour la newsletter" (id=nxsCleanNewsletterRecipients) ...
[2026-02-18T04:15:14] - [info] => 
    Running job  "Actualisation des statuts des newsletter" (id=nxsNewsletterRefreshLoop) ...
[2026-02-18T04:15:14] - [info] => 
    calling job method cleanNewsletterRecipients ...
[2026-02-18T04:15:14] - [info] => 
    calling job method refreshNewsletterLoop ...
[2026-02-18T04:20:00] - [info] => 
    Running job  "Actualisation des statuts des newsletter" (id=nxsNewsletterRefreshLoop) ...
[2026-02-18T04:20:00] - [info] => 
    calling job method refreshNewsletterLoop ...
[2026-02-18T05:20:15] - [info] => 
    Running job  "Actualisation des statuts des newsletter" (id=nxsNewsletterRefreshLoop) ...
[2026-02-18T05:20:15] - [info] => 
    calling job method refreshNewsletterLoop ...
[2026-02-18T05:30:00] - [info] => 
    Running job  "Actualisation des statuts des newsletter" (id=nxsNewsletterRefreshLoop) ...
[2026-02-18T05:30:00] - [info] => 
    calling job method refreshNewsletterLoop ...
[2026-02-18T05:40:00] - [info] => 
    Running job  "Actualisation des statuts des newsletter" (id=nxsNewsletterRefreshLoop) ...
[2026-02-18T05:40:00] - [info] => 
    calling job method refreshNewsletterLoop ...
[2026-02-18T05:50:00] - [info] => 
    Running job  "Actualisation des statuts des newsletter" (id=nxsNewsletterRefreshLoop) ...
[2026-02-18T05:50:00] - [info] => 
    calling job method refreshNewsletterLoop ...
[2026-02-18T06:00:00] - [info] => 
    Running job  "Actualisation des statuts des newsletter" (id=nxsNewsletterRefreshLoop) ...
[2026-02-18T06:00:00] - [info] => 
    calling job method refreshNewsletterLoop ...
[2026-02-18T06:10:00] - [info] => 
    Running job  "Actualisation des statuts des newsletter" (id=nxsNewsletterRefreshLoop) ...
[2026-02-18T06:10:00] - [info] => 
    calling job method refreshNewsletterLoop ...
[2026-02-18T06:20:00] - [info] => 
    Running job  "Actualisation des statuts des newsletter" (id=nxsNewsletterRefreshLoop) ...
[2026-02-18T06:20:00] - [info] => 
    calling job method refreshNewsletterLoop ...
[2026-02-18T06:33:34] - [info] => 
    Running job  "Actualisation des statuts des newsletter" (id=nxsNewsletterRefreshLoop) ...
[2026-02-18T06:33:34] - [info] => 
    calling job method refreshNewsletterLoop ...
[2026-02-18T06:41:23] - [info] => 
    Running job  "Actualisation des statuts des newsletter" (id=nxsNewsletterRefreshLoop) ...
[2026-02-18T06:41:23] - [info] => 
    calling job method refreshNewsletterLoop ...
[2026-02-18T07:01:24] - [info] => 
    Running job  "Actualisation des statuts des newsletter" (id=nxsNewsletterRefreshLoop) ...
[2026-02-18T07:01:24] - [info] => 
    calling job method refreshNewsletterLoop ...
[2026-02-18T08:12:12] - [info] => 
    Running job  "Actualisation des statuts des newsletter" (id=nxsNewsletterRefreshLoop) ...
[2026-02-18T08:12:12] - [info] => 
    calling job method refreshNewsletterLoop ...
[2026-02-18T08:34:58] - [info] => 
    Running job  "Actualisation des statuts des newsletter" (id=nxsNewsletterRefreshLoop) ...
[2026-02-18T08:34:58] - [info] => 
    calling job method refreshNewsletterLoop ...
[2026-02-18T08:58:11] - [info] => 
    Running job  "Actualisation des statuts des newsletter" (id=nxsNewsletterRefreshLoop) ...
[2026-02-18T08:58:11] - [info] => 
    calling job method refreshNewsletterLoop ...
[2026-02-18T09:25:10] - [info] => 
    Running job  "Actualisation des statuts des newsletter" (id=nxsNewsletterRefreshLoop) ...
[2026-02-18T09:25:10] - [info] => 
    Running job  "Daily Interview Report - US" (id=dailyInterviewReportUS) ...
[2026-02-18T09:25:10] - [info] => 
    calling job method refreshNewsletterLoop ...
[2026-02-18T09:25:10] - [info] => 
    calling job method sendDailyInterviewReportUS ...
[2026-02-18T09:25:11] - [info] => 
    Daily interview report sent for us - 0/3 met goal
[2026-02-18T09:30:00] - [info] => 
    Running job  "Actualisation des statuts des newsletter" (id=nxsNewsletterRefreshLoop) ...
[2026-02-18T09:30:00] - [info] => 
    calling job method refreshNewsletterLoop ...
[2026-02-18T09:58:40] - [info] => 
    Running job  "Actualisation des statuts des newsletter" (id=nxsNewsletterRefreshLoop) ...
[2026-02-18T09:58:40] - [info] => 
    calling job method refreshNewsletterLoop ...
[2026-02-18T10:00:53] - [info] => 
    Running job  "Actualisation des statuts des newsletter" (id=nxsNewsletterRefreshLoop) ...
[2026-02-18T10:00:53] - [info] => 
    calling job method refreshNewsletterLoop ...
[2026-02-18T10:10:00] - [info] => 
    Running job  "Actualisation des statuts des newsletter" (id=nxsNewsletterRefreshLoop) ...
[2026-02-18T10:10:00] - [info] => 
    calling job method refreshNewsletterLoop ...
[2026-02-18T10:20:00] - [info] => 
    Running job  "Actualisation des statuts des newsletter" (id=nxsNewsletterRefreshLoop) ...
[2026-02-18T10:20:00] - [info] => 
    calling job method refreshNewsletterLoop ...
[2026-02-18T10:30:00] - [info] => 
    Running job  "Actualisation des statuts des newsletter" (id=nxsNewsletterRefreshLoop) ...
[2026-02-18T10:30:00] - [info] => 
    calling job method refreshNewsletterLoop ...
[2026-02-18T10:40:00] - [info] => 
    Running job  "Actualisation des statuts des newsletter" (id=nxsNewsletterRefreshLoop) ...
[2026-02-18T10:40:00] - [info] => 
    calling job method refreshNewsletterLoop ...
[2026-02-18T10:50:00] - [info] => 
    Running job  "Actualisation des statuts des newsletter" (id=nxsNewsletterRefreshLoop) ...
[2026-02-18T10:50:00] - [info] => 
    calling job method refreshNewsletterLoop ...
[2026-02-18T11:00:00] - [info] => 
    Running job  "Actualisation des statuts des newsletter" (id=nxsNewsletterRefreshLoop) ...
[2026-02-18T11:00:00] - [info] => 
    calling job method refreshNewsletterLoop ...
[2026-02-18T11:10:00] - [info] => 
    Running job  "Actualisation des statuts des newsletter" (id=nxsNewsletterRefreshLoop) ...
[2026-02-18T11:10:00] - [info] => 
    calling job method refreshNewsletterLoop ...
[2026-02-18T11:20:00] - [info] => 
    Running job  "Actualisation des statuts des newsletter" (id=nxsNewsletterRefreshLoop) ...
[2026-02-18T11:20:00] - [info] => 
    calling job method refreshNewsletterLoop ...
[2026-02-18T11:37:08] - [info] => 
    Running job  "Actualisation des statuts des newsletter" (id=nxsNewsletterRefreshLoop) ...
[2026-02-18T11:37:08] - [info] => 
    calling job method refreshNewsletterLoop ...
[2026-02-18T11:41:38] - [info] => 
    Running job  "Actualisation des statuts des newsletter" (id=nxsNewsletterRefreshLoop) ...
[2026-02-18T11:41:38] - [info] => 
    calling job method refreshNewsletterLoop ...
[2026-02-18T11:50:00] - [info] => 
    Running job  "Actualisation des statuts des newsletter" (id=nxsNewsletterRefreshLoop) ...
[2026-02-18T11:50:00] - [info] => 
    calling job method refreshNewsletterLoop ...
[2026-02-18T12:00:00] - [info] => 
    Running job  "Actualisation des statuts des newsletter" (id=nxsNewsletterRefreshLoop) ...
[2026-02-18T12:00:00] - [info] => 
    calling job method refreshNewsletterLoop ...
[2026-02-18T12:25:35] - [info] => 
    Running job  "Actualisation des statuts des newsletter" (id=nxsNewsletterRefreshLoop) ...
[2026-02-18T12:25:35] - [info] => 
    calling job method refreshNewsletterLoop ...
[2026-02-18T12:47:21] - [info] => 
    Running job  "Actualisation des statuts des newsletter" (id=nxsNewsletterRefreshLoop) ...
[2026-02-18T12:47:21] - [info] => 
    calling job method refreshNewsletterLoop ...
[2026-02-18T12:56:08] - [info] => 
    Running job  "Actualisation des statuts des newsletter" (id=nxsNewsletterRefreshLoop) ...
[2026-02-18T12:56:08] - [info] => 
    calling job method refreshNewsletterLoop ...
[2026-02-18T13:28:33] - [info] => 
    Running job  "Actualisation des statuts des newsletter" (id=nxsNewsletterRefreshLoop) ...
[2026-02-18T13:28:33] - [info] => 
    calling job method refreshNewsletterLoop ...
[2026-02-18T14:37:16] - [info] => 
    Running job  "Actualisation des statuts des newsletter" (id=nxsNewsletterRefreshLoop) ...
[2026-02-18T14:37:16] - [info] => 
    calling job method refreshNewsletterLoop ...
[2026-02-18T14:58:54] - [info] => 
    Running job  "Actualisation des statuts des newsletter" (id=nxsNewsletterRefreshLoop) ...
[2026-02-18T14:58:54] - [info] => 
    calling job method refreshNewsletterLoop ...
[2026-02-18T15:00:00] - [info] => 
    Running job  "Actualisation des statuts des newsletter" (id=nxsNewsletterRefreshLoop) ...
[2026-02-18T15:00:00] - [info] => 
    calling job method refreshNewsletterLoop ...
[2026-02-18T15:10:00] - [info] => 
    Running job  "Actualisation des statuts des newsletter" (id=nxsNewsletterRefreshLoop) ...
[2026-02-18T15:10:00] - [info] => 
    calling job method refreshNewsletterLoop ...
[2026-02-18T15:20:00] - [info] => 
    Running job  "Actualisation des statuts des newsletter" (id=nxsNewsletterRefreshLoop) ...
[2026-02-18T15:20:00] - [info] => 
    calling job method refreshNewsletterLoop ...
[2026-02-18T15:30:00] - [info] => 
    Running job  "Actualisation des statuts des newsletter" (id=nxsNewsletterRefreshLoop) ...
[2026-02-18T15:30:00] - [info] => 
    calling job method refreshNewsletterLoop ...
[2026-02-18T15:56:02] - [info] => 
    Running job  "Actualisation des statuts des newsletter" (id=nxsNewsletterRefreshLoop) ...
[2026-02-18T15:56:02] - [info] => 
    calling job method refreshNewsletterLoop ...
[2026-02-18T16:03:35] - [info] => 
    Running job  "Actualisation des statuts des newsletter" (id=nxsNewsletterRefreshLoop) ...
[2026-02-18T16:03:35] - [info] => 
    calling job method refreshNewsletterLoop ...
[2026-02-18T16:10:00] - [info] => 
    Running job  "Actualisation des statuts des newsletter" (id=nxsNewsletterRefreshLoop) ...
[2026-02-18T16:10:00] - [info] => 
    calling job method refreshNewsletterLoop ...
[2026-02-18T16:20:00] - [info] => 
    Running job  "Actualisation des statuts des newsletter" (id=nxsNewsletterRefreshLoop) ...
[2026-02-18T16:20:00] - [info] => 
    calling job method refreshNewsletterLoop ...
[2026-02-18T16:30:00] - [info] => 
    Running job  "Actualisation des statuts des newsletter" (id=nxsNewsletterRefreshLoop) ...
[2026-02-18T16:30:00] - [info] => 
    calling job method refreshNewsletterLoop ...
[2026-02-18T16:40:00] - [info] => 
    Running job  "Actualisation des statuts des newsletter" (id=nxsNewsletterRefreshLoop) ...
[2026-02-18T16:40:00] - [info] => 
    calling job method refreshNewsletterLoop ...
[2026-02-18T16:57:47] - [info] => 
    Running job  "Actualisation des statuts des newsletter" (id=nxsNewsletterRefreshLoop) ...
[2026-02-18T16:57:47] - [info] => 
    calling job method refreshNewsletterLoop ...
[2026-02-18T17:15:14] - [info] => 
    Running job  "Actualisation des statuts des newsletter" (id=nxsNewsletterRefreshLoop) ...
[2026-02-18T17:15:14] - [info] => 
    calling job method refreshNewsletterLoop ...
[2026-02-18T17:33:08] - [info] => 
    Running job  "Actualisation des statuts des newsletter" (id=nxsNewsletterRefreshLoop) ...
[2026-02-18T17:33:08] - [info] => 
    calling job method refreshNewsletterLoop ...
[2026-02-18T18:38:11] - [info] => 
    Running job  "Actualisation des statuts des newsletter" (id=nxsNewsletterRefreshLoop) ...
[2026-02-18T18:38:11] - [info] => 
    calling job method refreshNewsletterLoop ...
[2026-02-18T18:56:11] - [info] => 
    Running job  "Actualisation des statuts des newsletter" (id=nxsNewsletterRefreshLoop) ...
[2026-02-18T18:56:11] - [info] => 
    calling job method refreshNewsletterLoop ...
[2026-02-18T19:46:27] - [info] => 
    Running job  "Actualisation des statuts des newsletter" (id=nxsNewsletterRefreshLoop) ...
[2026-02-18T19:46:27] - [info] => 
    calling job method refreshNewsletterLoop ...
[2026-02-18T20:19:38] - [info] => 
    Running job  "Actualisation des statuts des newsletter" (id=nxsNewsletterRefreshLoop) ...
[2026-02-18T20:19:38] - [info] => 
    calling job method refreshNewsletterLoop ...
[2026-02-18T20:57:16] - [info] => 
    Running job  "Actualisation des statuts des newsletter" (id=nxsNewsletterRefreshLoop) ...
[2026-02-18T20:57:16] - [info] => 
    calling job method refreshNewsletterLoop ...
[2026-02-18T21:58:12] - [info] => 
    Running job  "Actualisation des statuts des newsletter" (id=nxsNewsletterRefreshLoop) ...
[2026-02-18T21:58:12] - [info] => 
    calling job method refreshNewsletterLoop ...
[2026-02-18T22:50:41] - [info] => 
    Running job  "Actualisation des statuts des newsletter" (id=nxsNewsletterRefreshLoop) ...
[2026-02-18T22:50:41] - [info] => 
    calling job method refreshNewsletterLoop ...
[2026-02-18T23:49:20] - [info] => 
    Running job  "Actualisation des statuts des newsletter" (id=nxsNewsletterRefreshLoop) ...
[2026-02-18T23:49:20] - [info] => 
    calling job method refreshNewsletterLoop ...